<Event xmlns='http://schemas.microsoft.com/win/2004/08/events/event'><System><Provider Name='Microsoft-Windows-Security-Auditing' Guid='{54849625-5478-4994-a5ba-3e3b0328c30d}'/><EventID>4648</EventID><Version>0</Version><Level>0</Level><Task>12544</Task><Opcode>0</Opcode><Keywords>0x8020000000000000</Keywords><TimeCreated SystemTime='2023-01-15T06:43:18.909Z'/><EventRecordID>176032163</EventRecordID><Correlation/><Execution ProcessID='740' ThreadID='864'/><Channel>Security</Channel><Computer>CA-AS-DC1.centralazeri.org</Computer><Security/></System><EventData><Data Name='SubjectUserSid'>S-1-5-18</Data><Data Name='SubjectUserName'>CA-AS-DC1$</Data><Data Name='SubjectDomainName'>CENTRALAZERI</Data><Data Name='SubjectLogonId'>0x3e7</Data><Data Name='LogonGuid'>{00000000-0000-0000-0000-000000000000}</Data><Data Name='TargetUserName'>CA-AS-DC1$</Data><Data Name='TargetDomainName'>CENTRALAZERI.ORG</Data><Data Name='LogonGuid'>{9D753D03-D0B1-4B66-1497-F40A4F8B6D99}</Data><Data Name='TargetServerName'>ca-as-dc1$</Data><Data Name='TargetInfo'>ca-as-dc1$</Data><Data Name='ProcessId'>0x7a8</Data><Data Name='ProcessName'>C:\Windows\System32\taskeng.exe</Data><Data Name='IpAddress'>-</Data><Data Name='IpPort'>-</Data></EventData></Event>
<Event xmlns='http://schemas.microsoft.com/win/2004/08/events/event'><System><Provider Name='Microsoft-Windows-Security-Auditing' Guid='{54849625-5478-4994-a5ba-3e3b0328c30d}'/><EventID>4648</EventID><Version>0</Version><Level>0</Level><Task>12544</Task><Opcode>0</Opcode><Keywords>0x8020000000000000</Keywords><TimeCreated SystemTime='2023-01-15T06:43:18.956Z'/><EventRecordID>176032172</EventRecordID><Correlation/><Execution ProcessID='740' ThreadID='5340'/><Channel>Security</Channel><Computer>CA-AS-DC1.centralazeri.org</Computer><Security/></System><EventData><Data Name='SubjectUserSid'>S-1-5-18</Data><Data Name='SubjectUserName'>CA-AS-DC1$</Data><Data Name='SubjectDomainName'>CENTRALAZERI</Data><Data Name='SubjectLogonId'>0x3e7</Data><Data Name='LogonGuid'>{00000000-0000-0000-0000-000000000000}</Data><Data Name='TargetUserName'>CA-AS-DC1$</Data><Data Name='TargetDomainName'>CENTRALAZERI.ORG</Data><Data Name='LogonGuid'>{9D753D03-D0B1-4B66-1497-F40A4F8B6D99}</Data><Data Name='TargetServerName'>ca-as-dc1$</Data><Data Name='TargetInfo'>ca-as-dc1$</Data><Data Name='ProcessId'>0x7a8</Data><Data Name='ProcessName'>C:\Windows\System32\taskeng.exe</Data><Data Name='IpAddress'>-</Data><Data Name='IpPort'>-</Data></EventData></Event>
<Event xmlns='http://schemas.microsoft.com/win/2004/08/events/event'><System><Provider Name='Microsoft-Windows-Security-Auditing' Guid='{54849625-5478-4994-a5ba-3e3b0328c30d}'/><EventID>4648</EventID><Version>0</Version><Level>0</Level><Task>12544</Task><Opcode>0</Opcode><Keywords>0x8020000000000000</Keywords><TimeCreated SystemTime='2023-01-15T09:27:31.327Z'/><EventRecordID>176033748</EventRecordID><Correlation/><Execution ProcessID='740' ThreadID='8128'/><Channel>Security</Channel><Computer>CA-AS-DC1.centralazeri.org</Computer><Security/></System><EventData><Data Name='SubjectUserSid'>S-1-5-18</Data><Data Name='SubjectUserName'>CA-AS-DC1$</Data><Data Name='SubjectDomainName'>CENTRALAZERI</Data><Data Name='SubjectLogonId'>0x3e7</Data><Data Name='LogonGuid'>{00000000-0000-0000-0000-000000000000}</Data><Data Name='TargetUserName'>SYSTEM</Data><Data Name='TargetDomainName'>NT AUTHORITY</Data><Data Name='LogonGuid'>{00000000-0000-0000-0000-000000000000}</Data><Data Name='TargetServerName'>localhost</Data><Data Name='TargetInfo'>localhost</Data><Data Name='ProcessId'>0x2d8</Data><Data Name='ProcessName'>C:\Windows\System32\services.exe</Data><Data Name='IpAddress'>-</Data><Data Name='IpPort'>-</Data></EventData></Event>
<Event xmlns='http://schemas.microsoft.com/win/2004/08/events/event'><System><Provider Name='Microsoft-Windows-Security-Auditing' Guid='{54849625-5478-4994-a5ba-3e3b0328c30d}'/><EventID>4648</EventID><Version>0</Version><Level>0</Level><Task>12544</Task><Opcode>0</Opcode><Keywords>0x8020000000000000</Keywords><TimeCreated SystemTime='2023-01-15T11:24:10.868Z'/><EventRecordID>176034927</EventRecordID><Correlation/><Execution ProcessID='740' ThreadID='9572'/><Channel>Security</Channel><Computer>CA-AS-DC1.centralazeri.org</Computer><Security/></System><EventData><Data Name='SubjectUserSid'>S-1-5-18</Data><Data Name='SubjectUserName'>CA-AS-DC1$</Data><Data Name='SubjectDomainName'>CENTRALAZERI</Data><Data Name='SubjectLogonId'>0x3e7</Data><Data Name='LogonGuid'>{00000000-0000-0000-0000-000000000000}</Data><Data Name='TargetUserName'>alimy</Data><Data Name='TargetDomainName'>CENTRALAZERI</Data><Data Name='LogonGuid'>{A621404D-8311-5FDD-15D2-C12508865659}</Data><Data Name='TargetServerName'>localhost</Data><Data Name='TargetInfo'>localhost</Data><Data Name='ProcessId'>0x16c78</Data><Data Name='ProcessName'>C:\Windows\System32\winlogon.exe</Data><Data Name='IpAddress'>172.16.80.91</Data><Data Name='IpPort'>50451</Data></EventData></Event>
<Event xmlns='http://schemas.microsoft.com/win/2004/08/events/event'><System><Provider Name='Microsoft-Windows-Security-Auditing' Guid='{54849625-5478-4994-a5ba-3e3b0328c30d}'/><EventID>4648</EventID><Version>0</Version><Level>0</Level><Task>12544</Task><Opcode>0</Opcode><Keywords>0x8020000000000000</Keywords><TimeCreated SystemTime='2023-01-15T12:59:37.532Z'/><EventRecordID>176036024</EventRecordID><Correlation/><Execution ProcessID='740' ThreadID='8128'/><Channel>Security</Channel><Computer>CA-AS-DC1.centralazeri.org</Computer><Security/></System><EventData><Data Name='SubjectUserSid'>S-1-5-18</Data><Data Name='SubjectUserName'>CA-AS-DC1$</Data><Data Name='SubjectDomainName'>CENTRALAZERI</Data><Data Name='SubjectLogonId'>0x3e7</Data><Data Name='LogonGuid'>{00000000-0000-0000-0000-000000000000}</Data><Data Name='TargetUserName'>SYSTEM</Data><Data Name='TargetDomainName'>NT AUTHORITY</Data><Data Name='LogonGuid'>{00000000-0000-0000-0000-000000000000}</Data><Data Name='TargetServerName'>localhost</Data><Data Name='TargetInfo'>localhost</Data><Data Name='ProcessId'>0x2d8</Data><Data Name='ProcessName'>C:\Windows\System32\services.exe</Data><Data Name='IpAddress'>-</Data><Data Name='IpPort'>-</Data></EventData></Event>
<Event xmlns='http://schemas.microsoft.com/win/2004/08/events/event'><System><Provider Name='Microsoft-Windows-Security-Auditing' Guid='{54849625-5478-4994-a5ba-3e3b0328c30d}'/><EventID>4648</EventID><Version>0</Version><Level>0</Level><Task>12544</Task><Opcode>0</Opcode><Keywords>0x8020000000000000</Keywords><TimeCreated SystemTime='2023-01-15T14:43:19.058Z'/><EventRecordID>176037180</EventRecordID><Correlation/><Execution ProcessID='740' ThreadID='8128'/><Channel>Security</Channel><Computer>CA-AS-DC1.centralazeri.org</Computer><Security/></System><EventData><Data Name='SubjectUserSid'>S-1-5-18</Data><Data Name='SubjectUserName'>CA-AS-DC1$</Data><Data Name='SubjectDomainName'>CENTRALAZERI</Data><Data Name='SubjectLogonId'>0x3e7</Data><Data Name='LogonGuid'>{00000000-0000-0000-0000-000000000000}</Data><Data Name='TargetUserName'>CA-AS-DC1$</Data><Data Name='TargetDomainName'>CENTRALAZERI.ORG</Data><Data Name='LogonGuid'>{0221F14C-6255-A32B-833A-E94AF9512CBD}</Data><Data Name='TargetServerName'>ca-as-dc1$</Data><Data Name='TargetInfo'>ca-as-dc1$</Data><Data Name='ProcessId'>0x7a8</Data><Data Name='ProcessName'>C:\Windows\System32\taskeng.exe</Data><Data Name='IpAddress'>-</Data><Data Name='IpPort'>-</Data></EventData></Event>
<Event xmlns='http://schemas.microsoft.com/win/2004/08/events/event'><System><Provider Name='Microsoft-Windows-Security-Auditing' Guid='{54849625-5478-4994-a5ba-3e3b0328c30d}'/><EventID>4648</EventID><Version>0</Version><Level>0</Level><Task>12544</Task><Opcode>0</Opcode><Keywords>0x8020000000000000</Keywords><TimeCreated SystemTime='2023-01-15T14:43:19.105Z'/><EventRecordID>176037186</EventRecordID><Correlation/><Execution ProcessID='740' ThreadID='2640'/><Channel>Security</Channel><Computer>CA-AS-DC1.centralazeri.org</Computer><Security/></System><EventData><Data Name='SubjectUserSid'>S-1-5-18</Data><Data Name='SubjectUserName'>CA-AS-DC1$</Data><Data Name='SubjectDomainName'>CENTRALAZERI</Data><Data Name='SubjectLogonId'>0x3e7</Data><Data Name='LogonGuid'>{00000000-0000-0000-0000-000000000000}</Data><Data Name='TargetUserName'>CA-AS-DC1$</Data><Data Name='TargetDomainName'>CENTRALAZERI.ORG</Data><Data Name='LogonGuid'>{0221F14C-6255-A32B-833A-E94AF9512CBD}</Data><Data Name='TargetServerName'>ca-as-dc1$</Data><Data Name='TargetInfo'>ca-as-dc1$</Data><Data Name='ProcessId'>0x7a8</Data><Data Name='ProcessName'>C:\Windows\System32\taskeng.exe</Data><Data Name='IpAddress'>-</Data><Data Name='IpPort'>-</Data></EventData></Event>
<Event xmlns='http://schemas.microsoft.com/win/2004/08/events/event'><System><Provider Name='Microsoft-Windows-Security-Auditing' Guid='{54849625-5478-4994-a5ba-3e3b0328c30d}'/><EventID>4648</EventID><Version>0</Version><Level>0</Level><Task>12544</Task><Opcode>0</Opcode><Keywords>0x8020000000000000</Keywords><TimeCreated SystemTime='2023-01-15T14:43:19.152Z'/><EventRecordID>176037194</EventRecordID><Correlation/><Execution ProcessID='740' ThreadID='864'/><Channel>Security</Channel><Computer>CA-AS-DC1.centralazeri.org</Computer><Security/></System><EventData><Data Name='SubjectUserSid'>S-1-5-18</Data><Data Name='SubjectUserName'>CA-AS-DC1$</Data><Data Name='SubjectDomainName'>CENTRALAZERI</Data><Data Name='SubjectLogonId'>0x3e7</Data><Data Name='LogonGuid'>{00000000-0000-0000-0000-000000000000}</Data><Data Name='TargetUserName'>CA-AS-DC1$</Data><Data Name='TargetDomainName'>CENTRALAZERI.ORG</Data><Data Name='LogonGuid'>{0221F14C-6255-A32B-833A-E94AF9512CBD}</Data><Data Name='TargetServerName'>ca-as-dc1$</Data><Data Name='TargetInfo'>ca-as-dc1$</Data><Data Name='ProcessId'>0x7a8</Data><Data Name='ProcessName'>C:\Windows\System32\taskeng.exe</Data><Data Name='IpAddress'>-</Data><Data Name='IpPort'>-</Data></EventData></Event>
<Event xmlns='http://schemas.microsoft.com/win/2004/08/events/event'><System><Provider Name='Microsoft-Windows-Security-Auditing' Guid='{54849625-5478-4994-a5ba-3e3b0328c30d}'/><EventID>4648</EventID><Version>0</Version><Level>0</Level><Task>12544</Task><Opcode>0</Opcode><Keywords>0x8020000000000000</Keywords><TimeCreated SystemTime='2023-01-15T14:43:19.198Z'/><EventRecordID>176037201</EventRecordID><Correlation/><Execution ProcessID='740' ThreadID='1192'/><Channel>Security</Channel><Computer>CA-AS-DC1.centralazeri.org</Computer><Security/></System><EventData><Data Name='SubjectUserSid'>S-1-5-18</Data><Data Name='SubjectUserName'>CA-AS-DC1$</Data><Data Name='SubjectDomainName'>CENTRALAZERI</Data><Data Name='SubjectLogonId'>0x3e7</Data><Data Name='LogonGuid'>{00000000-0000-0000-0000-000000000000}</Data><Data Name='TargetUserName'>CA-AS-DC1$</Data><Data Name='TargetDomainName'>CENTRALAZERI.ORG</Data><Data Name='LogonGuid'>{0221F14C-6255-A32B-833A-E94AF9512CBD}</Data><Data Name='TargetServerName'>ca-as-dc1$</Data><Data Name='TargetInfo'>ca-as-dc1$</Data><Data Name='ProcessId'>0x7a8</Data><Data Name='ProcessName'>C:\Windows\System32\taskeng.exe</Data><Data Name='IpAddress'>-</Data><Data Name='IpPort'>-</Data></EventData></Event>
<Event xmlns='http://schemas.microsoft.com/win/2004/08/events/event'><System><Provider Name='Microsoft-Windows-Security-Auditing' Guid='{54849625-5478-4994-a5ba-3e3b0328c30d}'/><EventID>4648</EventID><Version>0</Version><Level>0</Level><Task>12544</Task><Opcode>0</Opcode><Keywords>0x8020000000000000</Keywords><TimeCreated SystemTime='2023-01-15T16:32:06.752Z'/><EventRecordID>176038275</EventRecordID><Correlation/><Execution ProcessID='740' ThreadID='9572'/><Channel>Security</Channel><Computer>CA-AS-DC1.centralazeri.org</Computer><Security/></System><EventData><Data Name='SubjectUserSid'>S-1-5-18</Data><Data Name='SubjectUserName'>CA-AS-DC1$</Data><Data Name='SubjectDomainName'>CENTRALAZERI</Data><Data Name='SubjectLogonId'>0x3e7</Data><Data Name='LogonGuid'>{00000000-0000-0000-0000-000000000000}</Data><Data Name='TargetUserName'>SYSTEM</Data><Data Name='TargetDomainName'>NT AUTHORITY</Data><Data Name='LogonGuid'>{00000000-0000-0000-0000-000000000000}</Data><Data Name='TargetServerName'>localhost</Data><Data Name='TargetInfo'>localhost</Data><Data Name='ProcessId'>0x2d8</Data><Data Name='ProcessName'>C:\Windows\System32\services.exe</Data><Data Name='IpAddress'>-</Data><Data Name='IpPort'>-</Data></EventData></Event>
<Event xmlns='http://schemas.microsoft.com/win/2004/08/events/event'><System><Provider Name='Microsoft-Windows-Security-Auditing' Guid='{54849625-5478-4994-a5ba-3e3b0328c30d}'/><EventID>4648</EventID><Version>0</Version><Level>0</Level><Task>12544</Task><Opcode>0</Opcode><Keywords>0x8020000000000000</Keywords><TimeCreated SystemTime='2023-01-15T20:10:59.946Z'/><EventRecordID>176040722</EventRecordID><Correlation/><Execution ProcessID='740' ThreadID='2640'/><Channel>Security</Channel><Computer>CA-AS-DC1.centralazeri.org</Computer><Security/></System><EventData><Data Name='SubjectUserSid'>S-1-5-18</Data><Data Name='SubjectUserName'>CA-AS-DC1$</Data><Data Name='SubjectDomainName'>CENTRALAZERI</Data><Data Name='SubjectLogonId'>0x3e7</Data><Data Name='LogonGuid'>{00000000-0000-0000-0000-000000000000}</Data><Data Name='TargetUserName'>SYSTEM</Data><Data Name='TargetDomainName'>NT AUTHORITY</Data><Data Name='LogonGuid'>{00000000-0000-0000-0000-000000000000}</Data><Data Name='TargetServerName'>localhost</Data><Data Name='TargetInfo'>localhost</Data><Data Name='ProcessId'>0x2d8</Data><Data Name='ProcessName'>C:\Windows\System32\services.exe</Data><Data Name='IpAddress'>-</Data><Data Name='IpPort'>-</Data></EventData></Event>
<Event xmlns='http://schemas.microsoft.com/win/2004/08/events/event'><System><Provider Name='Microsoft-Windows-Security-Auditing' Guid='{54849625-5478-4994-a5ba-3e3b0328c30d}'/><EventID>4648</EventID><Version>0</Version><Level>0</Level><Task>12544</Task><Opcode>0</Opcode><Keywords>0x8020000000000000</Keywords><TimeCreated SystemTime='2023-01-15T22:43:19.649Z'/><EventRecordID>176042576</EventRecordID><Correlation/><Execution ProcessID='740' ThreadID='2640'/><Channel>Security</Channel><Computer>CA-AS-DC1.centralazeri.org</Computer><Security/></System><EventData><Data Name='SubjectUserSid'>S-1-5-18</Data><Data Name='SubjectUserName'>CA-AS-DC1$</Data><Data Name='SubjectDomainName'>CENTRALAZERI</Data><Data Name='SubjectLogonId'>0x3e7</Data><Data Name='LogonGuid'>{00000000-0000-0000-0000-000000000000}</Data><Data Name='TargetUserName'>CA-AS-DC1$</Data><Data Name='TargetDomainName'>CENTRALAZERI.ORG</Data><Data Name='LogonGuid'>{81BA6725-E19E-609A-94AD-BCBB8F9E417E}</Data><Data Name='TargetServerName'>ca-as-dc1$</Data><Data Name='TargetInfo'>ca-as-dc1$</Data><Data Name='ProcessId'>0x7a8</Data><Data Name='ProcessName'>C:\Windows\System32\taskeng.exe</Data><Data Name='IpAddress'>-</Data><Data Name='IpPort'>-</Data></EventData></Event>
<Event xmlns='http://schemas.microsoft.com/win/2004/08/events/event'><System><Provider Name='Microsoft-Windows-Security-Auditing' Guid='{54849625-5478-4994-a5ba-3e3b0328c30d}'/><EventID>4648</EventID><Version>0</Version><Level>0</Level><Task>12544</Task><Opcode>0</Opcode><Keywords>0x8020000000000000</Keywords><TimeCreated SystemTime='2023-01-15T22:43:19.712Z'/><EventRecordID>176042584</EventRecordID><Correlation/><Execution ProcessID='740' ThreadID='9572'/><Channel>Security</Channel><Computer>CA-AS-DC1.centralazeri.org</Computer><Security/></System><EventData><Data Name='SubjectUserSid'>S-1-5-18</Data><Data Name='SubjectUserName'>CA-AS-DC1$</Data><Data Name='SubjectDomainName'>CENTRALAZERI</Data><Data Name='SubjectLogonId'>0x3e7</Data><Data Name='LogonGuid'>{00000000-0000-0000-0000-000000000000}</Data><Data Name='TargetUserName'>CA-AS-DC1$</Data><Data Name='TargetDomainName'>CENTRALAZERI.ORG</Data><Data Name='LogonGuid'>{81BA6725-E19E-609A-94AD-BCBB8F9E417E}</Data><Data Name='TargetServerName'>ca-as-dc1$</Data><Data Name='TargetInfo'>ca-as-dc1$</Data><Data Name='ProcessId'>0x7a8</Data><Data Name='ProcessName'>C:\Windows\System32\taskeng.exe</Data><Data Name='IpAddress'>-</Data><Data Name='IpPort'>-</Data></EventData></Event>
<Event xmlns='http://schemas.microsoft.com/win/2004/08/events/event'><System><Provider Name='Microsoft-Windows-Security-Auditing' Guid='{54849625-5478-4994-a5ba-3e3b0328c30d}'/><EventID>4648</EventID><Version>0</Version><Level>0</Level><Task>12544</Task><Opcode>0</Opcode><Keywords>0x8020000000000000</Keywords><TimeCreated SystemTime='2023-01-15T22:43:19.758Z'/><EventRecordID>176042591</EventRecordID><Correlation/><Execution ProcessID='740' ThreadID='8128'/><Channel>Security</Channel><Computer>CA-AS-DC1.centralazeri.org</Computer><Security/></System><EventData><Data Name='SubjectUserSid'>S-1-5-18</Data><Data Name='SubjectUserName'>CA-AS-DC1$</Data><Data Name='SubjectDomainName'>CENTRALAZERI</Data><Data Name='SubjectLogonId'>0x3e7</Data><Data Name='LogonGuid'>{00000000-0000-0000-0000-000000000000}</Data><Data Name='TargetUserName'>CA-AS-DC1$</Data><Data Name='TargetDomainName'>CENTRALAZERI.ORG</Data><Data Name='LogonGuid'>{81BA6725-E19E-609A-94AD-BCBB8F9E417E}</Data><Data Name='TargetServerName'>ca-as-dc1$</Data><Data Name='TargetInfo'>ca-as-dc1$</Data><Data Name='ProcessId'>0x7a8</Data><Data Name='ProcessName'>C:\Windows\System32\taskeng.exe</Data><Data Name='IpAddress'>-</Data><Data Name='IpPort'>-</Data></EventData></Event>
<Event xmlns='http://schemas.microsoft.com/win/2004/08/events/event'><System><Provider Name='Microsoft-Windows-Security-Auditing' Guid='{54849625-5478-4994-a5ba-3e3b0328c30d}'/><EventID>4648</EventID><Version>0</Version><Level>0</Level><Task>12544</Task><Opcode>0</Opcode><Keywords>0x8020000000000000</Keywords><TimeCreated SystemTime='2023-01-15T22:43:19.805Z'/><EventRecordID>176042599</EventRecordID><Correlation/><Execution ProcessID='740' ThreadID='864'/><Channel>Security</Channel><Computer>CA-AS-DC1.centralazeri.org</Computer><Security/></System><EventData><Data Name='SubjectUserSid'>S-1-5-18</Data><Data Name='SubjectUserName'>CA-AS-DC1$</Data><Data Name='SubjectDomainName'>CENTRALAZERI</Data><Data Name='SubjectLogonId'>0x3e7</Data><Data Name='LogonGuid'>{00000000-0000-0000-0000-000000000000}</Data><Data Name='TargetUserName'>CA-AS-DC1$</Data><Data Name='TargetDomainName'>CENTRALAZERI.ORG</Data><Data Name='LogonGuid'>{81BA6725-E19E-609A-94AD-BCBB8F9E417E}</Data><Data Name='TargetServerName'>ca-as-dc1$</Data><Data Name='TargetInfo'>ca-as-dc1$</Data><Data Name='ProcessId'>0x7a8</Data><Data Name='ProcessName'>C:\Windows\System32\taskeng.exe</Data><Data Name='IpAddress'>-</Data><Data Name='IpPort'>-</Data></EventData></Event>
<Event xmlns='http://schemas.microsoft.com/win/2004/08/events/event'><System><Provider Name='Microsoft-Windows-Security-Auditing' Guid='{54849625-5478-4994-a5ba-3e3b0328c30d}'/><EventID>4648</EventID><Version>0</Version><Level>0</Level><Task>12544</Task><Opcode>0</Opcode><Keywords>0x8020000000000000</Keywords><TimeCreated SystemTime='2023-01-16T00:05:51.452Z'/><EventRecordID>176043462</EventRecordID><Correlation/><Execution ProcessID='740' ThreadID='9572'/><Channel>Security</Channel><Computer>CA-AS-DC1.centralazeri.org</Computer><Security/></System><EventData><Data Name='SubjectUserSid'>S-1-5-18</Data><Data Name='SubjectUserName'>CA-AS-DC1$</Data><Data Name='SubjectDomainName'>CENTRALAZERI</Data><Data Name='SubjectLogonId'>0x3e7</Data><Data Name='LogonGuid'>{00000000-0000-0000-0000-000000000000}</Data><Data Name='TargetUserName'>SYSTEM</Data><Data Name='TargetDomainName'>NT AUTHORITY</Data><Data Name='LogonGuid'>{00000000-0000-0000-0000-000000000000}</Data><Data Name='TargetServerName'>localhost</Data><Data Name='TargetInfo'>localhost</Data><Data Name='ProcessId'>0x2d8</Data><Data Name='ProcessName'>C:\Windows\System32\services.exe</Data><Data Name='IpAddress'>-</Data><Data Name='IpPort'>-</Data></EventData></Event>
<Event xmlns='http://schemas.microsoft.com/win/2004/08/events/event'><System><Provider Name='Microsoft-Windows-Security-Auditing' Guid='{54849625-5478-4994-a5ba-3e3b0328c30d}'/><EventID>4648</EventID><Version>0</Version><Level>0</Level><Task>12544</Task><Opcode>0</Opcode><Keywords>0x8020000000000000</Keywords><TimeCreated SystemTime='2023-01-16T03:28:24.779Z'/><EventRecordID>176045946</EventRecordID><Correlation/><Execution ProcessID='740' ThreadID='864'/><Channel>Security</Channel><Computer>CA-AS-DC1.centralazeri.org</Computer><Security/></System><EventData><Data Name='SubjectUserSid'>S-1-5-18</Data><Data Name='SubjectUserName'>CA-AS-DC1$</Data><Data Name='SubjectDomainName'>CENTRALAZERI</Data><Data Name='SubjectLogonId'>0x3e7</Data><Data Name='LogonGuid'>{00000000-0000-0000-0000-000000000000}</Data><Data Name='TargetUserName'>SYSTEM</Data><Data Name='TargetDomainName'>NT AUTHORITY</Data><Data Name='LogonGuid'>{00000000-0000-0000-0000-000000000000}</Data><Data Name='TargetServerName'>localhost</Data><Data Name='TargetInfo'>localhost</Data><Data Name='ProcessId'>0x2d8</Data><Data Name='ProcessName'>C:\Windows\System32\services.exe</Data><Data Name='IpAddress'>-</Data><Data Name='IpPort'>-</Data></EventData></Event>
<Event xmlns='http://schemas.microsoft.com/win/2004/08/events/event'><System><Provider Name='Microsoft-Windows-Security-Auditing' Guid='{54849625-5478-4994-a5ba-3e3b0328c30d}'/><EventID>4648</EventID><Version>0</Version><Level>0</Level><Task>12544</Task><Opcode>0</Opcode><Keywords>0x8020000000000000</Keywords><TimeCreated SystemTime='2023-01-16T06:43:20.275Z'/><EventRecordID>176048430</EventRecordID><Correlation/><Execution ProcessID='740' ThreadID='864'/><Channel>Security</Channel><Computer>CA-AS-DC1.centralazeri.org</Computer><Security/></System><EventData><Data Name='SubjectUserSid'>S-1-5-18</Data><Data Name='SubjectUserName'>CA-AS-DC1$</Data><Data Name='SubjectDomainName'>CENTRALAZERI</Data><Data Name='SubjectLogonId'>0x3e7</Data><Data Name='LogonGuid'>{00000000-0000-0000-0000-000000000000}</Data><Data Name='TargetUserName'>CA-AS-DC1$</Data><Data Name='TargetDomainName'>CENTRALAZERI.ORG</Data><Data Name='LogonGuid'>{1F6EC951-CB84-8EC4-942E-22563E76B41C}</Data><Data Name='TargetServerName'>ca-as-dc1$</Data><Data Name='TargetInfo'>ca-as-dc1$</Data><Data Name='ProcessId'>0x7a8</Data><Data Name='ProcessName'>C:\Windows\System32\taskeng.exe</Data><Data Name='IpAddress'>-</Data><Data Name='IpPort'>-</Data></EventData></Event>
<Event xmlns='http://schemas.microsoft.com/win/2004/08/events/event'><System><Provider Name='Microsoft-Windows-Security-Auditing' Guid='{54849625-5478-4994-a5ba-3e3b0328c30d}'/><EventID>4648</EventID><Version>0</Version><Level>0</Level><Task>12544</Task><Opcode>0</Opcode><Keywords>0x8020000000000000</Keywords><TimeCreated SystemTime='2023-01-16T06:43:20.322Z'/><EventRecordID>176048437</EventRecordID><Correlation/><Execution ProcessID='740' ThreadID='1192'/><Channel>Security</Channel><Computer>CA-AS-DC1.centralazeri.org</Computer><Security/></System><EventData><Data Name='SubjectUserSid'>S-1-5-18</Data><Data Name='SubjectUserName'>CA-AS-DC1$</Data><Data Name='SubjectDomainName'>CENTRALAZERI</Data><Data Name='SubjectLogonId'>0x3e7</Data><Data Name='LogonGuid'>{00000000-0000-0000-0000-000000000000}</Data><Data Name='TargetUserName'>CA-AS-DC1$</Data><Data Name='TargetDomainName'>CENTRALAZERI.ORG</Data><Data Name='LogonGuid'>{1F6EC951-CB84-8EC4-942E-22563E76B41C}</Data><Data Name='TargetServerName'>ca-as-dc1$</Data><Data Name='TargetInfo'>ca-as-dc1$</Data><Data Name='ProcessId'>0x7a8</Data><Data Name='ProcessName'>C:\Windows\System32\taskeng.exe</Data><Data Name='IpAddress'>-</Data><Data Name='IpPort'>-</Data></EventData></Event>
<Event xmlns='http://schemas.microsoft.com/win/2004/08/events/event'><System><Provider Name='Microsoft-Windows-Security-Auditing' Guid='{54849625-5478-4994-a5ba-3e3b0328c30d}'/><EventID>4648</EventID><Version>0</Version><Level>0</Level><Task>12544</Task><Opcode>0</Opcode><Keywords>0x8020000000000000</Keywords><TimeCreated SystemTime='2023-01-16T06:43:20.369Z'/><EventRecordID>176048443</EventRecordID><Correlation/><Execution ProcessID='740' ThreadID='9572'/><Channel>Security</Channel><Computer>CA-AS-DC1.centralazeri.org</Computer><Security/></System><EventData><Data Name='SubjectUserSid'>S-1-5-18</Data><Data Name='SubjectUserName'>CA-AS-DC1$</Data><Data Name='SubjectDomainName'>CENTRALAZERI</Data><Data Name='SubjectLogonId'>0x3e7</Data><Data Name='LogonGuid'>{00000000-0000-0000-0000-000000000000}</Data><Data Name='TargetUserName'>CA-AS-DC1$</Data><Data Name='TargetDomainName'>CENTRALAZERI.ORG</Data><Data Name='LogonGuid'>{1F6EC951-CB84-8EC4-942E-22563E76B41C}</Data><Data Name='TargetServerName'>ca-as-dc1$</Data><Data Name='TargetInfo'>ca-as-dc1$</Data><Data Name='ProcessId'>0x7a8</Data><Data Name='ProcessName'>C:\Windows\System32\taskeng.exe</Data><Data Name='IpAddress'>-</Data><Data Name='IpPort'>-</Data></EventData></Event>
<Event xmlns='http://schemas.microsoft.com/win/2004/08/events/event'><System><Provider Name='Microsoft-Windows-Security-Auditing' Guid='{54849625-5478-4994-a5ba-3e3b0328c30d}'/><EventID>4648</EventID><Version>0</Version><Level>0</Level><Task>12544</Task><Opcode>0</Opcode><Keywords>0x8020000000000000</Keywords><TimeCreated SystemTime='2023-01-16T06:43:20.431Z'/><EventRecordID>176048452</EventRecordID><Correlation/><Execution ProcessID='740' ThreadID='2640'/><Channel>Security</Channel><Computer>CA-AS-DC1.centralazeri.org</Computer><Security/></System><EventData><Data Name='SubjectUserSid'>S-1-5-18</Data><Data Name='SubjectUserName'>CA-AS-DC1$</Data><Data Name='SubjectDomainName'>CENTRALAZERI</Data><Data Name='SubjectLogonId'>0x3e7</Data><Data Name='LogonGuid'>{00000000-0000-0000-0000-000000000000}</Data><Data Name='TargetUserName'>CA-AS-DC1$</Data><Data Name='TargetDomainName'>CENTRALAZERI.ORG</Data><Data Name='LogonGuid'>{1F6EC951-CB84-8EC4-942E-22563E76B41C}</Data><Data Name='TargetServerName'>ca-as-dc1$</Data><Data Name='TargetInfo'>ca-as-dc1$</Data><Data Name='ProcessId'>0x7a8</Data><Data Name='ProcessName'>C:\Windows\System32\taskeng.exe</Data><Data Name='IpAddress'>-</Data><Data Name='IpPort'>-</Data></EventData></Event>
<Event xmlns='http://schemas.microsoft.com/win/2004/08/events/event'><System><Provider Name='Microsoft-Windows-Security-Auditing' Guid='{54849625-5478-4994-a5ba-3e3b0328c30d}'/><EventID>4648</EventID><Version>0</Version><Level>0</Level><Task>12544</Task><Opcode>0</Opcode><Keywords>0x8020000000000000</Keywords><TimeCreated SystemTime='2023-01-16T06:46:56.605Z'/><EventRecordID>176048543</EventRecordID><Correlation/><Execution ProcessID='740' ThreadID='1192'/><Channel>Security</Channel><Computer>CA-AS-DC1.centralazeri.org</Computer><Security/></System><EventData><Data Name='SubjectUserSid'>S-1-5-18</Data><Data Name='SubjectUserName'>CA-AS-DC1$</Data><Data Name='SubjectDomainName'>CENTRALAZERI</Data><Data Name='SubjectLogonId'>0x3e7</Data><Data Name='LogonGuid'>{00000000-0000-0000-0000-000000000000}</Data><Data Name='TargetUserName'>SYSTEM</Data><Data Name='TargetDomainName'>NT AUTHORITY</Data><Data Name='LogonGuid'>{00000000-0000-0000-0000-000000000000}</Data><Data Name='TargetServerName'>localhost</Data><Data Name='TargetInfo'>localhost</Data><Data Name='ProcessId'>0x2d8</Data><Data Name='ProcessName'>C:\Windows\System32\services.exe</Data><Data Name='IpAddress'>-</Data><Data Name='IpPort'>-</Data></EventData></Event>
<Event xmlns='http://schemas.microsoft.com/win/2004/08/events/event'><System><Provider Name='Microsoft-Windows-Security-Auditing' Guid='{54849625-5478-4994-a5ba-3e3b0328c30d}'/><EventID>4648</EventID><Version>0</Version><Level>0</Level><Task>12544</Task><Opcode>0</Opcode><Keywords>0x8020000000000000</Keywords><TimeCreated SystemTime='2023-01-16T10:02:09.137Z'/><EventRecordID>176050990</EventRecordID><Correlation/><Execution ProcessID='740' ThreadID='2640'/><Channel>Security</Channel><Computer>CA-AS-DC1.centralazeri.org</Computer><Security/></System><EventData><Data Name='SubjectUserSid'>S-1-5-18</Data><Data Name='SubjectUserName'>CA-AS-DC1$</Data><Data Name='SubjectDomainName'>CENTRALAZERI</Data><Data Name='SubjectLogonId'>0x3e7</Data><Data Name='LogonGuid'>{00000000-0000-0000-0000-000000000000}</Data><Data Name='TargetUserName'>SYSTEM</Data><Data Name='TargetDomainName'>NT AUTHORITY</Data><Data Name='LogonGuid'>{00000000-0000-0000-0000-000000000000}</Data><Data Name='TargetServerName'>localhost</Data><Data Name='TargetInfo'>localhost</Data><Data Name='ProcessId'>0x2d8</Data><Data Name='ProcessName'>C:\Windows\System32\services.exe</Data><Data Name='IpAddress'>-</Data><Data Name='IpPort'>-</Data></EventData></Event>
<Event xmlns='http://schemas.microsoft.com/win/2004/08/events/event'><System><Provider Name='Microsoft-Windows-Security-Auditing' Guid='{54849625-5478-4994-a5ba-3e3b0328c30d}'/><EventID>4648</EventID><Version>0</Version><Level>0</Level><Task>12544</Task><Opcode>0</Opcode><Keywords>0x8020000000000000</Keywords><TimeCreated SystemTime='2023-01-16T13:52:29.282Z'/><EventRecordID>176054086</EventRecordID><Correlation/><Execution ProcessID='740' ThreadID='5340'/><Channel>Security</Channel><Computer>CA-AS-DC1.centralazeri.org</Computer><Security/></System><EventData><Data Name='SubjectUserSid'>S-1-5-18</Data><Data Name='SubjectUserName'>CA-AS-DC1$</Data><Data Name='SubjectDomainName'>CENTRALAZERI</Data><Data Name='SubjectLogonId'>0x3e7</Data><Data Name='LogonGuid'>{00000000-0000-0000-0000-000000000000}</Data><Data Name='TargetUserName'>SYSTEM</Data><Data Name='TargetDomainName'>NT AUTHORITY</Data><Data Name='LogonGuid'>{00000000-0000-0000-0000-000000000000}</Data><Data Name='TargetServerName'>localhost</Data><Data Name='TargetInfo'>localhost</Data><Data Name='ProcessId'>0x2d8</Data><Data Name='ProcessName'>C:\Windows\System32\services.exe</Data><Data Name='IpAddress'>-</Data><Data Name='IpPort'>-</Data></EventData></Event>
<Event xmlns='http://schemas.microsoft.com/win/2004/08/events/event'><System><Provider Name='Microsoft-Windows-Security-Auditing' Guid='{54849625-5478-4994-a5ba-3e3b0328c30d}'/><EventID>4648</EventID><Version>0</Version><Level>0</Level><Task>12544</Task><Opcode>0</Opcode><Keywords>0x8020000000000000</Keywords><TimeCreated SystemTime='2023-01-16T14:43:20.926Z'/><EventRecordID>176054806</EventRecordID><Correlation/><Execution ProcessID='740' ThreadID='9572'/><Channel>Security</Channel><Computer>CA-AS-DC1.centralazeri.org</Computer><Security/></System><EventData><Data Name='SubjectUserSid'>S-1-5-18</Data><Data Name='SubjectUserName'>CA-AS-DC1$</Data><Data Name='SubjectDomainName'>CENTRALAZERI</Data><Data Name='SubjectLogonId'>0x3e7</Data><Data Name='LogonGuid'>{00000000-0000-0000-0000-000000000000}</Data><Data Name='TargetUserName'>CA-AS-DC1$</Data><Data Name='TargetDomainName'>CENTRALAZERI.ORG</Data><Data Name='LogonGuid'>{A560585B-EFE6-532D-B8F4-F5AAB4AE41C6}</Data><Data Name='TargetServerName'>ca-as-dc1$</Data><Data Name='TargetInfo'>ca-as-dc1$</Data><Data Name='ProcessId'>0x7a8</Data><Data Name='ProcessName'>C:\Windows\System32\taskeng.exe</Data><Data Name='IpAddress'>-</Data><Data Name='IpPort'>-</Data></EventData></Event>
<Event xmlns='http://schemas.microsoft.com/win/2004/08/events/event'><System><Provider Name='Microsoft-Windows-Security-Auditing' Guid='{54849625-5478-4994-a5ba-3e3b0328c30d}'/><EventID>4648</EventID><Version>0</Version><Level>0</Level><Task>12544</Task><Opcode>0</Opcode><Keywords>0x8020000000000000</Keywords><TimeCreated SystemTime='2023-01-16T14:43:20.989Z'/><EventRecordID>176054814</EventRecordID><Correlation/><Execution ProcessID='740' ThreadID='2640'/><Channel>Security</Channel><Computer>CA-AS-DC1.centralazeri.org</Computer><Security/></System><EventData><Data Name='SubjectUserSid'>S-1-5-18</Data><Data Name='SubjectUserName'>CA-AS-DC1$</Data><Data Name='SubjectDomainName'>CENTRALAZERI</Data><Data Name='SubjectLogonId'>0x3e7</Data><Data Name='LogonGuid'>{00000000-0000-0000-0000-000000000000}</Data><Data Name='TargetUserName'>CA-AS-DC1$</Data><Data Name='TargetDomainName'>CENTRALAZERI.ORG</Data><Data Name='LogonGuid'>{A560585B-EFE6-532D-B8F4-F5AAB4AE41C6}</Data><Data Name='TargetServerName'>ca-as-dc1$</Data><Data Name='TargetInfo'>ca-as-dc1$</Data><Data Name='ProcessId'>0x7a8</Data><Data Name='ProcessName'>C:\Windows\System32\taskeng.exe</Data><Data Name='IpAddress'>-</Data><Data Name='IpPort'>-</Data></EventData></Event>
<Event xmlns='http://schemas.microsoft.com/win/2004/08/events/event'><System><Provider Name='Microsoft-Windows-Security-Auditing' Guid='{54849625-5478-4994-a5ba-3e3b0328c30d}'/><EventID>4648</EventID><Version>0</Version><Level>0</Level><Task>12544</Task><Opcode>0</Opcode><Keywords>0x8020000000000000</Keywords><TimeCreated SystemTime='2023-01-16T14:43:21.036Z'/><EventRecordID>176054821</EventRecordID><Correlation/><Execution ProcessID='740' ThreadID='5340'/><Channel>Security</Channel><Computer>CA-AS-DC1.centralazeri.org</Computer><Security/></System><EventData><Data Name='SubjectUserSid'>S-1-5-18</Data><Data Name='SubjectUserName'>CA-AS-DC1$</Data><Data Name='SubjectDomainName'>CENTRALAZERI</Data><Data Name='SubjectLogonId'>0x3e7</Data><Data Name='LogonGuid'>{00000000-0000-0000-0000-000000000000}</Data><Data Name='TargetUserName'>CA-AS-DC1$</Data><Data Name='TargetDomainName'>CENTRALAZERI.ORG</Data><Data Name='LogonGuid'>{97F0F875-E788-6A7C-53BE-C44C935E0AF3}</Data><Data Name='TargetServerName'>ca-as-dc1$</Data><Data Name='TargetInfo'>ca-as-dc1$</Data><Data Name='ProcessId'>0x7a8</Data><Data Name='ProcessName'>C:\Windows\System32\taskeng.exe</Data><Data Name='IpAddress'>-</Data><Data Name='IpPort'>-</Data></EventData></Event>
<Event xmlns='http://schemas.microsoft.com/win/2004/08/events/event'><System><Provider Name='Microsoft-Windows-Security-Auditing' Guid='{54849625-5478-4994-a5ba-3e3b0328c30d}'/><EventID>4648</EventID><Version>0</Version><Level>0</Level><Task>12544</Task><Opcode>0</Opcode><Keywords>0x8020000000000000</Keywords><TimeCreated SystemTime='2023-01-16T14:43:21.082Z'/><EventRecordID>176054827</EventRecordID><Correlation/><Execution ProcessID='740' ThreadID='8128'/><Channel>Security</Channel><Computer>CA-AS-DC1.centralazeri.org</Computer><Security/></System><EventData><Data Name='SubjectUserSid'>S-1-5-18</Data><Data Name='SubjectUserName'>CA-AS-DC1$</Data><Data Name='SubjectDomainName'>CENTRALAZERI</Data><Data Name='SubjectLogonId'>0x3e7</Data><Data Name='LogonGuid'>{00000000-0000-0000-0000-000000000000}</Data><Data Name='TargetUserName'>CA-AS-DC1$</Data><Data Name='TargetDomainName'>CENTRALAZERI.ORG</Data><Data Name='LogonGuid'>{97F0F875-E788-6A7C-53BE-C44C935E0AF3}</Data><Data Name='TargetServerName'>ca-as-dc1$</Data><Data Name='TargetInfo'>ca-as-dc1$</Data><Data Name='ProcessId'>0x7a8</Data><Data Name='ProcessName'>C:\Windows\System32\taskeng.exe</Data><Data Name='IpAddress'>-</Data><Data Name='IpPort'>-</Data></EventData></Event>
<Event xmlns='http://schemas.microsoft.com/win/2004/08/events/event'><System><Provider Name='Microsoft-Windows-Security-Auditing' Guid='{54849625-5478-4994-a5ba-3e3b0328c30d}'/><EventID>4648</EventID><Version>0</Version><Level>0</Level><Task>12544</Task><Opcode>0</Opcode><Keywords>0x8020000000000000</Keywords><TimeCreated SystemTime='2023-01-16T17:20:42.226Z'/><EventRecordID>176056793</EventRecordID><Correlation/><Execution ProcessID='740' ThreadID='2640'/><Channel>Security</Channel><Computer>CA-AS-DC1.centralazeri.org</Computer><Security/></System><EventData><Data Name='SubjectUserSid'>S-1-5-18</Data><Data Name='SubjectUserName'>CA-AS-DC1$</Data><Data Name='SubjectDomainName'>CENTRALAZERI</Data><Data Name='SubjectLogonId'>0x3e7</Data><Data Name='LogonGuid'>{00000000-0000-0000-0000-000000000000}</Data><Data Name='TargetUserName'>SYSTEM</Data><Data Name='TargetDomainName'>NT AUTHORITY</Data><Data Name='LogonGuid'>{00000000-0000-0000-0000-000000000000}</Data><Data Name='TargetServerName'>localhost</Data><Data Name='TargetInfo'>localhost</Data><Data Name='ProcessId'>0x2d8</Data><Data Name='ProcessName'>C:\Windows\System32\services.exe</Data><Data Name='IpAddress'>-</Data><Data Name='IpPort'>-</Data></EventData></Event>
<Event xmlns='http://schemas.microsoft.com/win/2004/08/events/event'><System><Provider Name='Microsoft-Windows-Security-Auditing' Guid='{54849625-5478-4994-a5ba-3e3b0328c30d}'/><EventID>4648</EventID><Version>0</Version><Level>0</Level><Task>12544</Task><Opcode>0</Opcode><Keywords>0x8020000000000000</Keywords><TimeCreated SystemTime='2023-01-16T20:58:54.868Z'/><EventRecordID>176059569</EventRecordID><Correlation/><Execution ProcessID='740' ThreadID='9572'/><Channel>Security</Channel><Computer>CA-AS-DC1.centralazeri.org</Computer><Security/></System><EventData><Data Name='SubjectUserSid'>S-1-5-18</Data><Data Name='SubjectUserName'>CA-AS-DC1$</Data><Data Name='SubjectDomainName'>CENTRALAZERI</Data><Data Name='SubjectLogonId'>0x3e7</Data><Data Name='LogonGuid'>{00000000-0000-0000-0000-000000000000}</Data><Data Name='TargetUserName'>SYSTEM</Data><Data Name='TargetDomainName'>NT AUTHORITY</Data><Data Name='LogonGuid'>{00000000-0000-0000-0000-000000000000}</Data><Data Name='TargetServerName'>localhost</Data><Data Name='TargetInfo'>localhost</Data><Data Name='ProcessId'>0x2d8</Data><Data Name='ProcessName'>C:\Windows\System32\services.exe</Data><Data Name='IpAddress'>-</Data><Data Name='IpPort'>-</Data></EventData></Event>
<Event xmlns='http://schemas.microsoft.com/win/2004/08/events/event'><System><Provider Name='Microsoft-Windows-Security-Auditing' Guid='{54849625-5478-4994-a5ba-3e3b0328c30d}'/><EventID>4648</EventID><Version>0</Version><Level>0</Level><Task>12544</Task><Opcode>0</Opcode><Keywords>0x8020000000000000</Keywords><TimeCreated SystemTime='2023-01-16T22:43:21.537Z'/><EventRecordID>176060871</EventRecordID><Correlation/><Execution ProcessID='740' ThreadID='2640'/><Channel>Security</Channel><Computer>CA-AS-DC1.centralazeri.org</Computer><Security/></System><EventData><Data Name='SubjectUserSid'>S-1-5-18</Data><Data Name='SubjectUserName'>CA-AS-DC1$</Data><Data Name='SubjectDomainName'>CENTRALAZERI</Data><Data Name='SubjectLogonId'>0x3e7</Data><Data Name='LogonGuid'>{00000000-0000-0000-0000-000000000000}</Data><Data Name='TargetUserName'>CA-AS-DC1$</Data><Data Name='TargetDomainName'>CENTRALAZERI.ORG</Data><Data Name='LogonGuid'>{36620147-BAEB-2607-2DC9-A8FC42F611B8}</Data><Data Name='TargetServerName'>ca-as-dc1$</Data><Data Name='TargetInfo'>ca-as-dc1$</Data><Data Name='ProcessId'>0x7a8</Data><Data Name='ProcessName'>C:\Windows\System32\taskeng.exe</Data><Data Name='IpAddress'>-</Data><Data Name='IpPort'>-</Data></EventData></Event>
<Event xmlns='http://schemas.microsoft.com/win/2004/08/events/event'><System><Provider Name='Microsoft-Windows-Security-Auditing' Guid='{54849625-5478-4994-a5ba-3e3b0328c30d}'/><EventID>4648</EventID><Version>0</Version><Level>0</Level><Task>12544</Task><Opcode>0</Opcode><Keywords>0x8020000000000000</Keywords><TimeCreated SystemTime='2023-01-16T22:43:21.599Z'/><EventRecordID>176060879</EventRecordID><Correlation/><Execution ProcessID='740' ThreadID='8128'/><Channel>Security</Channel><Computer>CA-AS-DC1.centralazeri.org</Computer><Security/></System><EventData><Data Name='SubjectUserSid'>S-1-5-18</Data><Data Name='SubjectUserName'>CA-AS-DC1$</Data><Data Name='SubjectDomainName'>CENTRALAZERI</Data><Data Name='SubjectLogonId'>0x3e7</Data><Data Name='LogonGuid'>{00000000-0000-0000-0000-000000000000}</Data><Data Name='TargetUserName'>CA-AS-DC1$</Data><Data Name='TargetDomainName'>CENTRALAZERI.ORG</Data><Data Name='LogonGuid'>{36620147-BAEB-2607-2DC9-A8FC42F611B8}</Data><Data Name='TargetServerName'>ca-as-dc1$</Data><Data Name='TargetInfo'>ca-as-dc1$</Data><Data Name='ProcessId'>0x7a8</Data><Data Name='ProcessName'>C:\Windows\System32\taskeng.exe</Data><Data Name='IpAddress'>-</Data><Data Name='IpPort'>-</Data></EventData></Event>
<Event xmlns='http://schemas.microsoft.com/win/2004/08/events/event'><System><Provider Name='Microsoft-Windows-Security-Auditing' Guid='{54849625-5478-4994-a5ba-3e3b0328c30d}'/><EventID>4648</EventID><Version>0</Version><Level>0</Level><Task>12544</Task><Opcode>0</Opcode><Keywords>0x8020000000000000</Keywords><TimeCreated SystemTime='2023-01-16T22:43:21.646Z'/><EventRecordID>176060885</EventRecordID><Correlation/><Execution ProcessID='740' ThreadID='5340'/><Channel>Security</Channel><Computer>CA-AS-DC1.centralazeri.org</Computer><Security/></System><EventData><Data Name='SubjectUserSid'>S-1-5-18</Data><Data Name='SubjectUserName'>CA-AS-DC1$</Data><Data Name='SubjectDomainName'>CENTRALAZERI</Data><Data Name='SubjectLogonId'>0x3e7</Data><Data Name='LogonGuid'>{00000000-0000-0000-0000-000000000000}</Data><Data Name='TargetUserName'>CA-AS-DC1$</Data><Data Name='TargetDomainName'>CENTRALAZERI.ORG</Data><Data Name='LogonGuid'>{36620147-BAEB-2607-2DC9-A8FC42F611B8}</Data><Data Name='TargetServerName'>ca-as-dc1$</Data><Data Name='TargetInfo'>ca-as-dc1$</Data><Data Name='ProcessId'>0x7a8</Data><Data Name='ProcessName'>C:\Windows\System32\taskeng.exe</Data><Data Name='IpAddress'>-</Data><Data Name='IpPort'>-</Data></EventData></Event>
<Event xmlns='http://schemas.microsoft.com/win/2004/08/events/event'><System><Provider Name='Microsoft-Windows-Security-Auditing' Guid='{54849625-5478-4994-a5ba-3e3b0328c30d}'/><EventID>4648</EventID><Version>0</Version><Level>0</Level><Task>12544</Task><Opcode>0</Opcode><Keywords>0x8020000000000000</Keywords><TimeCreated SystemTime='2023-01-16T22:43:21.693Z'/><EventRecordID>176060895</EventRecordID><Correlation/><Execution ProcessID='740' ThreadID='9572'/><Channel>Security</Channel><Computer>CA-AS-DC1.centralazeri.org</Computer><Security/></System><EventData><Data Name='SubjectUserSid'>S-1-5-18</Data><Data Name='SubjectUserName'>CA-AS-DC1$</Data><Data Name='SubjectDomainName'>CENTRALAZERI</Data><Data Name='SubjectLogonId'>0x3e7</Data><Data Name='LogonGuid'>{00000000-0000-0000-0000-000000000000}</Data><Data Name='TargetUserName'>CA-AS-DC1$</Data><Data Name='TargetDomainName'>CENTRALAZERI.ORG</Data><Data Name='LogonGuid'>{36620147-BAEB-2607-2DC9-A8FC42F611B8}</Data><Data Name='TargetServerName'>ca-as-dc1$</Data><Data Name='TargetInfo'>ca-as-dc1$</Data><Data Name='ProcessId'>0x7a8</Data><Data Name='ProcessName'>C:\Windows\System32\taskeng.exe</Data><Data Name='IpAddress'>-</Data><Data Name='IpPort'>-</Data></EventData></Event>
<Event xmlns='http://schemas.microsoft.com/win/2004/08/events/event'><System><Provider Name='Microsoft-Windows-Security-Auditing' Guid='{54849625-5478-4994-a5ba-3e3b0328c30d}'/><EventID>4648</EventID><Version>0</Version><Level>0</Level><Task>12544</Task><Opcode>0</Opcode><Keywords>0x8020000000000000</Keywords><TimeCreated SystemTime='2023-01-17T00:30:44.305Z'/><EventRecordID>176062116</EventRecordID><Correlation/><Execution ProcessID='740' ThreadID='8128'/><Channel>Security</Channel><Computer>CA-AS-DC1.centralazeri.org</Computer><Security/></System><EventData><Data Name='SubjectUserSid'>S-1-5-18</Data><Data Name='SubjectUserName'>CA-AS-DC1$</Data><Data Name='SubjectDomainName'>CENTRALAZERI</Data><Data Name='SubjectLogonId'>0x3e7</Data><Data Name='LogonGuid'>{00000000-0000-0000-0000-000000000000}</Data><Data Name='TargetUserName'>SYSTEM</Data><Data Name='TargetDomainName'>NT AUTHORITY</Data><Data Name='LogonGuid'>{00000000-0000-0000-0000-000000000000}</Data><Data Name='TargetServerName'>localhost</Data><Data Name='TargetInfo'>localhost</Data><Data Name='ProcessId'>0x2d8</Data><Data Name='ProcessName'>C:\Windows\System32\services.exe</Data><Data Name='IpAddress'>-</Data><Data Name='IpPort'>-</Data></EventData></Event>
<Event xmlns='http://schemas.microsoft.com/win/2004/08/events/event'><System><Provider Name='Microsoft-Windows-Security-Auditing' Guid='{54849625-5478-4994-a5ba-3e3b0328c30d}'/><EventID>4648</EventID><Version>0</Version><Level>0</Level><Task>12544</Task><Opcode>0</Opcode><Keywords>0x8020000000000000</Keywords><TimeCreated SystemTime='2023-01-17T04:03:51.499Z'/><EventRecordID>176064449</EventRecordID><Correlation/><Execution ProcessID='740' ThreadID='864'/><Channel>Security</Channel><Computer>CA-AS-DC1.centralazeri.org</Computer><Security/></System><EventData><Data Name='SubjectUserSid'>S-1-5-18</Data><Data Name='SubjectUserName'>CA-AS-DC1$</Data><Data Name='SubjectDomainName'>CENTRALAZERI</Data><Data Name='SubjectLogonId'>0x3e7</Data><Data Name='LogonGuid'>{00000000-0000-0000-0000-000000000000}</Data><Data Name='TargetUserName'>SYSTEM</Data><Data Name='TargetDomainName'>NT AUTHORITY</Data><Data Name='LogonGuid'>{00000000-0000-0000-0000-000000000000}</Data><Data Name='TargetServerName'>localhost</Data><Data Name='TargetInfo'>localhost</Data><Data Name='ProcessId'>0x2d8</Data><Data Name='ProcessName'>C:\Windows\System32\services.exe</Data><Data Name='IpAddress'>-</Data><Data Name='IpPort'>-</Data></EventData></Event>
<Event xmlns='http://schemas.microsoft.com/win/2004/08/events/event'><System><Provider Name='Microsoft-Windows-Security-Auditing' Guid='{54849625-5478-4994-a5ba-3e3b0328c30d}'/><EventID>4648</EventID><Version>0</Version><Level>0</Level><Task>12544</Task><Opcode>0</Opcode><Keywords>0x8020000000000000</Keywords><TimeCreated SystemTime='2023-01-17T06:43:22.182Z'/><EventRecordID>176066321</EventRecordID><Correlation/><Execution ProcessID='740' ThreadID='864'/><Channel>Security</Channel><Computer>CA-AS-DC1.centralazeri.org</Computer><Security/></System><EventData><Data Name='SubjectUserSid'>S-1-5-18</Data><Data Name='SubjectUserName'>CA-AS-DC1$</Data><Data Name='SubjectDomainName'>CENTRALAZERI</Data><Data Name='SubjectLogonId'>0x3e7</Data><Data Name='LogonGuid'>{00000000-0000-0000-0000-000000000000}</Data><Data Name='TargetUserName'>CA-AS-DC1$</Data><Data Name='TargetDomainName'>CENTRALAZERI.ORG</Data><Data Name='LogonGuid'>{26F0D941-0560-B21B-BDFF-471E07AC1DBC}</Data><Data Name='TargetServerName'>ca-as-dc1$</Data><Data Name='TargetInfo'>ca-as-dc1$</Data><Data Name='ProcessId'>0x7a8</Data><Data Name='ProcessName'>C:\Windows\System32\taskeng.exe</Data><Data Name='IpAddress'>-</Data><Data Name='IpPort'>-</Data></EventData></Event>
<Event xmlns='http://schemas.microsoft.com/win/2004/08/events/event'><System><Provider Name='Microsoft-Windows-Security-Auditing' Guid='{54849625-5478-4994-a5ba-3e3b0328c30d}'/><EventID>4648</EventID><Version>0</Version><Level>0</Level><Task>12544</Task><Opcode>0</Opcode><Keywords>0x8020000000000000</Keywords><TimeCreated SystemTime='2023-01-17T06:43:22.229Z'/><EventRecordID>176066326</EventRecordID><Correlation/><Execution ProcessID='740' ThreadID='2640'/><Channel>Security</Channel><Computer>CA-AS-DC1.centralazeri.org</Computer><Security/></System><EventData><Data Name='SubjectUserSid'>S-1-5-18</Data><Data Name='SubjectUserName'>CA-AS-DC1$</Data><Data Name='SubjectDomainName'>CENTRALAZERI</Data><Data Name='SubjectLogonId'>0x3e7</Data><Data Name='LogonGuid'>{00000000-0000-0000-0000-000000000000}</Data><Data Name='TargetUserName'>CA-AS-DC1$</Data><Data Name='TargetDomainName'>CENTRALAZERI.ORG</Data><Data Name='LogonGuid'>{26F0D941-0560-B21B-BDFF-471E07AC1DBC}</Data><Data Name='TargetServerName'>ca-as-dc1$</Data><Data Name='TargetInfo'>ca-as-dc1$</Data><Data Name='ProcessId'>0x7a8</Data><Data Name='ProcessName'>C:\Windows\System32\taskeng.exe</Data><Data Name='IpAddress'>-</Data><Data Name='IpPort'>-</Data></EventData></Event>
<Event xmlns='http://schemas.microsoft.com/win/2004/08/events/event'><System><Provider Name='Microsoft-Windows-Security-Auditing' Guid='{54849625-5478-4994-a5ba-3e3b0328c30d}'/><EventID>4648</EventID><Version>0</Version><Level>0</Level><Task>12544</Task><Opcode>0</Opcode><Keywords>0x8020000000000000</Keywords><TimeCreated SystemTime='2023-01-17T06:43:22.276Z'/><EventRecordID>176066334</EventRecordID><Correlation/><Execution ProcessID='740' ThreadID='9572'/><Channel>Security</Channel><Computer>CA-AS-DC1.centralazeri.org</Computer><Security/></System><EventData><Data Name='SubjectUserSid'>S-1-5-18</Data><Data Name='SubjectUserName'>CA-AS-DC1$</Data><Data Name='SubjectDomainName'>CENTRALAZERI</Data><Data Name='SubjectLogonId'>0x3e7</Data><Data Name='LogonGuid'>{00000000-0000-0000-0000-000000000000}</Data><Data Name='TargetUserName'>CA-AS-DC1$</Data><Data Name='TargetDomainName'>CENTRALAZERI.ORG</Data><Data Name='LogonGuid'>{26F0D941-0560-B21B-BDFF-471E07AC1DBC}</Data><Data Name='TargetServerName'>ca-as-dc1$</Data><Data Name='TargetInfo'>ca-as-dc1$</Data><Data Name='ProcessId'>0x7a8</Data><Data Name='ProcessName'>C:\Windows\System32\taskeng.exe</Data><Data Name='IpAddress'>-</Data><Data Name='IpPort'>-</Data></EventData></Event>
<Event xmlns='http://schemas.microsoft.com/win/2004/08/events/event'><System><Provider Name='Microsoft-Windows-Security-Auditing' Guid='{54849625-5478-4994-a5ba-3e3b0328c30d}'/><EventID>4648</EventID><Version>0</Version><Level>0</Level><Task>12544</Task><Opcode>0</Opcode><Keywords>0x8020000000000000</Keywords><TimeCreated SystemTime='2023-01-17T06:43:22.323Z'/><EventRecordID>176066342</EventRecordID><Correlation/><Execution ProcessID='740' ThreadID='1192'/><Channel>Security</Channel><Computer>CA-AS-DC1.centralazeri.org</Computer><Security/></System><EventData><Data Name='SubjectUserSid'>S-1-5-18</Data><Data Name='SubjectUserName'>CA-AS-DC1$</Data><Data Name='SubjectDomainName'>CENTRALAZERI</Data><Data Name='SubjectLogonId'>0x3e7</Data><Data Name='LogonGuid'>{00000000-0000-0000-0000-000000000000}</Data><Data Name='TargetUserName'>CA-AS-DC1$</Data><Data Name='TargetDomainName'>CENTRALAZERI.ORG</Data><Data Name='LogonGuid'>{26F0D941-0560-B21B-BDFF-471E07AC1DBC}</Data><Data Name='TargetServerName'>ca-as-dc1$</Data><Data Name='TargetInfo'>ca-as-dc1$</Data><Data Name='ProcessId'>0x7a8</Data><Data Name='ProcessName'>C:\Windows\System32\taskeng.exe</Data><Data Name='IpAddress'>-</Data><Data Name='IpPort'>-</Data></EventData></Event>
