<Event xmlns='http://schemas.microsoft.com/win/2004/08/events/event'><System><Provider Name='Microsoft-Windows-Security-Auditing' Guid='{54849625-5478-4994-a5ba-3e3b0328c30d}'/><EventID>4648</EventID><Version>0</Version><Level>0</Level><Task>12544</Task><Opcode>0</Opcode><Keywords>0x8020000000000000</Keywords><TimeCreated SystemTime='2023-01-29T22:16:38.516Z'/><EventRecordID>176286186</EventRecordID><Correlation/><Execution ProcessID='740' ThreadID='2640'/><Channel>Security</Channel><Computer>CA-AS-DC1.centralazeri.org</Computer><Security/></System><EventData><Data Name='SubjectUserSid'>S-1-5-18</Data><Data Name='SubjectUserName'>CA-AS-DC1$</Data><Data Name='SubjectDomainName'>CENTRALAZERI</Data><Data Name='SubjectLogonId'>0x3e7</Data><Data Name='LogonGuid'>{00000000-0000-0000-0000-000000000000}</Data><Data Name='TargetUserName'>SYSTEM</Data><Data Name='TargetDomainName'>NT AUTHORITY</Data><Data Name='LogonGuid'>{00000000-0000-0000-0000-000000000000}</Data><Data Name='TargetServerName'>localhost</Data><Data Name='TargetInfo'>localhost</Data><Data Name='ProcessId'>0x2d8</Data><Data Name='ProcessName'>C:\Windows\System32\services.exe</Data><Data Name='IpAddress'>-</Data><Data Name='IpPort'>-</Data></EventData></Event>
<Event xmlns='http://schemas.microsoft.com/win/2004/08/events/event'><System><Provider Name='Microsoft-Windows-Security-Auditing' Guid='{54849625-5478-4994-a5ba-3e3b0328c30d}'/><EventID>4648</EventID><Version>0</Version><Level>0</Level><Task>12544</Task><Opcode>0</Opcode><Keywords>0x8020000000000000</Keywords><TimeCreated SystemTime='2023-01-29T22:43:47.532Z'/><EventRecordID>176286624</EventRecordID><Correlation/><Execution ProcessID='740' ThreadID='8128'/><Channel>Security</Channel><Computer>CA-AS-DC1.centralazeri.org</Computer><Security/></System><EventData><Data Name='SubjectUserSid'>S-1-5-18</Data><Data Name='SubjectUserName'>CA-AS-DC1$</Data><Data Name='SubjectDomainName'>CENTRALAZERI</Data><Data Name='SubjectLogonId'>0x3e7</Data><Data Name='LogonGuid'>{00000000-0000-0000-0000-000000000000}</Data><Data Name='TargetUserName'>CA-AS-DC1$</Data><Data Name='TargetDomainName'>CENTRALAZERI.ORG</Data><Data Name='LogonGuid'>{CA530FB2-8F91-D0C8-9F0D-556B3FC4E509}</Data><Data Name='TargetServerName'>ca-as-dc1$</Data><Data Name='TargetInfo'>ca-as-dc1$</Data><Data Name='ProcessId'>0x7a8</Data><Data Name='ProcessName'>C:\Windows\System32\taskeng.exe</Data><Data Name='IpAddress'>-</Data><Data Name='IpPort'>-</Data></EventData></Event>
<Event xmlns='http://schemas.microsoft.com/win/2004/08/events/event'><System><Provider Name='Microsoft-Windows-Security-Auditing' Guid='{54849625-5478-4994-a5ba-3e3b0328c30d}'/><EventID>4648</EventID><Version>0</Version><Level>0</Level><Task>12544</Task><Opcode>0</Opcode><Keywords>0x8020000000000000</Keywords><TimeCreated SystemTime='2023-01-29T22:43:47.594Z'/><EventRecordID>176286631</EventRecordID><Correlation/><Execution ProcessID='740' ThreadID='9572'/><Channel>Security</Channel><Computer>CA-AS-DC1.centralazeri.org</Computer><Security/></System><EventData><Data Name='SubjectUserSid'>S-1-5-18</Data><Data Name='SubjectUserName'>CA-AS-DC1$</Data><Data Name='SubjectDomainName'>CENTRALAZERI</Data><Data Name='SubjectLogonId'>0x3e7</Data><Data Name='LogonGuid'>{00000000-0000-0000-0000-000000000000}</Data><Data Name='TargetUserName'>CA-AS-DC1$</Data><Data Name='TargetDomainName'>CENTRALAZERI.ORG</Data><Data Name='LogonGuid'>{CA530FB2-8F91-D0C8-9F0D-556B3FC4E509}</Data><Data Name='TargetServerName'>ca-as-dc1$</Data><Data Name='TargetInfo'>ca-as-dc1$</Data><Data Name='ProcessId'>0x7a8</Data><Data Name='ProcessName'>C:\Windows\System32\taskeng.exe</Data><Data Name='IpAddress'>-</Data><Data Name='IpPort'>-</Data></EventData></Event>
<Event xmlns='http://schemas.microsoft.com/win/2004/08/events/event'><System><Provider Name='Microsoft-Windows-Security-Auditing' Guid='{54849625-5478-4994-a5ba-3e3b0328c30d}'/><EventID>4648</EventID><Version>0</Version><Level>0</Level><Task>12544</Task><Opcode>0</Opcode><Keywords>0x8020000000000000</Keywords><TimeCreated SystemTime='2023-01-29T22:43:47.641Z'/><EventRecordID>176286640</EventRecordID><Correlation/><Execution ProcessID='740' ThreadID='864'/><Channel>Security</Channel><Computer>CA-AS-DC1.centralazeri.org</Computer><Security/></System><EventData><Data Name='SubjectUserSid'>S-1-5-18</Data><Data Name='SubjectUserName'>CA-AS-DC1$</Data><Data Name='SubjectDomainName'>CENTRALAZERI</Data><Data Name='SubjectLogonId'>0x3e7</Data><Data Name='LogonGuid'>{00000000-0000-0000-0000-000000000000}</Data><Data Name='TargetUserName'>CA-AS-DC1$</Data><Data Name='TargetDomainName'>CENTRALAZERI.ORG</Data><Data Name='LogonGuid'>{CA530FB2-8F91-D0C8-9F0D-556B3FC4E509}</Data><Data Name='TargetServerName'>ca-as-dc1$</Data><Data Name='TargetInfo'>ca-as-dc1$</Data><Data Name='ProcessId'>0x7a8</Data><Data Name='ProcessName'>C:\Windows\System32\taskeng.exe</Data><Data Name='IpAddress'>-</Data><Data Name='IpPort'>-</Data></EventData></Event>
<Event xmlns='http://schemas.microsoft.com/win/2004/08/events/event'><System><Provider Name='Microsoft-Windows-Security-Auditing' Guid='{54849625-5478-4994-a5ba-3e3b0328c30d}'/><EventID>4648</EventID><Version>0</Version><Level>0</Level><Task>12544</Task><Opcode>0</Opcode><Keywords>0x8020000000000000</Keywords><TimeCreated SystemTime='2023-01-29T22:43:47.688Z'/><EventRecordID>176286646</EventRecordID><Correlation/><Execution ProcessID='740' ThreadID='2640'/><Channel>Security</Channel><Computer>CA-AS-DC1.centralazeri.org</Computer><Security/></System><EventData><Data Name='SubjectUserSid'>S-1-5-18</Data><Data Name='SubjectUserName'>CA-AS-DC1$</Data><Data Name='SubjectDomainName'>CENTRALAZERI</Data><Data Name='SubjectLogonId'>0x3e7</Data><Data Name='LogonGuid'>{00000000-0000-0000-0000-000000000000}</Data><Data Name='TargetUserName'>CA-AS-DC1$</Data><Data Name='TargetDomainName'>CENTRALAZERI.ORG</Data><Data Name='LogonGuid'>{CA530FB2-8F91-D0C8-9F0D-556B3FC4E509}</Data><Data Name='TargetServerName'>ca-as-dc1$</Data><Data Name='TargetInfo'>ca-as-dc1$</Data><Data Name='ProcessId'>0x7a8</Data><Data Name='ProcessName'>C:\Windows\System32\taskeng.exe</Data><Data Name='IpAddress'>-</Data><Data Name='IpPort'>-</Data></EventData></Event>
<Event xmlns='http://schemas.microsoft.com/win/2004/08/events/event'><System><Provider Name='Microsoft-Windows-Security-Auditing' Guid='{54849625-5478-4994-a5ba-3e3b0328c30d}'/><EventID>4648</EventID><Version>0</Version><Level>0</Level><Task>12544</Task><Opcode>0</Opcode><Keywords>0x8020000000000000</Keywords><TimeCreated SystemTime='2023-01-30T01:59:16.907Z'/><EventRecordID>176288738</EventRecordID><Correlation/><Execution ProcessID='740' ThreadID='9572'/><Channel>Security</Channel><Computer>CA-AS-DC1.centralazeri.org</Computer><Security/></System><EventData><Data Name='SubjectUserSid'>S-1-5-18</Data><Data Name='SubjectUserName'>CA-AS-DC1$</Data><Data Name='SubjectDomainName'>CENTRALAZERI</Data><Data Name='SubjectLogonId'>0x3e7</Data><Data Name='LogonGuid'>{00000000-0000-0000-0000-000000000000}</Data><Data Name='TargetUserName'>SYSTEM</Data><Data Name='TargetDomainName'>NT AUTHORITY</Data><Data Name='LogonGuid'>{00000000-0000-0000-0000-000000000000}</Data><Data Name='TargetServerName'>localhost</Data><Data Name='TargetInfo'>localhost</Data><Data Name='ProcessId'>0x2d8</Data><Data Name='ProcessName'>C:\Windows\System32\services.exe</Data><Data Name='IpAddress'>-</Data><Data Name='IpPort'>-</Data></EventData></Event>
<Event xmlns='http://schemas.microsoft.com/win/2004/08/events/event'><System><Provider Name='Microsoft-Windows-Security-Auditing' Guid='{54849625-5478-4994-a5ba-3e3b0328c30d}'/><EventID>4648</EventID><Version>0</Version><Level>0</Level><Task>12544</Task><Opcode>0</Opcode><Keywords>0x8020000000000000</Keywords><TimeCreated SystemTime='2023-01-30T05:55:25.000Z'/><EventRecordID>176291594</EventRecordID><Correlation/><Execution ProcessID='740' ThreadID='864'/><Channel>Security</Channel><Computer>CA-AS-DC1.centralazeri.org</Computer><Security/></System><EventData><Data Name='SubjectUserSid'>S-1-5-18</Data><Data Name='SubjectUserName'>CA-AS-DC1$</Data><Data Name='SubjectDomainName'>CENTRALAZERI</Data><Data Name='SubjectLogonId'>0x3e7</Data><Data Name='LogonGuid'>{00000000-0000-0000-0000-000000000000}</Data><Data Name='TargetUserName'>SYSTEM</Data><Data Name='TargetDomainName'>NT AUTHORITY</Data><Data Name='LogonGuid'>{00000000-0000-0000-0000-000000000000}</Data><Data Name='TargetServerName'>localhost</Data><Data Name='TargetInfo'>localhost</Data><Data Name='ProcessId'>0x2d8</Data><Data Name='ProcessName'>C:\Windows\System32\services.exe</Data><Data Name='IpAddress'>-</Data><Data Name='IpPort'>-</Data></EventData></Event>
<Event xmlns='http://schemas.microsoft.com/win/2004/08/events/event'><System><Provider Name='Microsoft-Windows-Security-Auditing' Guid='{54849625-5478-4994-a5ba-3e3b0328c30d}'/><EventID>4648</EventID><Version>0</Version><Level>0</Level><Task>12544</Task><Opcode>0</Opcode><Keywords>0x8020000000000000</Keywords><TimeCreated SystemTime='2023-01-30T06:43:48.231Z'/><EventRecordID>176292309</EventRecordID><Correlation/><Execution ProcessID='740' ThreadID='864'/><Channel>Security</Channel><Computer>CA-AS-DC1.centralazeri.org</Computer><Security/></System><EventData><Data Name='SubjectUserSid'>S-1-5-18</Data><Data Name='SubjectUserName'>CA-AS-DC1$</Data><Data Name='SubjectDomainName'>CENTRALAZERI</Data><Data Name='SubjectLogonId'>0x3e7</Data><Data Name='LogonGuid'>{00000000-0000-0000-0000-000000000000}</Data><Data Name='TargetUserName'>CA-AS-DC1$</Data><Data Name='TargetDomainName'>CENTRALAZERI.ORG</Data><Data Name='LogonGuid'>{6138315D-8049-B455-5621-8E43E80DA57E}</Data><Data Name='TargetServerName'>ca-as-dc1$</Data><Data Name='TargetInfo'>ca-as-dc1$</Data><Data Name='ProcessId'>0x7a8</Data><Data Name='ProcessName'>C:\Windows\System32\taskeng.exe</Data><Data Name='IpAddress'>-</Data><Data Name='IpPort'>-</Data></EventData></Event>
<Event xmlns='http://schemas.microsoft.com/win/2004/08/events/event'><System><Provider Name='Microsoft-Windows-Security-Auditing' Guid='{54849625-5478-4994-a5ba-3e3b0328c30d}'/><EventID>4648</EventID><Version>0</Version><Level>0</Level><Task>12544</Task><Opcode>0</Opcode><Keywords>0x8020000000000000</Keywords><TimeCreated SystemTime='2023-01-30T06:43:48.278Z'/><EventRecordID>176292318</EventRecordID><Correlation/><Execution ProcessID='740' ThreadID='9572'/><Channel>Security</Channel><Computer>CA-AS-DC1.centralazeri.org</Computer><Security/></System><EventData><Data Name='SubjectUserSid'>S-1-5-18</Data><Data Name='SubjectUserName'>CA-AS-DC1$</Data><Data Name='SubjectDomainName'>CENTRALAZERI</Data><Data Name='SubjectLogonId'>0x3e7</Data><Data Name='LogonGuid'>{00000000-0000-0000-0000-000000000000}</Data><Data Name='TargetUserName'>CA-AS-DC1$</Data><Data Name='TargetDomainName'>CENTRALAZERI.ORG</Data><Data Name='LogonGuid'>{6138315D-8049-B455-5621-8E43E80DA57E}</Data><Data Name='TargetServerName'>ca-as-dc1$</Data><Data Name='TargetInfo'>ca-as-dc1$</Data><Data Name='ProcessId'>0x7a8</Data><Data Name='ProcessName'>C:\Windows\System32\taskeng.exe</Data><Data Name='IpAddress'>-</Data><Data Name='IpPort'>-</Data></EventData></Event>
<Event xmlns='http://schemas.microsoft.com/win/2004/08/events/event'><System><Provider Name='Microsoft-Windows-Security-Auditing' Guid='{54849625-5478-4994-a5ba-3e3b0328c30d}'/><EventID>4648</EventID><Version>0</Version><Level>0</Level><Task>12544</Task><Opcode>0</Opcode><Keywords>0x8020000000000000</Keywords><TimeCreated SystemTime='2023-01-30T06:43:48.325Z'/><EventRecordID>176292325</EventRecordID><Correlation/><Execution ProcessID='740' ThreadID='1192'/><Channel>Security</Channel><Computer>CA-AS-DC1.centralazeri.org</Computer><Security/></System><EventData><Data Name='SubjectUserSid'>S-1-5-18</Data><Data Name='SubjectUserName'>CA-AS-DC1$</Data><Data Name='SubjectDomainName'>CENTRALAZERI</Data><Data Name='SubjectLogonId'>0x3e7</Data><Data Name='LogonGuid'>{00000000-0000-0000-0000-000000000000}</Data><Data Name='TargetUserName'>CA-AS-DC1$</Data><Data Name='TargetDomainName'>CENTRALAZERI.ORG</Data><Data Name='LogonGuid'>{6138315D-8049-B455-5621-8E43E80DA57E}</Data><Data Name='TargetServerName'>ca-as-dc1$</Data><Data Name='TargetInfo'>ca-as-dc1$</Data><Data Name='ProcessId'>0x7a8</Data><Data Name='ProcessName'>C:\Windows\System32\taskeng.exe</Data><Data Name='IpAddress'>-</Data><Data Name='IpPort'>-</Data></EventData></Event>
<Event xmlns='http://schemas.microsoft.com/win/2004/08/events/event'><System><Provider Name='Microsoft-Windows-Security-Auditing' Guid='{54849625-5478-4994-a5ba-3e3b0328c30d}'/><EventID>4648</EventID><Version>0</Version><Level>0</Level><Task>12544</Task><Opcode>0</Opcode><Keywords>0x8020000000000000</Keywords><TimeCreated SystemTime='2023-01-30T06:43:48.372Z'/><EventRecordID>176292332</EventRecordID><Correlation/><Execution ProcessID='740' ThreadID='2640'/><Channel>Security</Channel><Computer>CA-AS-DC1.centralazeri.org</Computer><Security/></System><EventData><Data Name='SubjectUserSid'>S-1-5-18</Data><Data Name='SubjectUserName'>CA-AS-DC1$</Data><Data Name='SubjectDomainName'>CENTRALAZERI</Data><Data Name='SubjectLogonId'>0x3e7</Data><Data Name='LogonGuid'>{00000000-0000-0000-0000-000000000000}</Data><Data Name='TargetUserName'>CA-AS-DC1$</Data><Data Name='TargetDomainName'>CENTRALAZERI.ORG</Data><Data Name='LogonGuid'>{6138315D-8049-B455-5621-8E43E80DA57E}</Data><Data Name='TargetServerName'>ca-as-dc1$</Data><Data Name='TargetInfo'>ca-as-dc1$</Data><Data Name='ProcessId'>0x7a8</Data><Data Name='ProcessName'>C:\Windows\System32\taskeng.exe</Data><Data Name='IpAddress'>-</Data><Data Name='IpPort'>-</Data></EventData></Event>
<Event xmlns='http://schemas.microsoft.com/win/2004/08/events/event'><System><Provider Name='Microsoft-Windows-Security-Auditing' Guid='{54849625-5478-4994-a5ba-3e3b0328c30d}'/><EventID>4648</EventID><Version>0</Version><Level>0</Level><Task>12544</Task><Opcode>0</Opcode><Keywords>0x8020000000000000</Keywords><TimeCreated SystemTime='2023-01-30T08:03:51.061Z'/><EventRecordID>176293249</EventRecordID><Correlation/><Execution ProcessID='740' ThreadID='5340'/><Channel>Security</Channel><Computer>CA-AS-DC1.centralazeri.org</Computer><Security/></System><EventData><Data Name='SubjectUserSid'>S-1-5-18</Data><Data Name='SubjectUserName'>CA-AS-DC1$</Data><Data Name='SubjectDomainName'>CENTRALAZERI</Data><Data Name='SubjectLogonId'>0x3e7</Data><Data Name='LogonGuid'>{00000000-0000-0000-0000-000000000000}</Data><Data Name='TargetUserName'>BakhtiyarM</Data><Data Name='TargetDomainName'>CENTRALAZERI</Data><Data Name='LogonGuid'>{E7C6CEEB-560A-2F4E-C675-72D604021BD3}</Data><Data Name='TargetServerName'>localhost</Data><Data Name='TargetInfo'>localhost</Data><Data Name='ProcessId'>0x19038</Data><Data Name='ProcessName'>C:\Windows\System32\winlogon.exe</Data><Data Name='IpAddress'>172.16.80.94</Data><Data Name='IpPort'>57211</Data></EventData></Event>
<Event xmlns='http://schemas.microsoft.com/win/2004/08/events/event'><System><Provider Name='Microsoft-Windows-Security-Auditing' Guid='{54849625-5478-4994-a5ba-3e3b0328c30d}'/><EventID>4648</EventID><Version>0</Version><Level>0</Level><Task>12544</Task><Opcode>0</Opcode><Keywords>0x8020000000000000</Keywords><TimeCreated SystemTime='2023-01-30T09:42:48.130Z'/><EventRecordID>176294497</EventRecordID><Correlation/><Execution ProcessID='740' ThreadID='1192'/><Channel>Security</Channel><Computer>CA-AS-DC1.centralazeri.org</Computer><Security/></System><EventData><Data Name='SubjectUserSid'>S-1-5-18</Data><Data Name='SubjectUserName'>CA-AS-DC1$</Data><Data Name='SubjectDomainName'>CENTRALAZERI</Data><Data Name='SubjectLogonId'>0x3e7</Data><Data Name='LogonGuid'>{00000000-0000-0000-0000-000000000000}</Data><Data Name='TargetUserName'>SYSTEM</Data><Data Name='TargetDomainName'>NT AUTHORITY</Data><Data Name='LogonGuid'>{00000000-0000-0000-0000-000000000000}</Data><Data Name='TargetServerName'>localhost</Data><Data Name='TargetInfo'>localhost</Data><Data Name='ProcessId'>0x2d8</Data><Data Name='ProcessName'>C:\Windows\System32\services.exe</Data><Data Name='IpAddress'>-</Data><Data Name='IpPort'>-</Data></EventData></Event>
<Event xmlns='http://schemas.microsoft.com/win/2004/08/events/event'><System><Provider Name='Microsoft-Windows-Security-Auditing' Guid='{54849625-5478-4994-a5ba-3e3b0328c30d}'/><EventID>4648</EventID><Version>0</Version><Level>0</Level><Task>12544</Task><Opcode>0</Opcode><Keywords>0x8020000000000000</Keywords><TimeCreated SystemTime='2023-01-30T13:00:52.472Z'/><EventRecordID>176297346</EventRecordID><Correlation/><Execution ProcessID='740' ThreadID='2640'/><Channel>Security</Channel><Computer>CA-AS-DC1.centralazeri.org</Computer><Security/></System><EventData><Data Name='SubjectUserSid'>S-1-5-18</Data><Data Name='SubjectUserName'>CA-AS-DC1$</Data><Data Name='SubjectDomainName'>CENTRALAZERI</Data><Data Name='SubjectLogonId'>0x3e7</Data><Data Name='LogonGuid'>{00000000-0000-0000-0000-000000000000}</Data><Data Name='TargetUserName'>SYSTEM</Data><Data Name='TargetDomainName'>NT AUTHORITY</Data><Data Name='LogonGuid'>{00000000-0000-0000-0000-000000000000}</Data><Data Name='TargetServerName'>localhost</Data><Data Name='TargetInfo'>localhost</Data><Data Name='ProcessId'>0x2d8</Data><Data Name='ProcessName'>C:\Windows\System32\services.exe</Data><Data Name='IpAddress'>-</Data><Data Name='IpPort'>-</Data></EventData></Event>
<Event xmlns='http://schemas.microsoft.com/win/2004/08/events/event'><System><Provider Name='Microsoft-Windows-Security-Auditing' Guid='{54849625-5478-4994-a5ba-3e3b0328c30d}'/><EventID>4648</EventID><Version>0</Version><Level>0</Level><Task>12544</Task><Opcode>0</Opcode><Keywords>0x8020000000000000</Keywords><TimeCreated SystemTime='2023-01-30T14:43:48.852Z'/><EventRecordID>176298872</EventRecordID><Correlation/><Execution ProcessID='740' ThreadID='5340'/><Channel>Security</Channel><Computer>CA-AS-DC1.centralazeri.org</Computer><Security/></System><EventData><Data Name='SubjectUserSid'>S-1-5-18</Data><Data Name='SubjectUserName'>CA-AS-DC1$</Data><Data Name='SubjectDomainName'>CENTRALAZERI</Data><Data Name='SubjectLogonId'>0x3e7</Data><Data Name='LogonGuid'>{00000000-0000-0000-0000-000000000000}</Data><Data Name='TargetUserName'>CA-AS-DC1$</Data><Data Name='TargetDomainName'>CENTRALAZERI.ORG</Data><Data Name='LogonGuid'>{B14ABE57-2EBA-6A3A-F6F8-A3F8B1A03832}</Data><Data Name='TargetServerName'>ca-as-dc1$</Data><Data Name='TargetInfo'>ca-as-dc1$</Data><Data Name='ProcessId'>0x7a8</Data><Data Name='ProcessName'>C:\Windows\System32\taskeng.exe</Data><Data Name='IpAddress'>-</Data><Data Name='IpPort'>-</Data></EventData></Event>
<Event xmlns='http://schemas.microsoft.com/win/2004/08/events/event'><System><Provider Name='Microsoft-Windows-Security-Auditing' Guid='{54849625-5478-4994-a5ba-3e3b0328c30d}'/><EventID>4648</EventID><Version>0</Version><Level>0</Level><Task>12544</Task><Opcode>0</Opcode><Keywords>0x8020000000000000</Keywords><TimeCreated SystemTime='2023-01-30T14:43:48.898Z'/><EventRecordID>176298878</EventRecordID><Correlation/><Execution ProcessID='740' ThreadID='9572'/><Channel>Security</Channel><Computer>CA-AS-DC1.centralazeri.org</Computer><Security/></System><EventData><Data Name='SubjectUserSid'>S-1-5-18</Data><Data Name='SubjectUserName'>CA-AS-DC1$</Data><Data Name='SubjectDomainName'>CENTRALAZERI</Data><Data Name='SubjectLogonId'>0x3e7</Data><Data Name='LogonGuid'>{00000000-0000-0000-0000-000000000000}</Data><Data Name='TargetUserName'>CA-AS-DC1$</Data><Data Name='TargetDomainName'>CENTRALAZERI.ORG</Data><Data Name='LogonGuid'>{B14ABE57-2EBA-6A3A-F6F8-A3F8B1A03832}</Data><Data Name='TargetServerName'>ca-as-dc1$</Data><Data Name='TargetInfo'>ca-as-dc1$</Data><Data Name='ProcessId'>0x7a8</Data><Data Name='ProcessName'>C:\Windows\System32\taskeng.exe</Data><Data Name='IpAddress'>-</Data><Data Name='IpPort'>-</Data></EventData></Event>
<Event xmlns='http://schemas.microsoft.com/win/2004/08/events/event'><System><Provider Name='Microsoft-Windows-Security-Auditing' Guid='{54849625-5478-4994-a5ba-3e3b0328c30d}'/><EventID>4648</EventID><Version>0</Version><Level>0</Level><Task>12544</Task><Opcode>0</Opcode><Keywords>0x8020000000000000</Keywords><TimeCreated SystemTime='2023-01-30T14:43:48.976Z'/><EventRecordID>176298887</EventRecordID><Correlation/><Execution ProcessID='740' ThreadID='8128'/><Channel>Security</Channel><Computer>CA-AS-DC1.centralazeri.org</Computer><Security/></System><EventData><Data Name='SubjectUserSid'>S-1-5-18</Data><Data Name='SubjectUserName'>CA-AS-DC1$</Data><Data Name='SubjectDomainName'>CENTRALAZERI</Data><Data Name='SubjectLogonId'>0x3e7</Data><Data Name='LogonGuid'>{00000000-0000-0000-0000-000000000000}</Data><Data Name='TargetUserName'>CA-AS-DC1$</Data><Data Name='TargetDomainName'>CENTRALAZERI.ORG</Data><Data Name='LogonGuid'>{B14ABE57-2EBA-6A3A-F6F8-A3F8B1A03832}</Data><Data Name='TargetServerName'>ca-as-dc1$</Data><Data Name='TargetInfo'>ca-as-dc1$</Data><Data Name='ProcessId'>0x7a8</Data><Data Name='ProcessName'>C:\Windows\System32\taskeng.exe</Data><Data Name='IpAddress'>-</Data><Data Name='IpPort'>-</Data></EventData></Event>
<Event xmlns='http://schemas.microsoft.com/win/2004/08/events/event'><System><Provider Name='Microsoft-Windows-Security-Auditing' Guid='{54849625-5478-4994-a5ba-3e3b0328c30d}'/><EventID>4648</EventID><Version>0</Version><Level>0</Level><Task>12544</Task><Opcode>0</Opcode><Keywords>0x8020000000000000</Keywords><TimeCreated SystemTime='2023-01-30T14:43:49.023Z'/><EventRecordID>176298895</EventRecordID><Correlation/><Execution ProcessID='740' ThreadID='8128'/><Channel>Security</Channel><Computer>CA-AS-DC1.centralazeri.org</Computer><Security/></System><EventData><Data Name='SubjectUserSid'>S-1-5-18</Data><Data Name='SubjectUserName'>CA-AS-DC1$</Data><Data Name='SubjectDomainName'>CENTRALAZERI</Data><Data Name='SubjectLogonId'>0x3e7</Data><Data Name='LogonGuid'>{00000000-0000-0000-0000-000000000000}</Data><Data Name='TargetUserName'>CA-AS-DC1$</Data><Data Name='TargetDomainName'>CENTRALAZERI.ORG</Data><Data Name='LogonGuid'>{582EA0BD-DBCA-7857-EE39-54D2E6838775}</Data><Data Name='TargetServerName'>ca-as-dc1$</Data><Data Name='TargetInfo'>ca-as-dc1$</Data><Data Name='ProcessId'>0x7a8</Data><Data Name='ProcessName'>C:\Windows\System32\taskeng.exe</Data><Data Name='IpAddress'>-</Data><Data Name='IpPort'>-</Data></EventData></Event>
<Event xmlns='http://schemas.microsoft.com/win/2004/08/events/event'><System><Provider Name='Microsoft-Windows-Security-Auditing' Guid='{54849625-5478-4994-a5ba-3e3b0328c30d}'/><EventID>4648</EventID><Version>0</Version><Level>0</Level><Task>12544</Task><Opcode>0</Opcode><Keywords>0x8020000000000000</Keywords><TimeCreated SystemTime='2023-01-30T16:27:44.257Z'/><EventRecordID>176300038</EventRecordID><Correlation/><Execution ProcessID='740' ThreadID='1192'/><Channel>Security</Channel><Computer>CA-AS-DC1.centralazeri.org</Computer><Security/></System><EventData><Data Name='SubjectUserSid'>S-1-5-18</Data><Data Name='SubjectUserName'>CA-AS-DC1$</Data><Data Name='SubjectDomainName'>CENTRALAZERI</Data><Data Name='SubjectLogonId'>0x3e7</Data><Data Name='LogonGuid'>{00000000-0000-0000-0000-000000000000}</Data><Data Name='TargetUserName'>SYSTEM</Data><Data Name='TargetDomainName'>NT AUTHORITY</Data><Data Name='LogonGuid'>{00000000-0000-0000-0000-000000000000}</Data><Data Name='TargetServerName'>localhost</Data><Data Name='TargetInfo'>localhost</Data><Data Name='ProcessId'>0x2d8</Data><Data Name='ProcessName'>C:\Windows\System32\services.exe</Data><Data Name='IpAddress'>-</Data><Data Name='IpPort'>-</Data></EventData></Event>
<Event xmlns='http://schemas.microsoft.com/win/2004/08/events/event'><System><Provider Name='Microsoft-Windows-Security-Auditing' Guid='{54849625-5478-4994-a5ba-3e3b0328c30d}'/><EventID>4648</EventID><Version>0</Version><Level>0</Level><Task>12544</Task><Opcode>0</Opcode><Keywords>0x8020000000000000</Keywords><TimeCreated SystemTime='2023-01-30T19:49:52.382Z'/><EventRecordID>176302547</EventRecordID><Correlation/><Execution ProcessID='740' ThreadID='5340'/><Channel>Security</Channel><Computer>CA-AS-DC1.centralazeri.org</Computer><Security/></System><EventData><Data Name='SubjectUserSid'>S-1-5-18</Data><Data Name='SubjectUserName'>CA-AS-DC1$</Data><Data Name='SubjectDomainName'>CENTRALAZERI</Data><Data Name='SubjectLogonId'>0x3e7</Data><Data Name='LogonGuid'>{00000000-0000-0000-0000-000000000000}</Data><Data Name='TargetUserName'>SYSTEM</Data><Data Name='TargetDomainName'>NT AUTHORITY</Data><Data Name='LogonGuid'>{00000000-0000-0000-0000-000000000000}</Data><Data Name='TargetServerName'>localhost</Data><Data Name='TargetInfo'>localhost</Data><Data Name='ProcessId'>0x2d8</Data><Data Name='ProcessName'>C:\Windows\System32\services.exe</Data><Data Name='IpAddress'>-</Data><Data Name='IpPort'>-</Data></EventData></Event>
<Event xmlns='http://schemas.microsoft.com/win/2004/08/events/event'><System><Provider Name='Microsoft-Windows-Security-Auditing' Guid='{54849625-5478-4994-a5ba-3e3b0328c30d}'/><EventID>4648</EventID><Version>0</Version><Level>0</Level><Task>12544</Task><Opcode>0</Opcode><Keywords>0x8020000000000000</Keywords><TimeCreated SystemTime='2023-01-30T22:43:49.470Z'/><EventRecordID>176304835</EventRecordID><Correlation/><Execution ProcessID='740' ThreadID='864'/><Channel>Security</Channel><Computer>CA-AS-DC1.centralazeri.org</Computer><Security/></System><EventData><Data Name='SubjectUserSid'>S-1-5-18</Data><Data Name='SubjectUserName'>CA-AS-DC1$</Data><Data Name='SubjectDomainName'>CENTRALAZERI</Data><Data Name='SubjectLogonId'>0x3e7</Data><Data Name='LogonGuid'>{00000000-0000-0000-0000-000000000000}</Data><Data Name='TargetUserName'>CA-AS-DC1$</Data><Data Name='TargetDomainName'>CENTRALAZERI.ORG</Data><Data Name='LogonGuid'>{8739A4BE-9BDA-C98A-FF78-FEBAD784B50D}</Data><Data Name='TargetServerName'>ca-as-dc1$</Data><Data Name='TargetInfo'>ca-as-dc1$</Data><Data Name='ProcessId'>0x7a8</Data><Data Name='ProcessName'>C:\Windows\System32\taskeng.exe</Data><Data Name='IpAddress'>-</Data><Data Name='IpPort'>-</Data></EventData></Event>
<Event xmlns='http://schemas.microsoft.com/win/2004/08/events/event'><System><Provider Name='Microsoft-Windows-Security-Auditing' Guid='{54849625-5478-4994-a5ba-3e3b0328c30d}'/><EventID>4648</EventID><Version>0</Version><Level>0</Level><Task>12544</Task><Opcode>0</Opcode><Keywords>0x8020000000000000</Keywords><TimeCreated SystemTime='2023-01-30T22:43:49.516Z'/><EventRecordID>176304843</EventRecordID><Correlation/><Execution ProcessID='740' ThreadID='8128'/><Channel>Security</Channel><Computer>CA-AS-DC1.centralazeri.org</Computer><Security/></System><EventData><Data Name='SubjectUserSid'>S-1-5-18</Data><Data Name='SubjectUserName'>CA-AS-DC1$</Data><Data Name='SubjectDomainName'>CENTRALAZERI</Data><Data Name='SubjectLogonId'>0x3e7</Data><Data Name='LogonGuid'>{00000000-0000-0000-0000-000000000000}</Data><Data Name='TargetUserName'>CA-AS-DC1$</Data><Data Name='TargetDomainName'>CENTRALAZERI.ORG</Data><Data Name='LogonGuid'>{8739A4BE-9BDA-C98A-FF78-FEBAD784B50D}</Data><Data Name='TargetServerName'>ca-as-dc1$</Data><Data Name='TargetInfo'>ca-as-dc1$</Data><Data Name='ProcessId'>0x7a8</Data><Data Name='ProcessName'>C:\Windows\System32\taskeng.exe</Data><Data Name='IpAddress'>-</Data><Data Name='IpPort'>-</Data></EventData></Event>
<Event xmlns='http://schemas.microsoft.com/win/2004/08/events/event'><System><Provider Name='Microsoft-Windows-Security-Auditing' Guid='{54849625-5478-4994-a5ba-3e3b0328c30d}'/><EventID>4648</EventID><Version>0</Version><Level>0</Level><Task>12544</Task><Opcode>0</Opcode><Keywords>0x8020000000000000</Keywords><TimeCreated SystemTime='2023-01-30T22:43:49.563Z'/><EventRecordID>176304850</EventRecordID><Correlation/><Execution ProcessID='740' ThreadID='5340'/><Channel>Security</Channel><Computer>CA-AS-DC1.centralazeri.org</Computer><Security/></System><EventData><Data Name='SubjectUserSid'>S-1-5-18</Data><Data Name='SubjectUserName'>CA-AS-DC1$</Data><Data Name='SubjectDomainName'>CENTRALAZERI</Data><Data Name='SubjectLogonId'>0x3e7</Data><Data Name='LogonGuid'>{00000000-0000-0000-0000-000000000000}</Data><Data Name='TargetUserName'>CA-AS-DC1$</Data><Data Name='TargetDomainName'>CENTRALAZERI.ORG</Data><Data Name='LogonGuid'>{8739A4BE-9BDA-C98A-FF78-FEBAD784B50D}</Data><Data Name='TargetServerName'>ca-as-dc1$</Data><Data Name='TargetInfo'>ca-as-dc1$</Data><Data Name='ProcessId'>0x7a8</Data><Data Name='ProcessName'>C:\Windows\System32\taskeng.exe</Data><Data Name='IpAddress'>-</Data><Data Name='IpPort'>-</Data></EventData></Event>
<Event xmlns='http://schemas.microsoft.com/win/2004/08/events/event'><System><Provider Name='Microsoft-Windows-Security-Auditing' Guid='{54849625-5478-4994-a5ba-3e3b0328c30d}'/><EventID>4648</EventID><Version>0</Version><Level>0</Level><Task>12544</Task><Opcode>0</Opcode><Keywords>0x8020000000000000</Keywords><TimeCreated SystemTime='2023-01-30T22:43:49.610Z'/><EventRecordID>176304855</EventRecordID><Correlation/><Execution ProcessID='740' ThreadID='1192'/><Channel>Security</Channel><Computer>CA-AS-DC1.centralazeri.org</Computer><Security/></System><EventData><Data Name='SubjectUserSid'>S-1-5-18</Data><Data Name='SubjectUserName'>CA-AS-DC1$</Data><Data Name='SubjectDomainName'>CENTRALAZERI</Data><Data Name='SubjectLogonId'>0x3e7</Data><Data Name='LogonGuid'>{00000000-0000-0000-0000-000000000000}</Data><Data Name='TargetUserName'>CA-AS-DC1$</Data><Data Name='TargetDomainName'>CENTRALAZERI.ORG</Data><Data Name='LogonGuid'>{8739A4BE-9BDA-C98A-FF78-FEBAD784B50D}</Data><Data Name='TargetServerName'>ca-as-dc1$</Data><Data Name='TargetInfo'>ca-as-dc1$</Data><Data Name='ProcessId'>0x7a8</Data><Data Name='ProcessName'>C:\Windows\System32\taskeng.exe</Data><Data Name='IpAddress'>-</Data><Data Name='IpPort'>-</Data></EventData></Event>
<Event xmlns='http://schemas.microsoft.com/win/2004/08/events/event'><System><Provider Name='Microsoft-Windows-Security-Auditing' Guid='{54849625-5478-4994-a5ba-3e3b0328c30d}'/><EventID>4648</EventID><Version>0</Version><Level>0</Level><Task>12544</Task><Opcode>0</Opcode><Keywords>0x8020000000000000</Keywords><TimeCreated SystemTime='2023-01-30T23:46:24.787Z'/><EventRecordID>176305579</EventRecordID><Correlation/><Execution ProcessID='740' ThreadID='8128'/><Channel>Security</Channel><Computer>CA-AS-DC1.centralazeri.org</Computer><Security/></System><EventData><Data Name='SubjectUserSid'>S-1-5-18</Data><Data Name='SubjectUserName'>CA-AS-DC1$</Data><Data Name='SubjectDomainName'>CENTRALAZERI</Data><Data Name='SubjectLogonId'>0x3e7</Data><Data Name='LogonGuid'>{00000000-0000-0000-0000-000000000000}</Data><Data Name='TargetUserName'>SYSTEM</Data><Data Name='TargetDomainName'>NT AUTHORITY</Data><Data Name='LogonGuid'>{00000000-0000-0000-0000-000000000000}</Data><Data Name='TargetServerName'>localhost</Data><Data Name='TargetInfo'>localhost</Data><Data Name='ProcessId'>0x2d8</Data><Data Name='ProcessName'>C:\Windows\System32\services.exe</Data><Data Name='IpAddress'>-</Data><Data Name='IpPort'>-</Data></EventData></Event>
<Event xmlns='http://schemas.microsoft.com/win/2004/08/events/event'><System><Provider Name='Microsoft-Windows-Security-Auditing' Guid='{54849625-5478-4994-a5ba-3e3b0328c30d}'/><EventID>4648</EventID><Version>0</Version><Level>0</Level><Task>12544</Task><Opcode>0</Opcode><Keywords>0x8020000000000000</Keywords><TimeCreated SystemTime='2023-01-31T03:34:00.731Z'/><EventRecordID>176308703</EventRecordID><Correlation/><Execution ProcessID='740' ThreadID='5340'/><Channel>Security</Channel><Computer>CA-AS-DC1.centralazeri.org</Computer><Security/></System><EventData><Data Name='SubjectUserSid'>S-1-5-18</Data><Data Name='SubjectUserName'>CA-AS-DC1$</Data><Data Name='SubjectDomainName'>CENTRALAZERI</Data><Data Name='SubjectLogonId'>0x3e7</Data><Data Name='LogonGuid'>{00000000-0000-0000-0000-000000000000}</Data><Data Name='TargetUserName'>SYSTEM</Data><Data Name='TargetDomainName'>NT AUTHORITY</Data><Data Name='LogonGuid'>{00000000-0000-0000-0000-000000000000}</Data><Data Name='TargetServerName'>localhost</Data><Data Name='TargetInfo'>localhost</Data><Data Name='ProcessId'>0x2d8</Data><Data Name='ProcessName'>C:\Windows\System32\services.exe</Data><Data Name='IpAddress'>-</Data><Data Name='IpPort'>-</Data></EventData></Event>
<Event xmlns='http://schemas.microsoft.com/win/2004/08/events/event'><System><Provider Name='Microsoft-Windows-Security-Auditing' Guid='{54849625-5478-4994-a5ba-3e3b0328c30d}'/><EventID>4648</EventID><Version>0</Version><Level>0</Level><Task>12544</Task><Opcode>0</Opcode><Keywords>0x8020000000000000</Keywords><TimeCreated SystemTime='2023-01-31T06:43:50.244Z'/><EventRecordID>176311630</EventRecordID><Correlation/><Execution ProcessID='740' ThreadID='8128'/><Channel>Security</Channel><Computer>CA-AS-DC1.centralazeri.org</Computer><Security/></System><EventData><Data Name='SubjectUserSid'>S-1-5-18</Data><Data Name='SubjectUserName'>CA-AS-DC1$</Data><Data Name='SubjectDomainName'>CENTRALAZERI</Data><Data Name='SubjectLogonId'>0x3e7</Data><Data Name='LogonGuid'>{00000000-0000-0000-0000-000000000000}</Data><Data Name='TargetUserName'>CA-AS-DC1$</Data><Data Name='TargetDomainName'>CENTRALAZERI.ORG</Data><Data Name='LogonGuid'>{19A437F6-8838-96B9-B08B-7ADE0CC16FFA}</Data><Data Name='TargetServerName'>ca-as-dc1$</Data><Data Name='TargetInfo'>ca-as-dc1$</Data><Data Name='ProcessId'>0x7a8</Data><Data Name='ProcessName'>C:\Windows\System32\taskeng.exe</Data><Data Name='IpAddress'>-</Data><Data Name='IpPort'>-</Data></EventData></Event>
<Event xmlns='http://schemas.microsoft.com/win/2004/08/events/event'><System><Provider Name='Microsoft-Windows-Security-Auditing' Guid='{54849625-5478-4994-a5ba-3e3b0328c30d}'/><EventID>4648</EventID><Version>0</Version><Level>0</Level><Task>12544</Task><Opcode>0</Opcode><Keywords>0x8020000000000000</Keywords><TimeCreated SystemTime='2023-01-31T06:43:50.291Z'/><EventRecordID>176311637</EventRecordID><Correlation/><Execution ProcessID='740' ThreadID='1192'/><Channel>Security</Channel><Computer>CA-AS-DC1.centralazeri.org</Computer><Security/></System><EventData><Data Name='SubjectUserSid'>S-1-5-18</Data><Data Name='SubjectUserName'>CA-AS-DC1$</Data><Data Name='SubjectDomainName'>CENTRALAZERI</Data><Data Name='SubjectLogonId'>0x3e7</Data><Data Name='LogonGuid'>{00000000-0000-0000-0000-000000000000}</Data><Data Name='TargetUserName'>CA-AS-DC1$</Data><Data Name='TargetDomainName'>CENTRALAZERI.ORG</Data><Data Name='LogonGuid'>{19A437F6-8838-96B9-B08B-7ADE0CC16FFA}</Data><Data Name='TargetServerName'>ca-as-dc1$</Data><Data Name='TargetInfo'>ca-as-dc1$</Data><Data Name='ProcessId'>0x7a8</Data><Data Name='ProcessName'>C:\Windows\System32\taskeng.exe</Data><Data Name='IpAddress'>-</Data><Data Name='IpPort'>-</Data></EventData></Event>
<Event xmlns='http://schemas.microsoft.com/win/2004/08/events/event'><System><Provider Name='Microsoft-Windows-Security-Auditing' Guid='{54849625-5478-4994-a5ba-3e3b0328c30d}'/><EventID>4648</EventID><Version>0</Version><Level>0</Level><Task>12544</Task><Opcode>0</Opcode><Keywords>0x8020000000000000</Keywords><TimeCreated SystemTime='2023-01-31T06:43:50.353Z'/><EventRecordID>176311644</EventRecordID><Correlation/><Execution ProcessID='740' ThreadID='9572'/><Channel>Security</Channel><Computer>CA-AS-DC1.centralazeri.org</Computer><Security/></System><EventData><Data Name='SubjectUserSid'>S-1-5-18</Data><Data Name='SubjectUserName'>CA-AS-DC1$</Data><Data Name='SubjectDomainName'>CENTRALAZERI</Data><Data Name='SubjectLogonId'>0x3e7</Data><Data Name='LogonGuid'>{00000000-0000-0000-0000-000000000000}</Data><Data Name='TargetUserName'>CA-AS-DC1$</Data><Data Name='TargetDomainName'>CENTRALAZERI.ORG</Data><Data Name='LogonGuid'>{19A437F6-8838-96B9-B08B-7ADE0CC16FFA}</Data><Data Name='TargetServerName'>ca-as-dc1$</Data><Data Name='TargetInfo'>ca-as-dc1$</Data><Data Name='ProcessId'>0x7a8</Data><Data Name='ProcessName'>C:\Windows\System32\taskeng.exe</Data><Data Name='IpAddress'>-</Data><Data Name='IpPort'>-</Data></EventData></Event>
<Event xmlns='http://schemas.microsoft.com/win/2004/08/events/event'><System><Provider Name='Microsoft-Windows-Security-Auditing' Guid='{54849625-5478-4994-a5ba-3e3b0328c30d}'/><EventID>4648</EventID><Version>0</Version><Level>0</Level><Task>12544</Task><Opcode>0</Opcode><Keywords>0x8020000000000000</Keywords><TimeCreated SystemTime='2023-01-31T06:43:50.400Z'/><EventRecordID>176311652</EventRecordID><Correlation/><Execution ProcessID='740' ThreadID='864'/><Channel>Security</Channel><Computer>CA-AS-DC1.centralazeri.org</Computer><Security/></System><EventData><Data Name='SubjectUserSid'>S-1-5-18</Data><Data Name='SubjectUserName'>CA-AS-DC1$</Data><Data Name='SubjectDomainName'>CENTRALAZERI</Data><Data Name='SubjectLogonId'>0x3e7</Data><Data Name='LogonGuid'>{00000000-0000-0000-0000-000000000000}</Data><Data Name='TargetUserName'>CA-AS-DC1$</Data><Data Name='TargetDomainName'>CENTRALAZERI.ORG</Data><Data Name='LogonGuid'>{19A437F6-8838-96B9-B08B-7ADE0CC16FFA}</Data><Data Name='TargetServerName'>ca-as-dc1$</Data><Data Name='TargetInfo'>ca-as-dc1$</Data><Data Name='ProcessId'>0x7a8</Data><Data Name='ProcessName'>C:\Windows\System32\taskeng.exe</Data><Data Name='IpAddress'>-</Data><Data Name='IpPort'>-</Data></EventData></Event>
<Event xmlns='http://schemas.microsoft.com/win/2004/08/events/event'><System><Provider Name='Microsoft-Windows-Security-Auditing' Guid='{54849625-5478-4994-a5ba-3e3b0328c30d}'/><EventID>4648</EventID><Version>0</Version><Level>0</Level><Task>12544</Task><Opcode>0</Opcode><Keywords>0x8020000000000000</Keywords><TimeCreated SystemTime='2023-01-31T06:56:14.069Z'/><EventRecordID>176311813</EventRecordID><Correlation/><Execution ProcessID='740' ThreadID='8128'/><Channel>Security</Channel><Computer>CA-AS-DC1.centralazeri.org</Computer><Security/></System><EventData><Data Name='SubjectUserSid'>S-1-5-18</Data><Data Name='SubjectUserName'>CA-AS-DC1$</Data><Data Name='SubjectDomainName'>CENTRALAZERI</Data><Data Name='SubjectLogonId'>0x3e7</Data><Data Name='LogonGuid'>{00000000-0000-0000-0000-000000000000}</Data><Data Name='TargetUserName'>SYSTEM</Data><Data Name='TargetDomainName'>NT AUTHORITY</Data><Data Name='LogonGuid'>{00000000-0000-0000-0000-000000000000}</Data><Data Name='TargetServerName'>localhost</Data><Data Name='TargetInfo'>localhost</Data><Data Name='ProcessId'>0x2d8</Data><Data Name='ProcessName'>C:\Windows\System32\services.exe</Data><Data Name='IpAddress'>-</Data><Data Name='IpPort'>-</Data></EventData></Event>
<Event xmlns='http://schemas.microsoft.com/win/2004/08/events/event'><System><Provider Name='Microsoft-Windows-Security-Auditing' Guid='{54849625-5478-4994-a5ba-3e3b0328c30d}'/><EventID>4648</EventID><Version>0</Version><Level>0</Level><Task>12544</Task><Opcode>0</Opcode><Keywords>0x8020000000000000</Keywords><TimeCreated SystemTime='2023-01-31T10:49:24.324Z'/><EventRecordID>176315079</EventRecordID><Correlation/><Execution ProcessID='740' ThreadID='5340'/><Channel>Security</Channel><Computer>CA-AS-DC1.centralazeri.org</Computer><Security/></System><EventData><Data Name='SubjectUserSid'>S-1-5-18</Data><Data Name='SubjectUserName'>CA-AS-DC1$</Data><Data Name='SubjectDomainName'>CENTRALAZERI</Data><Data Name='SubjectLogonId'>0x3e7</Data><Data Name='LogonGuid'>{00000000-0000-0000-0000-000000000000}</Data><Data Name='TargetUserName'>SYSTEM</Data><Data Name='TargetDomainName'>NT AUTHORITY</Data><Data Name='LogonGuid'>{00000000-0000-0000-0000-000000000000}</Data><Data Name='TargetServerName'>localhost</Data><Data Name='TargetInfo'>localhost</Data><Data Name='ProcessId'>0x2d8</Data><Data Name='ProcessName'>C:\Windows\System32\services.exe</Data><Data Name='IpAddress'>-</Data><Data Name='IpPort'>-</Data></EventData></Event>
<Event xmlns='http://schemas.microsoft.com/win/2004/08/events/event'><System><Provider Name='Microsoft-Windows-Security-Auditing' Guid='{54849625-5478-4994-a5ba-3e3b0328c30d}'/><EventID>4648</EventID><Version>0</Version><Level>0</Level><Task>12544</Task><Opcode>0</Opcode><Keywords>0x8020000000000000</Keywords><TimeCreated SystemTime='2023-01-31T14:05:05.355Z'/><EventRecordID>176317853</EventRecordID><Correlation/><Execution ProcessID='740' ThreadID='9572'/><Channel>Security</Channel><Computer>CA-AS-DC1.centralazeri.org</Computer><Security/></System><EventData><Data Name='SubjectUserSid'>S-1-5-18</Data><Data Name='SubjectUserName'>CA-AS-DC1$</Data><Data Name='SubjectDomainName'>CENTRALAZERI</Data><Data Name='SubjectLogonId'>0x3e7</Data><Data Name='LogonGuid'>{00000000-0000-0000-0000-000000000000}</Data><Data Name='TargetUserName'>SYSTEM</Data><Data Name='TargetDomainName'>NT AUTHORITY</Data><Data Name='LogonGuid'>{00000000-0000-0000-0000-000000000000}</Data><Data Name='TargetServerName'>localhost</Data><Data Name='TargetInfo'>localhost</Data><Data Name='ProcessId'>0x2d8</Data><Data Name='ProcessName'>C:\Windows\System32\services.exe</Data><Data Name='IpAddress'>-</Data><Data Name='IpPort'>-</Data></EventData></Event>
<Event xmlns='http://schemas.microsoft.com/win/2004/08/events/event'><System><Provider Name='Microsoft-Windows-Security-Auditing' Guid='{54849625-5478-4994-a5ba-3e3b0328c30d}'/><EventID>4648</EventID><Version>0</Version><Level>0</Level><Task>12544</Task><Opcode>0</Opcode><Keywords>0x8020000000000000</Keywords><TimeCreated SystemTime='2023-01-31T14:43:50.349Z'/><EventRecordID>176318524</EventRecordID><Correlation/><Execution ProcessID='740' ThreadID='5340'/><Channel>Security</Channel><Computer>CA-AS-DC1.centralazeri.org</Computer><Security/></System><EventData><Data Name='SubjectUserSid'>S-1-5-18</Data><Data Name='SubjectUserName'>CA-AS-DC1$</Data><Data Name='SubjectDomainName'>CENTRALAZERI</Data><Data Name='SubjectLogonId'>0x3e7</Data><Data Name='LogonGuid'>{00000000-0000-0000-0000-000000000000}</Data><Data Name='TargetUserName'>CA-AS-DC1$</Data><Data Name='TargetDomainName'>CENTRALAZERI.ORG</Data><Data Name='LogonGuid'>{EC5F08A9-04C2-4FDC-0EB2-02A1587630BE}</Data><Data Name='TargetServerName'>ca-as-dc1$</Data><Data Name='TargetInfo'>ca-as-dc1$</Data><Data Name='ProcessId'>0x7a8</Data><Data Name='ProcessName'>C:\Windows\System32\taskeng.exe</Data><Data Name='IpAddress'>-</Data><Data Name='IpPort'>-</Data></EventData></Event>
<Event xmlns='http://schemas.microsoft.com/win/2004/08/events/event'><System><Provider Name='Microsoft-Windows-Security-Auditing' Guid='{54849625-5478-4994-a5ba-3e3b0328c30d}'/><EventID>4648</EventID><Version>0</Version><Level>0</Level><Task>12544</Task><Opcode>0</Opcode><Keywords>0x8020000000000000</Keywords><TimeCreated SystemTime='2023-01-31T14:43:50.412Z'/><EventRecordID>176318532</EventRecordID><Correlation/><Execution ProcessID='740' ThreadID='864'/><Channel>Security</Channel><Computer>CA-AS-DC1.centralazeri.org</Computer><Security/></System><EventData><Data Name='SubjectUserSid'>S-1-5-18</Data><Data Name='SubjectUserName'>CA-AS-DC1$</Data><Data Name='SubjectDomainName'>CENTRALAZERI</Data><Data Name='SubjectLogonId'>0x3e7</Data><Data Name='LogonGuid'>{00000000-0000-0000-0000-000000000000}</Data><Data Name='TargetUserName'>CA-AS-DC1$</Data><Data Name='TargetDomainName'>CENTRALAZERI.ORG</Data><Data Name='LogonGuid'>{EC5F08A9-04C2-4FDC-0EB2-02A1587630BE}</Data><Data Name='TargetServerName'>ca-as-dc1$</Data><Data Name='TargetInfo'>ca-as-dc1$</Data><Data Name='ProcessId'>0x7a8</Data><Data Name='ProcessName'>C:\Windows\System32\taskeng.exe</Data><Data Name='IpAddress'>-</Data><Data Name='IpPort'>-</Data></EventData></Event>
<Event xmlns='http://schemas.microsoft.com/win/2004/08/events/event'><System><Provider Name='Microsoft-Windows-Security-Auditing' Guid='{54849625-5478-4994-a5ba-3e3b0328c30d}'/><EventID>4648</EventID><Version>0</Version><Level>0</Level><Task>12544</Task><Opcode>0</Opcode><Keywords>0x8020000000000000</Keywords><TimeCreated SystemTime='2023-01-31T14:43:50.458Z'/><EventRecordID>176318539</EventRecordID><Correlation/><Execution ProcessID='740' ThreadID='8128'/><Channel>Security</Channel><Computer>CA-AS-DC1.centralazeri.org</Computer><Security/></System><EventData><Data Name='SubjectUserSid'>S-1-5-18</Data><Data Name='SubjectUserName'>CA-AS-DC1$</Data><Data Name='SubjectDomainName'>CENTRALAZERI</Data><Data Name='SubjectLogonId'>0x3e7</Data><Data Name='LogonGuid'>{00000000-0000-0000-0000-000000000000}</Data><Data Name='TargetUserName'>CA-AS-DC1$</Data><Data Name='TargetDomainName'>CENTRALAZERI.ORG</Data><Data Name='LogonGuid'>{EC5F08A9-04C2-4FDC-0EB2-02A1587630BE}</Data><Data Name='TargetServerName'>ca-as-dc1$</Data><Data Name='TargetInfo'>ca-as-dc1$</Data><Data Name='ProcessId'>0x7a8</Data><Data Name='ProcessName'>C:\Windows\System32\taskeng.exe</Data><Data Name='IpAddress'>-</Data><Data Name='IpPort'>-</Data></EventData></Event>
<Event xmlns='http://schemas.microsoft.com/win/2004/08/events/event'><System><Provider Name='Microsoft-Windows-Security-Auditing' Guid='{54849625-5478-4994-a5ba-3e3b0328c30d}'/><EventID>4648</EventID><Version>0</Version><Level>0</Level><Task>12544</Task><Opcode>0</Opcode><Keywords>0x8020000000000000</Keywords><TimeCreated SystemTime='2023-01-31T14:43:50.521Z'/><EventRecordID>176318546</EventRecordID><Correlation/><Execution ProcessID='740' ThreadID='2640'/><Channel>Security</Channel><Computer>CA-AS-DC1.centralazeri.org</Computer><Security/></System><EventData><Data Name='SubjectUserSid'>S-1-5-18</Data><Data Name='SubjectUserName'>CA-AS-DC1$</Data><Data Name='SubjectDomainName'>CENTRALAZERI</Data><Data Name='SubjectLogonId'>0x3e7</Data><Data Name='LogonGuid'>{00000000-0000-0000-0000-000000000000}</Data><Data Name='TargetUserName'>CA-AS-DC1$</Data><Data Name='TargetDomainName'>CENTRALAZERI.ORG</Data><Data Name='LogonGuid'>{EC5F08A9-04C2-4FDC-0EB2-02A1587630BE}</Data><Data Name='TargetServerName'>ca-as-dc1$</Data><Data Name='TargetInfo'>ca-as-dc1$</Data><Data Name='ProcessId'>0x7a8</Data><Data Name='ProcessName'>C:\Windows\System32\taskeng.exe</Data><Data Name='IpAddress'>-</Data><Data Name='IpPort'>-</Data></EventData></Event>
<Event xmlns='http://schemas.microsoft.com/win/2004/08/events/event'><System><Provider Name='Microsoft-Windows-Security-Auditing' Guid='{54849625-5478-4994-a5ba-3e3b0328c30d}'/><EventID>4648</EventID><Version>0</Version><Level>0</Level><Task>12544</Task><Opcode>0</Opcode><Keywords>0x8020000000000000</Keywords><TimeCreated SystemTime='2023-01-31T17:55:13.448Z'/><EventRecordID>176321105</EventRecordID><Correlation/><Execution ProcessID='740' ThreadID='5340'/><Channel>Security</Channel><Computer>CA-AS-DC1.centralazeri.org</Computer><Security/></System><EventData><Data Name='SubjectUserSid'>S-1-5-18</Data><Data Name='SubjectUserName'>CA-AS-DC1$</Data><Data Name='SubjectDomainName'>CENTRALAZERI</Data><Data Name='SubjectLogonId'>0x3e7</Data><Data Name='LogonGuid'>{00000000-0000-0000-0000-000000000000}</Data><Data Name='TargetUserName'>SYSTEM</Data><Data Name='TargetDomainName'>NT AUTHORITY</Data><Data Name='LogonGuid'>{00000000-0000-0000-0000-000000000000}</Data><Data Name='TargetServerName'>localhost</Data><Data Name='TargetInfo'>localhost</Data><Data Name='ProcessId'>0x2d8</Data><Data Name='ProcessName'>C:\Windows\System32\services.exe</Data><Data Name='IpAddress'>-</Data><Data Name='IpPort'>-</Data></EventData></Event>
<Event xmlns='http://schemas.microsoft.com/win/2004/08/events/event'><System><Provider Name='Microsoft-Windows-Security-Auditing' Guid='{54849625-5478-4994-a5ba-3e3b0328c30d}'/><EventID>4648</EventID><Version>0</Version><Level>0</Level><Task>12544</Task><Opcode>0</Opcode><Keywords>0x8020000000000000</Keywords><TimeCreated SystemTime='2023-01-31T21:30:36.645Z'/><EventRecordID>176324011</EventRecordID><Correlation/><Execution ProcessID='740' ThreadID='1192'/><Channel>Security</Channel><Computer>CA-AS-DC1.centralazeri.org</Computer><Security/></System><EventData><Data Name='SubjectUserSid'>S-1-5-18</Data><Data Name='SubjectUserName'>CA-AS-DC1$</Data><Data Name='SubjectDomainName'>CENTRALAZERI</Data><Data Name='SubjectLogonId'>0x3e7</Data><Data Name='LogonGuid'>{00000000-0000-0000-0000-000000000000}</Data><Data Name='TargetUserName'>SYSTEM</Data><Data Name='TargetDomainName'>NT AUTHORITY</Data><Data Name='LogonGuid'>{00000000-0000-0000-0000-000000000000}</Data><Data Name='TargetServerName'>localhost</Data><Data Name='TargetInfo'>localhost</Data><Data Name='ProcessId'>0x2d8</Data><Data Name='ProcessName'>C:\Windows\System32\services.exe</Data><Data Name='IpAddress'>-</Data><Data Name='IpPort'>-</Data></EventData></Event>
<Event xmlns='http://schemas.microsoft.com/win/2004/08/events/event'><System><Provider Name='Microsoft-Windows-Security-Auditing' Guid='{54849625-5478-4994-a5ba-3e3b0328c30d}'/><EventID>4648</EventID><Version>0</Version><Level>0</Level><Task>12544</Task><Opcode>0</Opcode><Keywords>0x8020000000000000</Keywords><TimeCreated SystemTime='2023-01-31T22:43:50.856Z'/><EventRecordID>176325068</EventRecordID><Correlation/><Execution ProcessID='740' ThreadID='8128'/><Channel>Security</Channel><Computer>CA-AS-DC1.centralazeri.org</Computer><Security/></System><EventData><Data Name='SubjectUserSid'>S-1-5-18</Data><Data Name='SubjectUserName'>CA-AS-DC1$</Data><Data Name='SubjectDomainName'>CENTRALAZERI</Data><Data Name='SubjectLogonId'>0x3e7</Data><Data Name='LogonGuid'>{00000000-0000-0000-0000-000000000000}</Data><Data Name='TargetUserName'>CA-AS-DC1$</Data><Data Name='TargetDomainName'>CENTRALAZERI.ORG</Data><Data Name='LogonGuid'>{4E60F139-D0D7-FFDF-91D8-17C51FD1CC26}</Data><Data Name='TargetServerName'>ca-as-dc1$</Data><Data Name='TargetInfo'>ca-as-dc1$</Data><Data Name='ProcessId'>0x7a8</Data><Data Name='ProcessName'>C:\Windows\System32\taskeng.exe</Data><Data Name='IpAddress'>-</Data><Data Name='IpPort'>-</Data></EventData></Event>
