<Event xmlns='http://schemas.microsoft.com/win/2004/08/events/event'><System><Provider Name='Microsoft-Windows-Security-Auditing' Guid='{54849625-5478-4994-a5ba-3e3b0328c30d}'/><EventID>4648</EventID><Version>0</Version><Level>0</Level><Task>12544</Task><Opcode>0</Opcode><Keywords>0x8020000000000000</Keywords><TimeCreated SystemTime='2023-02-02T22:43:54.534Z'/><EventRecordID>176362577</EventRecordID><Correlation/><Execution ProcessID='740' ThreadID='1192'/><Channel>Security</Channel><Computer>CA-AS-DC1.centralazeri.org</Computer><Security/></System><EventData><Data Name='SubjectUserSid'>S-1-5-18</Data><Data Name='SubjectUserName'>CA-AS-DC1$</Data><Data Name='SubjectDomainName'>CENTRALAZERI</Data><Data Name='SubjectLogonId'>0x3e7</Data><Data Name='LogonGuid'>{00000000-0000-0000-0000-000000000000}</Data><Data Name='TargetUserName'>CA-AS-DC1$</Data><Data Name='TargetDomainName'>CENTRALAZERI.ORG</Data><Data Name='LogonGuid'>{FA82F86C-8CBC-5886-9990-2C93C9553495}</Data><Data Name='TargetServerName'>ca-as-dc1$</Data><Data Name='TargetInfo'>ca-as-dc1$</Data><Data Name='ProcessId'>0x7a8</Data><Data Name='ProcessName'>C:\Windows\System32\taskeng.exe</Data><Data Name='IpAddress'>-</Data><Data Name='IpPort'>-</Data></EventData></Event>
<Event xmlns='http://schemas.microsoft.com/win/2004/08/events/event'><System><Provider Name='Microsoft-Windows-Security-Auditing' Guid='{54849625-5478-4994-a5ba-3e3b0328c30d}'/><EventID>4648</EventID><Version>0</Version><Level>0</Level><Task>12544</Task><Opcode>0</Opcode><Keywords>0x8020000000000000</Keywords><TimeCreated SystemTime='2023-02-02T22:43:54.596Z'/><EventRecordID>176362585</EventRecordID><Correlation/><Execution ProcessID='740' ThreadID='2640'/><Channel>Security</Channel><Computer>CA-AS-DC1.centralazeri.org</Computer><Security/></System><EventData><Data Name='SubjectUserSid'>S-1-5-18</Data><Data Name='SubjectUserName'>CA-AS-DC1$</Data><Data Name='SubjectDomainName'>CENTRALAZERI</Data><Data Name='SubjectLogonId'>0x3e7</Data><Data Name='LogonGuid'>{00000000-0000-0000-0000-000000000000}</Data><Data Name='TargetUserName'>CA-AS-DC1$</Data><Data Name='TargetDomainName'>CENTRALAZERI.ORG</Data><Data Name='LogonGuid'>{FA82F86C-8CBC-5886-9990-2C93C9553495}</Data><Data Name='TargetServerName'>ca-as-dc1$</Data><Data Name='TargetInfo'>ca-as-dc1$</Data><Data Name='ProcessId'>0x7a8</Data><Data Name='ProcessName'>C:\Windows\System32\taskeng.exe</Data><Data Name='IpAddress'>-</Data><Data Name='IpPort'>-</Data></EventData></Event>
<Event xmlns='http://schemas.microsoft.com/win/2004/08/events/event'><System><Provider Name='Microsoft-Windows-Security-Auditing' Guid='{54849625-5478-4994-a5ba-3e3b0328c30d}'/><EventID>4648</EventID><Version>0</Version><Level>0</Level><Task>12544</Task><Opcode>0</Opcode><Keywords>0x8020000000000000</Keywords><TimeCreated SystemTime='2023-02-02T22:43:54.643Z'/><EventRecordID>176362592</EventRecordID><Correlation/><Execution ProcessID='740' ThreadID='9572'/><Channel>Security</Channel><Computer>CA-AS-DC1.centralazeri.org</Computer><Security/></System><EventData><Data Name='SubjectUserSid'>S-1-5-18</Data><Data Name='SubjectUserName'>CA-AS-DC1$</Data><Data Name='SubjectDomainName'>CENTRALAZERI</Data><Data Name='SubjectLogonId'>0x3e7</Data><Data Name='LogonGuid'>{00000000-0000-0000-0000-000000000000}</Data><Data Name='TargetUserName'>CA-AS-DC1$</Data><Data Name='TargetDomainName'>CENTRALAZERI.ORG</Data><Data Name='LogonGuid'>{FA82F86C-8CBC-5886-9990-2C93C9553495}</Data><Data Name='TargetServerName'>ca-as-dc1$</Data><Data Name='TargetInfo'>ca-as-dc1$</Data><Data Name='ProcessId'>0x7a8</Data><Data Name='ProcessName'>C:\Windows\System32\taskeng.exe</Data><Data Name='IpAddress'>-</Data><Data Name='IpPort'>-</Data></EventData></Event>
<Event xmlns='http://schemas.microsoft.com/win/2004/08/events/event'><System><Provider Name='Microsoft-Windows-Security-Auditing' Guid='{54849625-5478-4994-a5ba-3e3b0328c30d}'/><EventID>4648</EventID><Version>0</Version><Level>0</Level><Task>12544</Task><Opcode>0</Opcode><Keywords>0x8020000000000000</Keywords><TimeCreated SystemTime='2023-02-03T00:44:22.568Z'/><EventRecordID>176364137</EventRecordID><Correlation/><Execution ProcessID='740' ThreadID='1192'/><Channel>Security</Channel><Computer>CA-AS-DC1.centralazeri.org</Computer><Security/></System><EventData><Data Name='SubjectUserSid'>S-1-5-18</Data><Data Name='SubjectUserName'>CA-AS-DC1$</Data><Data Name='SubjectDomainName'>CENTRALAZERI</Data><Data Name='SubjectLogonId'>0x3e7</Data><Data Name='LogonGuid'>{00000000-0000-0000-0000-000000000000}</Data><Data Name='TargetUserName'>SYSTEM</Data><Data Name='TargetDomainName'>NT AUTHORITY</Data><Data Name='LogonGuid'>{00000000-0000-0000-0000-000000000000}</Data><Data Name='TargetServerName'>localhost</Data><Data Name='TargetInfo'>localhost</Data><Data Name='ProcessId'>0x2d8</Data><Data Name='ProcessName'>C:\Windows\System32\services.exe</Data><Data Name='IpAddress'>-</Data><Data Name='IpPort'>-</Data></EventData></Event>
<Event xmlns='http://schemas.microsoft.com/win/2004/08/events/event'><System><Provider Name='Microsoft-Windows-Security-Auditing' Guid='{54849625-5478-4994-a5ba-3e3b0328c30d}'/><EventID>4648</EventID><Version>0</Version><Level>0</Level><Task>12544</Task><Opcode>0</Opcode><Keywords>0x8020000000000000</Keywords><TimeCreated SystemTime='2023-02-03T04:37:31.052Z'/><EventRecordID>176367414</EventRecordID><Correlation/><Execution ProcessID='740' ThreadID='5340'/><Channel>Security</Channel><Computer>CA-AS-DC1.centralazeri.org</Computer><Security/></System><EventData><Data Name='SubjectUserSid'>S-1-5-18</Data><Data Name='SubjectUserName'>CA-AS-DC1$</Data><Data Name='SubjectDomainName'>CENTRALAZERI</Data><Data Name='SubjectLogonId'>0x3e7</Data><Data Name='LogonGuid'>{00000000-0000-0000-0000-000000000000}</Data><Data Name='TargetUserName'>SYSTEM</Data><Data Name='TargetDomainName'>NT AUTHORITY</Data><Data Name='LogonGuid'>{00000000-0000-0000-0000-000000000000}</Data><Data Name='TargetServerName'>localhost</Data><Data Name='TargetInfo'>localhost</Data><Data Name='ProcessId'>0x2d8</Data><Data Name='ProcessName'>C:\Windows\System32\services.exe</Data><Data Name='IpAddress'>-</Data><Data Name='IpPort'>-</Data></EventData></Event>
<Event xmlns='http://schemas.microsoft.com/win/2004/08/events/event'><System><Provider Name='Microsoft-Windows-Security-Auditing' Guid='{54849625-5478-4994-a5ba-3e3b0328c30d}'/><EventID>4648</EventID><Version>0</Version><Level>0</Level><Task>12544</Task><Opcode>0</Opcode><Keywords>0x8020000000000000</Keywords><TimeCreated SystemTime='2023-02-03T06:43:55.228Z'/><EventRecordID>176369143</EventRecordID><Correlation/><Execution ProcessID='740' ThreadID='8128'/><Channel>Security</Channel><Computer>CA-AS-DC1.centralazeri.org</Computer><Security/></System><EventData><Data Name='SubjectUserSid'>S-1-5-18</Data><Data Name='SubjectUserName'>CA-AS-DC1$</Data><Data Name='SubjectDomainName'>CENTRALAZERI</Data><Data Name='SubjectLogonId'>0x3e7</Data><Data Name='LogonGuid'>{00000000-0000-0000-0000-000000000000}</Data><Data Name='TargetUserName'>CA-AS-DC1$</Data><Data Name='TargetDomainName'>CENTRALAZERI.ORG</Data><Data Name='LogonGuid'>{0B06B539-61F5-4766-C1B0-EF2A25E77C97}</Data><Data Name='TargetServerName'>ca-as-dc1$</Data><Data Name='TargetInfo'>ca-as-dc1$</Data><Data Name='ProcessId'>0x7a8</Data><Data Name='ProcessName'>C:\Windows\System32\taskeng.exe</Data><Data Name='IpAddress'>-</Data><Data Name='IpPort'>-</Data></EventData></Event>
<Event xmlns='http://schemas.microsoft.com/win/2004/08/events/event'><System><Provider Name='Microsoft-Windows-Security-Auditing' Guid='{54849625-5478-4994-a5ba-3e3b0328c30d}'/><EventID>4648</EventID><Version>0</Version><Level>0</Level><Task>12544</Task><Opcode>0</Opcode><Keywords>0x8020000000000000</Keywords><TimeCreated SystemTime='2023-02-03T06:43:55.291Z'/><EventRecordID>176369151</EventRecordID><Correlation/><Execution ProcessID='740' ThreadID='9572'/><Channel>Security</Channel><Computer>CA-AS-DC1.centralazeri.org</Computer><Security/></System><EventData><Data Name='SubjectUserSid'>S-1-5-18</Data><Data Name='SubjectUserName'>CA-AS-DC1$</Data><Data Name='SubjectDomainName'>CENTRALAZERI</Data><Data Name='SubjectLogonId'>0x3e7</Data><Data Name='LogonGuid'>{00000000-0000-0000-0000-000000000000}</Data><Data Name='TargetUserName'>CA-AS-DC1$</Data><Data Name='TargetDomainName'>CENTRALAZERI.ORG</Data><Data Name='LogonGuid'>{0B06B539-61F5-4766-C1B0-EF2A25E77C97}</Data><Data Name='TargetServerName'>ca-as-dc1$</Data><Data Name='TargetInfo'>ca-as-dc1$</Data><Data Name='ProcessId'>0x7a8</Data><Data Name='ProcessName'>C:\Windows\System32\taskeng.exe</Data><Data Name='IpAddress'>-</Data><Data Name='IpPort'>-</Data></EventData></Event>
<Event xmlns='http://schemas.microsoft.com/win/2004/08/events/event'><System><Provider Name='Microsoft-Windows-Security-Auditing' Guid='{54849625-5478-4994-a5ba-3e3b0328c30d}'/><EventID>4648</EventID><Version>0</Version><Level>0</Level><Task>12544</Task><Opcode>0</Opcode><Keywords>0x8020000000000000</Keywords><TimeCreated SystemTime='2023-02-03T06:43:55.337Z'/><EventRecordID>176369157</EventRecordID><Correlation/><Execution ProcessID='740' ThreadID='2640'/><Channel>Security</Channel><Computer>CA-AS-DC1.centralazeri.org</Computer><Security/></System><EventData><Data Name='SubjectUserSid'>S-1-5-18</Data><Data Name='SubjectUserName'>CA-AS-DC1$</Data><Data Name='SubjectDomainName'>CENTRALAZERI</Data><Data Name='SubjectLogonId'>0x3e7</Data><Data Name='LogonGuid'>{00000000-0000-0000-0000-000000000000}</Data><Data Name='TargetUserName'>CA-AS-DC1$</Data><Data Name='TargetDomainName'>CENTRALAZERI.ORG</Data><Data Name='LogonGuid'>{0B06B539-61F5-4766-C1B0-EF2A25E77C97}</Data><Data Name='TargetServerName'>ca-as-dc1$</Data><Data Name='TargetInfo'>ca-as-dc1$</Data><Data Name='ProcessId'>0x7a8</Data><Data Name='ProcessName'>C:\Windows\System32\taskeng.exe</Data><Data Name='IpAddress'>-</Data><Data Name='IpPort'>-</Data></EventData></Event>
<Event xmlns='http://schemas.microsoft.com/win/2004/08/events/event'><System><Provider Name='Microsoft-Windows-Security-Auditing' Guid='{54849625-5478-4994-a5ba-3e3b0328c30d}'/><EventID>4648</EventID><Version>0</Version><Level>0</Level><Task>12544</Task><Opcode>0</Opcode><Keywords>0x8020000000000000</Keywords><TimeCreated SystemTime='2023-02-03T06:43:55.384Z'/><EventRecordID>176369165</EventRecordID><Correlation/><Execution ProcessID='740' ThreadID='1192'/><Channel>Security</Channel><Computer>CA-AS-DC1.centralazeri.org</Computer><Security/></System><EventData><Data Name='SubjectUserSid'>S-1-5-18</Data><Data Name='SubjectUserName'>CA-AS-DC1$</Data><Data Name='SubjectDomainName'>CENTRALAZERI</Data><Data Name='SubjectLogonId'>0x3e7</Data><Data Name='LogonGuid'>{00000000-0000-0000-0000-000000000000}</Data><Data Name='TargetUserName'>CA-AS-DC1$</Data><Data Name='TargetDomainName'>CENTRALAZERI.ORG</Data><Data Name='LogonGuid'>{0B06B539-61F5-4766-C1B0-EF2A25E77C97}</Data><Data Name='TargetServerName'>ca-as-dc1$</Data><Data Name='TargetInfo'>ca-as-dc1$</Data><Data Name='ProcessId'>0x7a8</Data><Data Name='ProcessName'>C:\Windows\System32\taskeng.exe</Data><Data Name='IpAddress'>-</Data><Data Name='IpPort'>-</Data></EventData></Event>
<Event xmlns='http://schemas.microsoft.com/win/2004/08/events/event'><System><Provider Name='Microsoft-Windows-Security-Auditing' Guid='{54849625-5478-4994-a5ba-3e3b0328c30d}'/><EventID>4648</EventID><Version>0</Version><Level>0</Level><Task>12544</Task><Opcode>0</Opcode><Keywords>0x8020000000000000</Keywords><TimeCreated SystemTime='2023-02-03T08:22:34.278Z'/><EventRecordID>176370498</EventRecordID><Correlation/><Execution ProcessID='740' ThreadID='864'/><Channel>Security</Channel><Computer>CA-AS-DC1.centralazeri.org</Computer><Security/></System><EventData><Data Name='SubjectUserSid'>S-1-5-18</Data><Data Name='SubjectUserName'>CA-AS-DC1$</Data><Data Name='SubjectDomainName'>CENTRALAZERI</Data><Data Name='SubjectLogonId'>0x3e7</Data><Data Name='LogonGuid'>{00000000-0000-0000-0000-000000000000}</Data><Data Name='TargetUserName'>SYSTEM</Data><Data Name='TargetDomainName'>NT AUTHORITY</Data><Data Name='LogonGuid'>{00000000-0000-0000-0000-000000000000}</Data><Data Name='TargetServerName'>localhost</Data><Data Name='TargetInfo'>localhost</Data><Data Name='ProcessId'>0x2d8</Data><Data Name='ProcessName'>C:\Windows\System32\services.exe</Data><Data Name='IpAddress'>-</Data><Data Name='IpPort'>-</Data></EventData></Event>
<Event xmlns='http://schemas.microsoft.com/win/2004/08/events/event'><System><Provider Name='Microsoft-Windows-Security-Auditing' Guid='{54849625-5478-4994-a5ba-3e3b0328c30d}'/><EventID>4648</EventID><Version>0</Version><Level>0</Level><Task>12544</Task><Opcode>0</Opcode><Keywords>0x8020000000000000</Keywords><TimeCreated SystemTime='2023-02-03T11:43:04.345Z'/><EventRecordID>176373290</EventRecordID><Correlation/><Execution ProcessID='740' ThreadID='8128'/><Channel>Security</Channel><Computer>CA-AS-DC1.centralazeri.org</Computer><Security/></System><EventData><Data Name='SubjectUserSid'>S-1-5-18</Data><Data Name='SubjectUserName'>CA-AS-DC1$</Data><Data Name='SubjectDomainName'>CENTRALAZERI</Data><Data Name='SubjectLogonId'>0x3e7</Data><Data Name='LogonGuid'>{00000000-0000-0000-0000-000000000000}</Data><Data Name='TargetUserName'>SYSTEM</Data><Data Name='TargetDomainName'>NT AUTHORITY</Data><Data Name='LogonGuid'>{00000000-0000-0000-0000-000000000000}</Data><Data Name='TargetServerName'>localhost</Data><Data Name='TargetInfo'>localhost</Data><Data Name='ProcessId'>0x2d8</Data><Data Name='ProcessName'>C:\Windows\System32\services.exe</Data><Data Name='IpAddress'>-</Data><Data Name='IpPort'>-</Data></EventData></Event>
<Event xmlns='http://schemas.microsoft.com/win/2004/08/events/event'><System><Provider Name='Microsoft-Windows-Security-Auditing' Guid='{54849625-5478-4994-a5ba-3e3b0328c30d}'/><EventID>4648</EventID><Version>0</Version><Level>0</Level><Task>12544</Task><Opcode>0</Opcode><Keywords>0x8020000000000000</Keywords><TimeCreated SystemTime='2023-02-03T14:43:55.638Z'/><EventRecordID>176375799</EventRecordID><Correlation/><Execution ProcessID='740' ThreadID='2640'/><Channel>Security</Channel><Computer>CA-AS-DC1.centralazeri.org</Computer><Security/></System><EventData><Data Name='SubjectUserSid'>S-1-5-18</Data><Data Name='SubjectUserName'>CA-AS-DC1$</Data><Data Name='SubjectDomainName'>CENTRALAZERI</Data><Data Name='SubjectLogonId'>0x3e7</Data><Data Name='LogonGuid'>{00000000-0000-0000-0000-000000000000}</Data><Data Name='TargetUserName'>CA-AS-DC1$</Data><Data Name='TargetDomainName'>CENTRALAZERI.ORG</Data><Data Name='LogonGuid'>{8F413E5B-B6F3-9C1D-DEDE-3DE416CF3590}</Data><Data Name='TargetServerName'>ca-as-dc1$</Data><Data Name='TargetInfo'>ca-as-dc1$</Data><Data Name='ProcessId'>0x7a8</Data><Data Name='ProcessName'>C:\Windows\System32\taskeng.exe</Data><Data Name='IpAddress'>-</Data><Data Name='IpPort'>-</Data></EventData></Event>
<Event xmlns='http://schemas.microsoft.com/win/2004/08/events/event'><System><Provider Name='Microsoft-Windows-Security-Auditing' Guid='{54849625-5478-4994-a5ba-3e3b0328c30d}'/><EventID>4648</EventID><Version>0</Version><Level>0</Level><Task>12544</Task><Opcode>0</Opcode><Keywords>0x8020000000000000</Keywords><TimeCreated SystemTime='2023-02-03T14:43:55.684Z'/><EventRecordID>176375804</EventRecordID><Correlation/><Execution ProcessID='740' ThreadID='5340'/><Channel>Security</Channel><Computer>CA-AS-DC1.centralazeri.org</Computer><Security/></System><EventData><Data Name='SubjectUserSid'>S-1-5-18</Data><Data Name='SubjectUserName'>CA-AS-DC1$</Data><Data Name='SubjectDomainName'>CENTRALAZERI</Data><Data Name='SubjectLogonId'>0x3e7</Data><Data Name='LogonGuid'>{00000000-0000-0000-0000-000000000000}</Data><Data Name='TargetUserName'>CA-AS-DC1$</Data><Data Name='TargetDomainName'>CENTRALAZERI.ORG</Data><Data Name='LogonGuid'>{8F413E5B-B6F3-9C1D-DEDE-3DE416CF3590}</Data><Data Name='TargetServerName'>ca-as-dc1$</Data><Data Name='TargetInfo'>ca-as-dc1$</Data><Data Name='ProcessId'>0x7a8</Data><Data Name='ProcessName'>C:\Windows\System32\taskeng.exe</Data><Data Name='IpAddress'>-</Data><Data Name='IpPort'>-</Data></EventData></Event>
<Event xmlns='http://schemas.microsoft.com/win/2004/08/events/event'><System><Provider Name='Microsoft-Windows-Security-Auditing' Guid='{54849625-5478-4994-a5ba-3e3b0328c30d}'/><EventID>4648</EventID><Version>0</Version><Level>0</Level><Task>12544</Task><Opcode>0</Opcode><Keywords>0x8020000000000000</Keywords><TimeCreated SystemTime='2023-02-03T14:43:55.731Z'/><EventRecordID>176375811</EventRecordID><Correlation/><Execution ProcessID='740' ThreadID='1192'/><Channel>Security</Channel><Computer>CA-AS-DC1.centralazeri.org</Computer><Security/></System><EventData><Data Name='SubjectUserSid'>S-1-5-18</Data><Data Name='SubjectUserName'>CA-AS-DC1$</Data><Data Name='SubjectDomainName'>CENTRALAZERI</Data><Data Name='SubjectLogonId'>0x3e7</Data><Data Name='LogonGuid'>{00000000-0000-0000-0000-000000000000}</Data><Data Name='TargetUserName'>CA-AS-DC1$</Data><Data Name='TargetDomainName'>CENTRALAZERI.ORG</Data><Data Name='LogonGuid'>{8F413E5B-B6F3-9C1D-DEDE-3DE416CF3590}</Data><Data Name='TargetServerName'>ca-as-dc1$</Data><Data Name='TargetInfo'>ca-as-dc1$</Data><Data Name='ProcessId'>0x7a8</Data><Data Name='ProcessName'>C:\Windows\System32\taskeng.exe</Data><Data Name='IpAddress'>-</Data><Data Name='IpPort'>-</Data></EventData></Event>
<Event xmlns='http://schemas.microsoft.com/win/2004/08/events/event'><System><Provider Name='Microsoft-Windows-Security-Auditing' Guid='{54849625-5478-4994-a5ba-3e3b0328c30d}'/><EventID>4648</EventID><Version>0</Version><Level>0</Level><Task>12544</Task><Opcode>0</Opcode><Keywords>0x8020000000000000</Keywords><TimeCreated SystemTime='2023-02-03T14:43:55.778Z'/><EventRecordID>176375818</EventRecordID><Correlation/><Execution ProcessID='740' ThreadID='864'/><Channel>Security</Channel><Computer>CA-AS-DC1.centralazeri.org</Computer><Security/></System><EventData><Data Name='SubjectUserSid'>S-1-5-18</Data><Data Name='SubjectUserName'>CA-AS-DC1$</Data><Data Name='SubjectDomainName'>CENTRALAZERI</Data><Data Name='SubjectLogonId'>0x3e7</Data><Data Name='LogonGuid'>{00000000-0000-0000-0000-000000000000}</Data><Data Name='TargetUserName'>CA-AS-DC1$</Data><Data Name='TargetDomainName'>CENTRALAZERI.ORG</Data><Data Name='LogonGuid'>{8F413E5B-B6F3-9C1D-DEDE-3DE416CF3590}</Data><Data Name='TargetServerName'>ca-as-dc1$</Data><Data Name='TargetInfo'>ca-as-dc1$</Data><Data Name='ProcessId'>0x7a8</Data><Data Name='ProcessName'>C:\Windows\System32\taskeng.exe</Data><Data Name='IpAddress'>-</Data><Data Name='IpPort'>-</Data></EventData></Event>
<Event xmlns='http://schemas.microsoft.com/win/2004/08/events/event'><System><Provider Name='Microsoft-Windows-Security-Auditing' Guid='{54849625-5478-4994-a5ba-3e3b0328c30d}'/><EventID>4648</EventID><Version>0</Version><Level>0</Level><Task>12544</Task><Opcode>0</Opcode><Keywords>0x8020000000000000</Keywords><TimeCreated SystemTime='2023-02-03T15:19:17.380Z'/><EventRecordID>176376143</EventRecordID><Correlation/><Execution ProcessID='740' ThreadID='2640'/><Channel>Security</Channel><Computer>CA-AS-DC1.centralazeri.org</Computer><Security/></System><EventData><Data Name='SubjectUserSid'>S-1-5-18</Data><Data Name='SubjectUserName'>CA-AS-DC1$</Data><Data Name='SubjectDomainName'>CENTRALAZERI</Data><Data Name='SubjectLogonId'>0x3e7</Data><Data Name='LogonGuid'>{00000000-0000-0000-0000-000000000000}</Data><Data Name='TargetUserName'>SYSTEM</Data><Data Name='TargetDomainName'>NT AUTHORITY</Data><Data Name='LogonGuid'>{00000000-0000-0000-0000-000000000000}</Data><Data Name='TargetServerName'>localhost</Data><Data Name='TargetInfo'>localhost</Data><Data Name='ProcessId'>0x2d8</Data><Data Name='ProcessName'>C:\Windows\System32\services.exe</Data><Data Name='IpAddress'>-</Data><Data Name='IpPort'>-</Data></EventData></Event>
<Event xmlns='http://schemas.microsoft.com/win/2004/08/events/event'><System><Provider Name='Microsoft-Windows-Security-Auditing' Guid='{54849625-5478-4994-a5ba-3e3b0328c30d}'/><EventID>4648</EventID><Version>0</Version><Level>0</Level><Task>12544</Task><Opcode>0</Opcode><Keywords>0x8020000000000000</Keywords><TimeCreated SystemTime='2023-02-03T19:17:40.353Z'/><EventRecordID>176378889</EventRecordID><Correlation/><Execution ProcessID='740' ThreadID='8128'/><Channel>Security</Channel><Computer>CA-AS-DC1.centralazeri.org</Computer><Security/></System><EventData><Data Name='SubjectUserSid'>S-1-5-18</Data><Data Name='SubjectUserName'>CA-AS-DC1$</Data><Data Name='SubjectDomainName'>CENTRALAZERI</Data><Data Name='SubjectLogonId'>0x3e7</Data><Data Name='LogonGuid'>{00000000-0000-0000-0000-000000000000}</Data><Data Name='TargetUserName'>SYSTEM</Data><Data Name='TargetDomainName'>NT AUTHORITY</Data><Data Name='LogonGuid'>{00000000-0000-0000-0000-000000000000}</Data><Data Name='TargetServerName'>localhost</Data><Data Name='TargetInfo'>localhost</Data><Data Name='ProcessId'>0x2d8</Data><Data Name='ProcessName'>C:\Windows\System32\services.exe</Data><Data Name='IpAddress'>-</Data><Data Name='IpPort'>-</Data></EventData></Event>
<Event xmlns='http://schemas.microsoft.com/win/2004/08/events/event'><System><Provider Name='Microsoft-Windows-Security-Auditing' Guid='{54849625-5478-4994-a5ba-3e3b0328c30d}'/><EventID>4648</EventID><Version>0</Version><Level>0</Level><Task>12544</Task><Opcode>0</Opcode><Keywords>0x8020000000000000</Keywords><TimeCreated SystemTime='2023-02-03T22:43:56.279Z'/><EventRecordID>176381309</EventRecordID><Correlation/><Execution ProcessID='740' ThreadID='5340'/><Channel>Security</Channel><Computer>CA-AS-DC1.centralazeri.org</Computer><Security/></System><EventData><Data Name='SubjectUserSid'>S-1-5-18</Data><Data Name='SubjectUserName'>CA-AS-DC1$</Data><Data Name='SubjectDomainName'>CENTRALAZERI</Data><Data Name='SubjectLogonId'>0x3e7</Data><Data Name='LogonGuid'>{00000000-0000-0000-0000-000000000000}</Data><Data Name='TargetUserName'>CA-AS-DC1$</Data><Data Name='TargetDomainName'>CENTRALAZERI.ORG</Data><Data Name='LogonGuid'>{A0355145-6A93-796C-E225-5EA3064500F4}</Data><Data Name='TargetServerName'>ca-as-dc1$</Data><Data Name='TargetInfo'>ca-as-dc1$</Data><Data Name='ProcessId'>0x7a8</Data><Data Name='ProcessName'>C:\Windows\System32\taskeng.exe</Data><Data Name='IpAddress'>-</Data><Data Name='IpPort'>-</Data></EventData></Event>
<Event xmlns='http://schemas.microsoft.com/win/2004/08/events/event'><System><Provider Name='Microsoft-Windows-Security-Auditing' Guid='{54849625-5478-4994-a5ba-3e3b0328c30d}'/><EventID>4648</EventID><Version>0</Version><Level>0</Level><Task>12544</Task><Opcode>0</Opcode><Keywords>0x8020000000000000</Keywords><TimeCreated SystemTime='2023-02-03T22:43:56.325Z'/><EventRecordID>176381314</EventRecordID><Correlation/><Execution ProcessID='740' ThreadID='864'/><Channel>Security</Channel><Computer>CA-AS-DC1.centralazeri.org</Computer><Security/></System><EventData><Data Name='SubjectUserSid'>S-1-5-18</Data><Data Name='SubjectUserName'>CA-AS-DC1$</Data><Data Name='SubjectDomainName'>CENTRALAZERI</Data><Data Name='SubjectLogonId'>0x3e7</Data><Data Name='LogonGuid'>{00000000-0000-0000-0000-000000000000}</Data><Data Name='TargetUserName'>CA-AS-DC1$</Data><Data Name='TargetDomainName'>CENTRALAZERI.ORG</Data><Data Name='LogonGuid'>{A0355145-6A93-796C-E225-5EA3064500F4}</Data><Data Name='TargetServerName'>ca-as-dc1$</Data><Data Name='TargetInfo'>ca-as-dc1$</Data><Data Name='ProcessId'>0x7a8</Data><Data Name='ProcessName'>C:\Windows\System32\taskeng.exe</Data><Data Name='IpAddress'>-</Data><Data Name='IpPort'>-</Data></EventData></Event>
<Event xmlns='http://schemas.microsoft.com/win/2004/08/events/event'><System><Provider Name='Microsoft-Windows-Security-Auditing' Guid='{54849625-5478-4994-a5ba-3e3b0328c30d}'/><EventID>4648</EventID><Version>0</Version><Level>0</Level><Task>12544</Task><Opcode>0</Opcode><Keywords>0x8020000000000000</Keywords><TimeCreated SystemTime='2023-02-03T22:43:56.372Z'/><EventRecordID>176381322</EventRecordID><Correlation/><Execution ProcessID='740' ThreadID='8128'/><Channel>Security</Channel><Computer>CA-AS-DC1.centralazeri.org</Computer><Security/></System><EventData><Data Name='SubjectUserSid'>S-1-5-18</Data><Data Name='SubjectUserName'>CA-AS-DC1$</Data><Data Name='SubjectDomainName'>CENTRALAZERI</Data><Data Name='SubjectLogonId'>0x3e7</Data><Data Name='LogonGuid'>{00000000-0000-0000-0000-000000000000}</Data><Data Name='TargetUserName'>CA-AS-DC1$</Data><Data Name='TargetDomainName'>CENTRALAZERI.ORG</Data><Data Name='LogonGuid'>{A0355145-6A93-796C-E225-5EA3064500F4}</Data><Data Name='TargetServerName'>ca-as-dc1$</Data><Data Name='TargetInfo'>ca-as-dc1$</Data><Data Name='ProcessId'>0x7a8</Data><Data Name='ProcessName'>C:\Windows\System32\taskeng.exe</Data><Data Name='IpAddress'>-</Data><Data Name='IpPort'>-</Data></EventData></Event>
<Event xmlns='http://schemas.microsoft.com/win/2004/08/events/event'><System><Provider Name='Microsoft-Windows-Security-Auditing' Guid='{54849625-5478-4994-a5ba-3e3b0328c30d}'/><EventID>4648</EventID><Version>0</Version><Level>0</Level><Task>12544</Task><Opcode>0</Opcode><Keywords>0x8020000000000000</Keywords><TimeCreated SystemTime='2023-02-03T22:43:56.419Z'/><EventRecordID>176381329</EventRecordID><Correlation/><Execution ProcessID='740' ThreadID='1192'/><Channel>Security</Channel><Computer>CA-AS-DC1.centralazeri.org</Computer><Security/></System><EventData><Data Name='SubjectUserSid'>S-1-5-18</Data><Data Name='SubjectUserName'>CA-AS-DC1$</Data><Data Name='SubjectDomainName'>CENTRALAZERI</Data><Data Name='SubjectLogonId'>0x3e7</Data><Data Name='LogonGuid'>{00000000-0000-0000-0000-000000000000}</Data><Data Name='TargetUserName'>CA-AS-DC1$</Data><Data Name='TargetDomainName'>CENTRALAZERI.ORG</Data><Data Name='LogonGuid'>{A0355145-6A93-796C-E225-5EA3064500F4}</Data><Data Name='TargetServerName'>ca-as-dc1$</Data><Data Name='TargetInfo'>ca-as-dc1$</Data><Data Name='ProcessId'>0x7a8</Data><Data Name='ProcessName'>C:\Windows\System32\taskeng.exe</Data><Data Name='IpAddress'>-</Data><Data Name='IpPort'>-</Data></EventData></Event>
<Event xmlns='http://schemas.microsoft.com/win/2004/08/events/event'><System><Provider Name='Microsoft-Windows-Security-Auditing' Guid='{54849625-5478-4994-a5ba-3e3b0328c30d}'/><EventID>4648</EventID><Version>0</Version><Level>0</Level><Task>12544</Task><Opcode>0</Opcode><Keywords>0x8020000000000000</Keywords><TimeCreated SystemTime='2023-02-03T23:12:34.755Z'/><EventRecordID>176381614</EventRecordID><Correlation/><Execution ProcessID='740' ThreadID='2640'/><Channel>Security</Channel><Computer>CA-AS-DC1.centralazeri.org</Computer><Security/></System><EventData><Data Name='SubjectUserSid'>S-1-5-18</Data><Data Name='SubjectUserName'>CA-AS-DC1$</Data><Data Name='SubjectDomainName'>CENTRALAZERI</Data><Data Name='SubjectLogonId'>0x3e7</Data><Data Name='LogonGuid'>{00000000-0000-0000-0000-000000000000}</Data><Data Name='TargetUserName'>SYSTEM</Data><Data Name='TargetDomainName'>NT AUTHORITY</Data><Data Name='LogonGuid'>{00000000-0000-0000-0000-000000000000}</Data><Data Name='TargetServerName'>localhost</Data><Data Name='TargetInfo'>localhost</Data><Data Name='ProcessId'>0x2d8</Data><Data Name='ProcessName'>C:\Windows\System32\services.exe</Data><Data Name='IpAddress'>-</Data><Data Name='IpPort'>-</Data></EventData></Event>
<Event xmlns='http://schemas.microsoft.com/win/2004/08/events/event'><System><Provider Name='Microsoft-Windows-Security-Auditing' Guid='{54849625-5478-4994-a5ba-3e3b0328c30d}'/><EventID>4648</EventID><Version>0</Version><Level>0</Level><Task>12544</Task><Opcode>0</Opcode><Keywords>0x8020000000000000</Keywords><TimeCreated SystemTime='2023-02-04T01:00:00.630Z'/><EventRecordID>176382834</EventRecordID><Correlation/><Execution ProcessID='740' ThreadID='8128'/><Channel>Security</Channel><Computer>CA-AS-DC1.centralazeri.org</Computer><Security/></System><EventData><Data Name='SubjectUserSid'>S-1-5-18</Data><Data Name='SubjectUserName'>CA-AS-DC1$</Data><Data Name='SubjectDomainName'>CENTRALAZERI</Data><Data Name='SubjectLogonId'>0x3e7</Data><Data Name='LogonGuid'>{00000000-0000-0000-0000-000000000000}</Data><Data Name='TargetUserName'>caadmin130167abb</Data><Data Name='TargetDomainName'>CENTRALAZERI</Data><Data Name='LogonGuid'>{AA15EC78-136C-87C9-191D-AC45AF068480}</Data><Data Name='TargetServerName'>localhost</Data><Data Name='TargetInfo'>localhost</Data><Data Name='ProcessId'>0x510</Data><Data Name='ProcessName'>C:\Windows\System32\svchost.exe</Data><Data Name='IpAddress'>-</Data><Data Name='IpPort'>-</Data></EventData></Event>
<Event xmlns='http://schemas.microsoft.com/win/2004/08/events/event'><System><Provider Name='Microsoft-Windows-Security-Auditing' Guid='{54849625-5478-4994-a5ba-3e3b0328c30d}'/><EventID>4648</EventID><Version>0</Version><Level>0</Level><Task>12544</Task><Opcode>0</Opcode><Keywords>0x8020000000000000</Keywords><TimeCreated SystemTime='2023-02-04T03:13:30.353Z'/><EventRecordID>176384194</EventRecordID><Correlation/><Execution ProcessID='740' ThreadID='1192'/><Channel>Security</Channel><Computer>CA-AS-DC1.centralazeri.org</Computer><Security/></System><EventData><Data Name='SubjectUserSid'>S-1-5-18</Data><Data Name='SubjectUserName'>CA-AS-DC1$</Data><Data Name='SubjectDomainName'>CENTRALAZERI</Data><Data Name='SubjectLogonId'>0x3e7</Data><Data Name='LogonGuid'>{00000000-0000-0000-0000-000000000000}</Data><Data Name='TargetUserName'>SYSTEM</Data><Data Name='TargetDomainName'>NT AUTHORITY</Data><Data Name='LogonGuid'>{00000000-0000-0000-0000-000000000000}</Data><Data Name='TargetServerName'>localhost</Data><Data Name='TargetInfo'>localhost</Data><Data Name='ProcessId'>0x2d8</Data><Data Name='ProcessName'>C:\Windows\System32\services.exe</Data><Data Name='IpAddress'>-</Data><Data Name='IpPort'>-</Data></EventData></Event>
<Event xmlns='http://schemas.microsoft.com/win/2004/08/events/event'><System><Provider Name='Microsoft-Windows-Security-Auditing' Guid='{54849625-5478-4994-a5ba-3e3b0328c30d}'/><EventID>4648</EventID><Version>0</Version><Level>0</Level><Task>12544</Task><Opcode>0</Opcode><Keywords>0x8020000000000000</Keywords><TimeCreated SystemTime='2023-02-04T04:22:00.300Z'/><EventRecordID>176384873</EventRecordID><Correlation/><Execution ProcessID='740' ThreadID='2640'/><Channel>Security</Channel><Computer>CA-AS-DC1.centralazeri.org</Computer><Security/></System><EventData><Data Name='SubjectUserSid'>S-1-5-18</Data><Data Name='SubjectUserName'>CA-AS-DC1$</Data><Data Name='SubjectDomainName'>CENTRALAZERI</Data><Data Name='SubjectLogonId'>0x3e7</Data><Data Name='LogonGuid'>{00000000-0000-0000-0000-000000000000}</Data><Data Name='TargetUserName'>alimy</Data><Data Name='TargetDomainName'>CENTRALAZERI</Data><Data Name='LogonGuid'>{5CDF87EA-ADCE-E6D5-5BDC-F3D6489A719A}</Data><Data Name='TargetServerName'>localhost</Data><Data Name='TargetInfo'>localhost</Data><Data Name='ProcessId'>0x195f4</Data><Data Name='ProcessName'>C:\Windows\System32\winlogon.exe</Data><Data Name='IpAddress'>172.16.80.74</Data><Data Name='IpPort'>59712</Data></EventData></Event>
<Event xmlns='http://schemas.microsoft.com/win/2004/08/events/event'><System><Provider Name='Microsoft-Windows-Security-Auditing' Guid='{54849625-5478-4994-a5ba-3e3b0328c30d}'/><EventID>4648</EventID><Version>0</Version><Level>0</Level><Task>12544</Task><Opcode>0</Opcode><Keywords>0x8020000000000000</Keywords><TimeCreated SystemTime='2023-02-04T06:43:56.949Z'/><EventRecordID>176386527</EventRecordID><Correlation/><Execution ProcessID='740' ThreadID='1192'/><Channel>Security</Channel><Computer>CA-AS-DC1.centralazeri.org</Computer><Security/></System><EventData><Data Name='SubjectUserSid'>S-1-5-18</Data><Data Name='SubjectUserName'>CA-AS-DC1$</Data><Data Name='SubjectDomainName'>CENTRALAZERI</Data><Data Name='SubjectLogonId'>0x3e7</Data><Data Name='LogonGuid'>{00000000-0000-0000-0000-000000000000}</Data><Data Name='TargetUserName'>CA-AS-DC1$</Data><Data Name='TargetDomainName'>CENTRALAZERI.ORG</Data><Data Name='LogonGuid'>{56A76860-CE69-3D2E-3583-9D2B406E5E9F}</Data><Data Name='TargetServerName'>ca-as-dc1$</Data><Data Name='TargetInfo'>ca-as-dc1$</Data><Data Name='ProcessId'>0x7a8</Data><Data Name='ProcessName'>C:\Windows\System32\taskeng.exe</Data><Data Name='IpAddress'>-</Data><Data Name='IpPort'>-</Data></EventData></Event>
<Event xmlns='http://schemas.microsoft.com/win/2004/08/events/event'><System><Provider Name='Microsoft-Windows-Security-Auditing' Guid='{54849625-5478-4994-a5ba-3e3b0328c30d}'/><EventID>4648</EventID><Version>0</Version><Level>0</Level><Task>12544</Task><Opcode>0</Opcode><Keywords>0x8020000000000000</Keywords><TimeCreated SystemTime='2023-02-04T06:43:57.012Z'/><EventRecordID>176386535</EventRecordID><Correlation/><Execution ProcessID='740' ThreadID='9572'/><Channel>Security</Channel><Computer>CA-AS-DC1.centralazeri.org</Computer><Security/></System><EventData><Data Name='SubjectUserSid'>S-1-5-18</Data><Data Name='SubjectUserName'>CA-AS-DC1$</Data><Data Name='SubjectDomainName'>CENTRALAZERI</Data><Data Name='SubjectLogonId'>0x3e7</Data><Data Name='LogonGuid'>{00000000-0000-0000-0000-000000000000}</Data><Data Name='TargetUserName'>CA-AS-DC1$</Data><Data Name='TargetDomainName'>CENTRALAZERI.ORG</Data><Data Name='LogonGuid'>{B4D9932D-E4ED-8CE8-3DA8-C721BC0DA8D4}</Data><Data Name='TargetServerName'>ca-as-dc1$</Data><Data Name='TargetInfo'>ca-as-dc1$</Data><Data Name='ProcessId'>0x7a8</Data><Data Name='ProcessName'>C:\Windows\System32\taskeng.exe</Data><Data Name='IpAddress'>-</Data><Data Name='IpPort'>-</Data></EventData></Event>
<Event xmlns='http://schemas.microsoft.com/win/2004/08/events/event'><System><Provider Name='Microsoft-Windows-Security-Auditing' Guid='{54849625-5478-4994-a5ba-3e3b0328c30d}'/><EventID>4648</EventID><Version>0</Version><Level>0</Level><Task>12544</Task><Opcode>0</Opcode><Keywords>0x8020000000000000</Keywords><TimeCreated SystemTime='2023-02-04T06:43:57.058Z'/><EventRecordID>176386541</EventRecordID><Correlation/><Execution ProcessID='740' ThreadID='2640'/><Channel>Security</Channel><Computer>CA-AS-DC1.centralazeri.org</Computer><Security/></System><EventData><Data Name='SubjectUserSid'>S-1-5-18</Data><Data Name='SubjectUserName'>CA-AS-DC1$</Data><Data Name='SubjectDomainName'>CENTRALAZERI</Data><Data Name='SubjectLogonId'>0x3e7</Data><Data Name='LogonGuid'>{00000000-0000-0000-0000-000000000000}</Data><Data Name='TargetUserName'>CA-AS-DC1$</Data><Data Name='TargetDomainName'>CENTRALAZERI.ORG</Data><Data Name='LogonGuid'>{B4D9932D-E4ED-8CE8-3DA8-C721BC0DA8D4}</Data><Data Name='TargetServerName'>ca-as-dc1$</Data><Data Name='TargetInfo'>ca-as-dc1$</Data><Data Name='ProcessId'>0x7a8</Data><Data Name='ProcessName'>C:\Windows\System32\taskeng.exe</Data><Data Name='IpAddress'>-</Data><Data Name='IpPort'>-</Data></EventData></Event>
<Event xmlns='http://schemas.microsoft.com/win/2004/08/events/event'><System><Provider Name='Microsoft-Windows-Security-Auditing' Guid='{54849625-5478-4994-a5ba-3e3b0328c30d}'/><EventID>4648</EventID><Version>0</Version><Level>0</Level><Task>12544</Task><Opcode>0</Opcode><Keywords>0x8020000000000000</Keywords><TimeCreated SystemTime='2023-02-04T06:43:57.105Z'/><EventRecordID>176386550</EventRecordID><Correlation/><Execution ProcessID='740' ThreadID='8128'/><Channel>Security</Channel><Computer>CA-AS-DC1.centralazeri.org</Computer><Security/></System><EventData><Data Name='SubjectUserSid'>S-1-5-18</Data><Data Name='SubjectUserName'>CA-AS-DC1$</Data><Data Name='SubjectDomainName'>CENTRALAZERI</Data><Data Name='SubjectLogonId'>0x3e7</Data><Data Name='LogonGuid'>{00000000-0000-0000-0000-000000000000}</Data><Data Name='TargetUserName'>CA-AS-DC1$</Data><Data Name='TargetDomainName'>CENTRALAZERI.ORG</Data><Data Name='LogonGuid'>{B4D9932D-E4ED-8CE8-3DA8-C721BC0DA8D4}</Data><Data Name='TargetServerName'>ca-as-dc1$</Data><Data Name='TargetInfo'>ca-as-dc1$</Data><Data Name='ProcessId'>0x7a8</Data><Data Name='ProcessName'>C:\Windows\System32\taskeng.exe</Data><Data Name='IpAddress'>-</Data><Data Name='IpPort'>-</Data></EventData></Event>
<Event xmlns='http://schemas.microsoft.com/win/2004/08/events/event'><System><Provider Name='Microsoft-Windows-Security-Auditing' Guid='{54849625-5478-4994-a5ba-3e3b0328c30d}'/><EventID>4648</EventID><Version>0</Version><Level>0</Level><Task>12544</Task><Opcode>0</Opcode><Keywords>0x8020000000000000</Keywords><TimeCreated SystemTime='2023-02-04T06:44:36.631Z'/><EventRecordID>176386573</EventRecordID><Correlation/><Execution ProcessID='740' ThreadID='5340'/><Channel>Security</Channel><Computer>CA-AS-DC1.centralazeri.org</Computer><Security/></System><EventData><Data Name='SubjectUserSid'>S-1-5-18</Data><Data Name='SubjectUserName'>CA-AS-DC1$</Data><Data Name='SubjectDomainName'>CENTRALAZERI</Data><Data Name='SubjectLogonId'>0x3e7</Data><Data Name='LogonGuid'>{00000000-0000-0000-0000-000000000000}</Data><Data Name='TargetUserName'>SYSTEM</Data><Data Name='TargetDomainName'>NT AUTHORITY</Data><Data Name='LogonGuid'>{00000000-0000-0000-0000-000000000000}</Data><Data Name='TargetServerName'>localhost</Data><Data Name='TargetInfo'>localhost</Data><Data Name='ProcessId'>0x2d8</Data><Data Name='ProcessName'>C:\Windows\System32\services.exe</Data><Data Name='IpAddress'>-</Data><Data Name='IpPort'>-</Data></EventData></Event>
<Event xmlns='http://schemas.microsoft.com/win/2004/08/events/event'><System><Provider Name='Microsoft-Windows-Security-Auditing' Guid='{54849625-5478-4994-a5ba-3e3b0328c30d}'/><EventID>4648</EventID><Version>0</Version><Level>0</Level><Task>12544</Task><Opcode>0</Opcode><Keywords>0x8020000000000000</Keywords><TimeCreated SystemTime='2023-02-04T10:36:08.789Z'/><EventRecordID>176388993</EventRecordID><Correlation/><Execution ProcessID='740' ThreadID='864'/><Channel>Security</Channel><Computer>CA-AS-DC1.centralazeri.org</Computer><Security/></System><EventData><Data Name='SubjectUserSid'>S-1-5-18</Data><Data Name='SubjectUserName'>CA-AS-DC1$</Data><Data Name='SubjectDomainName'>CENTRALAZERI</Data><Data Name='SubjectLogonId'>0x3e7</Data><Data Name='LogonGuid'>{00000000-0000-0000-0000-000000000000}</Data><Data Name='TargetUserName'>SYSTEM</Data><Data Name='TargetDomainName'>NT AUTHORITY</Data><Data Name='LogonGuid'>{00000000-0000-0000-0000-000000000000}</Data><Data Name='TargetServerName'>localhost</Data><Data Name='TargetInfo'>localhost</Data><Data Name='ProcessId'>0x2d8</Data><Data Name='ProcessName'>C:\Windows\System32\services.exe</Data><Data Name='IpAddress'>-</Data><Data Name='IpPort'>-</Data></EventData></Event>
<Event xmlns='http://schemas.microsoft.com/win/2004/08/events/event'><System><Provider Name='Microsoft-Windows-Security-Auditing' Guid='{54849625-5478-4994-a5ba-3e3b0328c30d}'/><EventID>4648</EventID><Version>0</Version><Level>0</Level><Task>12544</Task><Opcode>0</Opcode><Keywords>0x8020000000000000</Keywords><TimeCreated SystemTime='2023-02-04T14:38:24.371Z'/><EventRecordID>176391853</EventRecordID><Correlation/><Execution ProcessID='740' ThreadID='864'/><Channel>Security</Channel><Computer>CA-AS-DC1.centralazeri.org</Computer><Security/></System><EventData><Data Name='SubjectUserSid'>S-1-5-18</Data><Data Name='SubjectUserName'>CA-AS-DC1$</Data><Data Name='SubjectDomainName'>CENTRALAZERI</Data><Data Name='SubjectLogonId'>0x3e7</Data><Data Name='LogonGuid'>{00000000-0000-0000-0000-000000000000}</Data><Data Name='TargetUserName'>SYSTEM</Data><Data Name='TargetDomainName'>NT AUTHORITY</Data><Data Name='LogonGuid'>{00000000-0000-0000-0000-000000000000}</Data><Data Name='TargetServerName'>localhost</Data><Data Name='TargetInfo'>localhost</Data><Data Name='ProcessId'>0x2d8</Data><Data Name='ProcessName'>C:\Windows\System32\services.exe</Data><Data Name='IpAddress'>-</Data><Data Name='IpPort'>-</Data></EventData></Event>
<Event xmlns='http://schemas.microsoft.com/win/2004/08/events/event'><System><Provider Name='Microsoft-Windows-Security-Auditing' Guid='{54849625-5478-4994-a5ba-3e3b0328c30d}'/><EventID>4648</EventID><Version>0</Version><Level>0</Level><Task>12544</Task><Opcode>0</Opcode><Keywords>0x8020000000000000</Keywords><TimeCreated SystemTime='2023-02-04T14:43:57.084Z'/><EventRecordID>176391900</EventRecordID><Correlation/><Execution ProcessID='740' ThreadID='864'/><Channel>Security</Channel><Computer>CA-AS-DC1.centralazeri.org</Computer><Security/></System><EventData><Data Name='SubjectUserSid'>S-1-5-18</Data><Data Name='SubjectUserName'>CA-AS-DC1$</Data><Data Name='SubjectDomainName'>CENTRALAZERI</Data><Data Name='SubjectLogonId'>0x3e7</Data><Data Name='LogonGuid'>{00000000-0000-0000-0000-000000000000}</Data><Data Name='TargetUserName'>CA-AS-DC1$</Data><Data Name='TargetDomainName'>CENTRALAZERI.ORG</Data><Data Name='LogonGuid'>{804298B5-4EB0-EEA1-FB4F-0377AFCCCC89}</Data><Data Name='TargetServerName'>ca-as-dc1$</Data><Data Name='TargetInfo'>ca-as-dc1$</Data><Data Name='ProcessId'>0x7a8</Data><Data Name='ProcessName'>C:\Windows\System32\taskeng.exe</Data><Data Name='IpAddress'>-</Data><Data Name='IpPort'>-</Data></EventData></Event>
<Event xmlns='http://schemas.microsoft.com/win/2004/08/events/event'><System><Provider Name='Microsoft-Windows-Security-Auditing' Guid='{54849625-5478-4994-a5ba-3e3b0328c30d}'/><EventID>4648</EventID><Version>0</Version><Level>0</Level><Task>12544</Task><Opcode>0</Opcode><Keywords>0x8020000000000000</Keywords><TimeCreated SystemTime='2023-02-04T14:43:57.131Z'/><EventRecordID>176391907</EventRecordID><Correlation/><Execution ProcessID='740' ThreadID='9572'/><Channel>Security</Channel><Computer>CA-AS-DC1.centralazeri.org</Computer><Security/></System><EventData><Data Name='SubjectUserSid'>S-1-5-18</Data><Data Name='SubjectUserName'>CA-AS-DC1$</Data><Data Name='SubjectDomainName'>CENTRALAZERI</Data><Data Name='SubjectLogonId'>0x3e7</Data><Data Name='LogonGuid'>{00000000-0000-0000-0000-000000000000}</Data><Data Name='TargetUserName'>CA-AS-DC1$</Data><Data Name='TargetDomainName'>CENTRALAZERI.ORG</Data><Data Name='LogonGuid'>{804298B5-4EB0-EEA1-FB4F-0377AFCCCC89}</Data><Data Name='TargetServerName'>ca-as-dc1$</Data><Data Name='TargetInfo'>ca-as-dc1$</Data><Data Name='ProcessId'>0x7a8</Data><Data Name='ProcessName'>C:\Windows\System32\taskeng.exe</Data><Data Name='IpAddress'>-</Data><Data Name='IpPort'>-</Data></EventData></Event>
<Event xmlns='http://schemas.microsoft.com/win/2004/08/events/event'><System><Provider Name='Microsoft-Windows-Security-Auditing' Guid='{54849625-5478-4994-a5ba-3e3b0328c30d}'/><EventID>4648</EventID><Version>0</Version><Level>0</Level><Task>12544</Task><Opcode>0</Opcode><Keywords>0x8020000000000000</Keywords><TimeCreated SystemTime='2023-02-04T14:43:57.193Z'/><EventRecordID>176391915</EventRecordID><Correlation/><Execution ProcessID='740' ThreadID='2640'/><Channel>Security</Channel><Computer>CA-AS-DC1.centralazeri.org</Computer><Security/></System><EventData><Data Name='SubjectUserSid'>S-1-5-18</Data><Data Name='SubjectUserName'>CA-AS-DC1$</Data><Data Name='SubjectDomainName'>CENTRALAZERI</Data><Data Name='SubjectLogonId'>0x3e7</Data><Data Name='LogonGuid'>{00000000-0000-0000-0000-000000000000}</Data><Data Name='TargetUserName'>CA-AS-DC1$</Data><Data Name='TargetDomainName'>CENTRALAZERI.ORG</Data><Data Name='LogonGuid'>{804298B5-4EB0-EEA1-FB4F-0377AFCCCC89}</Data><Data Name='TargetServerName'>ca-as-dc1$</Data><Data Name='TargetInfo'>ca-as-dc1$</Data><Data Name='ProcessId'>0x7a8</Data><Data Name='ProcessName'>C:\Windows\System32\taskeng.exe</Data><Data Name='IpAddress'>-</Data><Data Name='IpPort'>-</Data></EventData></Event>
<Event xmlns='http://schemas.microsoft.com/win/2004/08/events/event'><System><Provider Name='Microsoft-Windows-Security-Auditing' Guid='{54849625-5478-4994-a5ba-3e3b0328c30d}'/><EventID>4648</EventID><Version>0</Version><Level>0</Level><Task>12544</Task><Opcode>0</Opcode><Keywords>0x8020000000000000</Keywords><TimeCreated SystemTime='2023-02-04T14:43:57.240Z'/><EventRecordID>176391922</EventRecordID><Correlation/><Execution ProcessID='740' ThreadID='5340'/><Channel>Security</Channel><Computer>CA-AS-DC1.centralazeri.org</Computer><Security/></System><EventData><Data Name='SubjectUserSid'>S-1-5-18</Data><Data Name='SubjectUserName'>CA-AS-DC1$</Data><Data Name='SubjectDomainName'>CENTRALAZERI</Data><Data Name='SubjectLogonId'>0x3e7</Data><Data Name='LogonGuid'>{00000000-0000-0000-0000-000000000000}</Data><Data Name='TargetUserName'>CA-AS-DC1$</Data><Data Name='TargetDomainName'>CENTRALAZERI.ORG</Data><Data Name='LogonGuid'>{804298B5-4EB0-EEA1-FB4F-0377AFCCCC89}</Data><Data Name='TargetServerName'>ca-as-dc1$</Data><Data Name='TargetInfo'>ca-as-dc1$</Data><Data Name='ProcessId'>0x7a8</Data><Data Name='ProcessName'>C:\Windows\System32\taskeng.exe</Data><Data Name='IpAddress'>-</Data><Data Name='IpPort'>-</Data></EventData></Event>
<Event xmlns='http://schemas.microsoft.com/win/2004/08/events/event'><System><Provider Name='Microsoft-Windows-Security-Auditing' Guid='{54849625-5478-4994-a5ba-3e3b0328c30d}'/><EventID>4648</EventID><Version>0</Version><Level>0</Level><Task>12544</Task><Opcode>0</Opcode><Keywords>0x8020000000000000</Keywords><TimeCreated SystemTime='2023-02-04T18:28:23.543Z'/><EventRecordID>176394462</EventRecordID><Correlation/><Execution ProcessID='740' ThreadID='2640'/><Channel>Security</Channel><Computer>CA-AS-DC1.centralazeri.org</Computer><Security/></System><EventData><Data Name='SubjectUserSid'>S-1-5-18</Data><Data Name='SubjectUserName'>CA-AS-DC1$</Data><Data Name='SubjectDomainName'>CENTRALAZERI</Data><Data Name='SubjectLogonId'>0x3e7</Data><Data Name='LogonGuid'>{00000000-0000-0000-0000-000000000000}</Data><Data Name='TargetUserName'>SYSTEM</Data><Data Name='TargetDomainName'>NT AUTHORITY</Data><Data Name='LogonGuid'>{00000000-0000-0000-0000-000000000000}</Data><Data Name='TargetServerName'>localhost</Data><Data Name='TargetInfo'>localhost</Data><Data Name='ProcessId'>0x2d8</Data><Data Name='ProcessName'>C:\Windows\System32\services.exe</Data><Data Name='IpAddress'>-</Data><Data Name='IpPort'>-</Data></EventData></Event>
<Event xmlns='http://schemas.microsoft.com/win/2004/08/events/event'><System><Provider Name='Microsoft-Windows-Security-Auditing' Guid='{54849625-5478-4994-a5ba-3e3b0328c30d}'/><EventID>4648</EventID><Version>0</Version><Level>0</Level><Task>12544</Task><Opcode>0</Opcode><Keywords>0x8020000000000000</Keywords><TimeCreated SystemTime='2023-02-04T22:23:04.479Z'/><EventRecordID>176397203</EventRecordID><Correlation/><Execution ProcessID='740' ThreadID='8128'/><Channel>Security</Channel><Computer>CA-AS-DC1.centralazeri.org</Computer><Security/></System><EventData><Data Name='SubjectUserSid'>S-1-5-18</Data><Data Name='SubjectUserName'>CA-AS-DC1$</Data><Data Name='SubjectDomainName'>CENTRALAZERI</Data><Data Name='SubjectLogonId'>0x3e7</Data><Data Name='LogonGuid'>{00000000-0000-0000-0000-000000000000}</Data><Data Name='TargetUserName'>SYSTEM</Data><Data Name='TargetDomainName'>NT AUTHORITY</Data><Data Name='LogonGuid'>{00000000-0000-0000-0000-000000000000}</Data><Data Name='TargetServerName'>localhost</Data><Data Name='TargetInfo'>localhost</Data><Data Name='ProcessId'>0x2d8</Data><Data Name='ProcessName'>C:\Windows\System32\services.exe</Data><Data Name='IpAddress'>-</Data><Data Name='IpPort'>-</Data></EventData></Event>
<Event xmlns='http://schemas.microsoft.com/win/2004/08/events/event'><System><Provider Name='Microsoft-Windows-Security-Auditing' Guid='{54849625-5478-4994-a5ba-3e3b0328c30d}'/><EventID>4648</EventID><Version>0</Version><Level>0</Level><Task>12544</Task><Opcode>0</Opcode><Keywords>0x8020000000000000</Keywords><TimeCreated SystemTime='2023-02-04T22:43:58.249Z'/><EventRecordID>176397572</EventRecordID><Correlation/><Execution ProcessID='740' ThreadID='1192'/><Channel>Security</Channel><Computer>CA-AS-DC1.centralazeri.org</Computer><Security/></System><EventData><Data Name='SubjectUserSid'>S-1-5-18</Data><Data Name='SubjectUserName'>CA-AS-DC1$</Data><Data Name='SubjectDomainName'>CENTRALAZERI</Data><Data Name='SubjectLogonId'>0x3e7</Data><Data Name='LogonGuid'>{00000000-0000-0000-0000-000000000000}</Data><Data Name='TargetUserName'>CA-AS-DC1$</Data><Data Name='TargetDomainName'>CENTRALAZERI.ORG</Data><Data Name='LogonGuid'>{369E8574-1A63-0746-9C25-3F63A061A630}</Data><Data Name='TargetServerName'>ca-as-dc1$</Data><Data Name='TargetInfo'>ca-as-dc1$</Data><Data Name='ProcessId'>0x7a8</Data><Data Name='ProcessName'>C:\Windows\System32\taskeng.exe</Data><Data Name='IpAddress'>-</Data><Data Name='IpPort'>-</Data></EventData></Event>
<Event xmlns='http://schemas.microsoft.com/win/2004/08/events/event'><System><Provider Name='Microsoft-Windows-Security-Auditing' Guid='{54849625-5478-4994-a5ba-3e3b0328c30d}'/><EventID>4648</EventID><Version>0</Version><Level>0</Level><Task>12544</Task><Opcode>0</Opcode><Keywords>0x8020000000000000</Keywords><TimeCreated SystemTime='2023-02-04T22:43:58.296Z'/><EventRecordID>176397579</EventRecordID><Correlation/><Execution ProcessID='740' ThreadID='9572'/><Channel>Security</Channel><Computer>CA-AS-DC1.centralazeri.org</Computer><Security/></System><EventData><Data Name='SubjectUserSid'>S-1-5-18</Data><Data Name='SubjectUserName'>CA-AS-DC1$</Data><Data Name='SubjectDomainName'>CENTRALAZERI</Data><Data Name='SubjectLogonId'>0x3e7</Data><Data Name='LogonGuid'>{00000000-0000-0000-0000-000000000000}</Data><Data Name='TargetUserName'>CA-AS-DC1$</Data><Data Name='TargetDomainName'>CENTRALAZERI.ORG</Data><Data Name='LogonGuid'>{369E8574-1A63-0746-9C25-3F63A061A630}</Data><Data Name='TargetServerName'>ca-as-dc1$</Data><Data Name='TargetInfo'>ca-as-dc1$</Data><Data Name='ProcessId'>0x7a8</Data><Data Name='ProcessName'>C:\Windows\System32\taskeng.exe</Data><Data Name='IpAddress'>-</Data><Data Name='IpPort'>-</Data></EventData></Event>
