<Event xmlns='http://schemas.microsoft.com/win/2004/08/events/event'><System><Provider Name='Microsoft-Windows-Security-Auditing' Guid='{54849625-5478-4994-a5ba-3e3b0328c30d}'/><EventID>4648</EventID><Version>0</Version><Level>0</Level><Task>12544</Task><Opcode>0</Opcode><Keywords>0x8020000000000000</Keywords><TimeCreated SystemTime='2023-02-06T22:44:01.968Z'/><EventRecordID>176432337</EventRecordID><Correlation/><Execution ProcessID='740' ThreadID='2640'/><Channel>Security</Channel><Computer>CA-AS-DC1.centralazeri.org</Computer><Security/></System><EventData><Data Name='SubjectUserSid'>S-1-5-18</Data><Data Name='SubjectUserName'>CA-AS-DC1$</Data><Data Name='SubjectDomainName'>CENTRALAZERI</Data><Data Name='SubjectLogonId'>0x3e7</Data><Data Name='LogonGuid'>{00000000-0000-0000-0000-000000000000}</Data><Data Name='TargetUserName'>CA-AS-DC1$</Data><Data Name='TargetDomainName'>CENTRALAZERI.ORG</Data><Data Name='LogonGuid'>{34B833D1-571D-8C91-1045-8139E960E026}</Data><Data Name='TargetServerName'>ca-as-dc1$</Data><Data Name='TargetInfo'>ca-as-dc1$</Data><Data Name='ProcessId'>0x7a8</Data><Data Name='ProcessName'>C:\Windows\System32\taskeng.exe</Data><Data Name='IpAddress'>-</Data><Data Name='IpPort'>-</Data></EventData></Event>
<Event xmlns='http://schemas.microsoft.com/win/2004/08/events/event'><System><Provider Name='Microsoft-Windows-Security-Auditing' Guid='{54849625-5478-4994-a5ba-3e3b0328c30d}'/><EventID>4648</EventID><Version>0</Version><Level>0</Level><Task>12544</Task><Opcode>0</Opcode><Keywords>0x8020000000000000</Keywords><TimeCreated SystemTime='2023-02-06T22:44:02.030Z'/><EventRecordID>176432343</EventRecordID><Correlation/><Execution ProcessID='740' ThreadID='8128'/><Channel>Security</Channel><Computer>CA-AS-DC1.centralazeri.org</Computer><Security/></System><EventData><Data Name='SubjectUserSid'>S-1-5-18</Data><Data Name='SubjectUserName'>CA-AS-DC1$</Data><Data Name='SubjectDomainName'>CENTRALAZERI</Data><Data Name='SubjectLogonId'>0x3e7</Data><Data Name='LogonGuid'>{00000000-0000-0000-0000-000000000000}</Data><Data Name='TargetUserName'>CA-AS-DC1$</Data><Data Name='TargetDomainName'>CENTRALAZERI.ORG</Data><Data Name='LogonGuid'>{109BBC83-CE45-F6DF-2AC1-1649DDBA94B9}</Data><Data Name='TargetServerName'>ca-as-dc1$</Data><Data Name='TargetInfo'>ca-as-dc1$</Data><Data Name='ProcessId'>0x7a8</Data><Data Name='ProcessName'>C:\Windows\System32\taskeng.exe</Data><Data Name='IpAddress'>-</Data><Data Name='IpPort'>-</Data></EventData></Event>
<Event xmlns='http://schemas.microsoft.com/win/2004/08/events/event'><System><Provider Name='Microsoft-Windows-Security-Auditing' Guid='{54849625-5478-4994-a5ba-3e3b0328c30d}'/><EventID>4648</EventID><Version>0</Version><Level>0</Level><Task>12544</Task><Opcode>0</Opcode><Keywords>0x8020000000000000</Keywords><TimeCreated SystemTime='2023-02-07T01:00:09.416Z'/><EventRecordID>176433945</EventRecordID><Correlation/><Execution ProcessID='740' ThreadID='5340'/><Channel>Security</Channel><Computer>CA-AS-DC1.centralazeri.org</Computer><Security/></System><EventData><Data Name='SubjectUserSid'>S-1-5-18</Data><Data Name='SubjectUserName'>CA-AS-DC1$</Data><Data Name='SubjectDomainName'>CENTRALAZERI</Data><Data Name='SubjectLogonId'>0x3e7</Data><Data Name='LogonGuid'>{00000000-0000-0000-0000-000000000000}</Data><Data Name='TargetUserName'>SYSTEM</Data><Data Name='TargetDomainName'>NT AUTHORITY</Data><Data Name='LogonGuid'>{00000000-0000-0000-0000-000000000000}</Data><Data Name='TargetServerName'>localhost</Data><Data Name='TargetInfo'>localhost</Data><Data Name='ProcessId'>0x2d8</Data><Data Name='ProcessName'>C:\Windows\System32\services.exe</Data><Data Name='IpAddress'>-</Data><Data Name='IpPort'>-</Data></EventData></Event>
<Event xmlns='http://schemas.microsoft.com/win/2004/08/events/event'><System><Provider Name='Microsoft-Windows-Security-Auditing' Guid='{54849625-5478-4994-a5ba-3e3b0328c30d}'/><EventID>4648</EventID><Version>0</Version><Level>0</Level><Task>12544</Task><Opcode>0</Opcode><Keywords>0x8020000000000000</Keywords><TimeCreated SystemTime='2023-02-07T04:24:03.789Z'/><EventRecordID>176436369</EventRecordID><Correlation/><Execution ProcessID='740' ThreadID='8128'/><Channel>Security</Channel><Computer>CA-AS-DC1.centralazeri.org</Computer><Security/></System><EventData><Data Name='SubjectUserSid'>S-1-5-18</Data><Data Name='SubjectUserName'>CA-AS-DC1$</Data><Data Name='SubjectDomainName'>CENTRALAZERI</Data><Data Name='SubjectLogonId'>0x3e7</Data><Data Name='LogonGuid'>{00000000-0000-0000-0000-000000000000}</Data><Data Name='TargetUserName'>SYSTEM</Data><Data Name='TargetDomainName'>NT AUTHORITY</Data><Data Name='LogonGuid'>{00000000-0000-0000-0000-000000000000}</Data><Data Name='TargetServerName'>localhost</Data><Data Name='TargetInfo'>localhost</Data><Data Name='ProcessId'>0x2d8</Data><Data Name='ProcessName'>C:\Windows\System32\services.exe</Data><Data Name='IpAddress'>-</Data><Data Name='IpPort'>-</Data></EventData></Event>
<Event xmlns='http://schemas.microsoft.com/win/2004/08/events/event'><System><Provider Name='Microsoft-Windows-Security-Auditing' Guid='{54849625-5478-4994-a5ba-3e3b0328c30d}'/><EventID>4648</EventID><Version>0</Version><Level>0</Level><Task>12544</Task><Opcode>0</Opcode><Keywords>0x8020000000000000</Keywords><TimeCreated SystemTime='2023-02-07T06:44:01.910Z'/><EventRecordID>176438178</EventRecordID><Correlation/><Execution ProcessID='740' ThreadID='5340'/><Channel>Security</Channel><Computer>CA-AS-DC1.centralazeri.org</Computer><Security/></System><EventData><Data Name='SubjectUserSid'>S-1-5-18</Data><Data Name='SubjectUserName'>CA-AS-DC1$</Data><Data Name='SubjectDomainName'>CENTRALAZERI</Data><Data Name='SubjectLogonId'>0x3e7</Data><Data Name='LogonGuid'>{00000000-0000-0000-0000-000000000000}</Data><Data Name='TargetUserName'>CA-AS-DC1$</Data><Data Name='TargetDomainName'>CENTRALAZERI.ORG</Data><Data Name='LogonGuid'>{D1054FE2-5438-7FCD-1B61-C5EEE832E82F}</Data><Data Name='TargetServerName'>ca-as-dc1$</Data><Data Name='TargetInfo'>ca-as-dc1$</Data><Data Name='ProcessId'>0x7a8</Data><Data Name='ProcessName'>C:\Windows\System32\taskeng.exe</Data><Data Name='IpAddress'>-</Data><Data Name='IpPort'>-</Data></EventData></Event>
<Event xmlns='http://schemas.microsoft.com/win/2004/08/events/event'><System><Provider Name='Microsoft-Windows-Security-Auditing' Guid='{54849625-5478-4994-a5ba-3e3b0328c30d}'/><EventID>4648</EventID><Version>0</Version><Level>0</Level><Task>12544</Task><Opcode>0</Opcode><Keywords>0x8020000000000000</Keywords><TimeCreated SystemTime='2023-02-07T06:44:01.956Z'/><EventRecordID>176438183</EventRecordID><Correlation/><Execution ProcessID='740' ThreadID='2640'/><Channel>Security</Channel><Computer>CA-AS-DC1.centralazeri.org</Computer><Security/></System><EventData><Data Name='SubjectUserSid'>S-1-5-18</Data><Data Name='SubjectUserName'>CA-AS-DC1$</Data><Data Name='SubjectDomainName'>CENTRALAZERI</Data><Data Name='SubjectLogonId'>0x3e7</Data><Data Name='LogonGuid'>{00000000-0000-0000-0000-000000000000}</Data><Data Name='TargetUserName'>CA-AS-DC1$</Data><Data Name='TargetDomainName'>CENTRALAZERI.ORG</Data><Data Name='LogonGuid'>{D1054FE2-5438-7FCD-1B61-C5EEE832E82F}</Data><Data Name='TargetServerName'>ca-as-dc1$</Data><Data Name='TargetInfo'>ca-as-dc1$</Data><Data Name='ProcessId'>0x7a8</Data><Data Name='ProcessName'>C:\Windows\System32\taskeng.exe</Data><Data Name='IpAddress'>-</Data><Data Name='IpPort'>-</Data></EventData></Event>
<Event xmlns='http://schemas.microsoft.com/win/2004/08/events/event'><System><Provider Name='Microsoft-Windows-Security-Auditing' Guid='{54849625-5478-4994-a5ba-3e3b0328c30d}'/><EventID>4648</EventID><Version>0</Version><Level>0</Level><Task>12544</Task><Opcode>0</Opcode><Keywords>0x8020000000000000</Keywords><TimeCreated SystemTime='2023-02-07T06:44:02.003Z'/><EventRecordID>176438190</EventRecordID><Correlation/><Execution ProcessID='740' ThreadID='864'/><Channel>Security</Channel><Computer>CA-AS-DC1.centralazeri.org</Computer><Security/></System><EventData><Data Name='SubjectUserSid'>S-1-5-18</Data><Data Name='SubjectUserName'>CA-AS-DC1$</Data><Data Name='SubjectDomainName'>CENTRALAZERI</Data><Data Name='SubjectLogonId'>0x3e7</Data><Data Name='LogonGuid'>{00000000-0000-0000-0000-000000000000}</Data><Data Name='TargetUserName'>CA-AS-DC1$</Data><Data Name='TargetDomainName'>CENTRALAZERI.ORG</Data><Data Name='LogonGuid'>{41A07B91-D9E3-54CD-0CCD-E640B2E20E7A}</Data><Data Name='TargetServerName'>ca-as-dc1$</Data><Data Name='TargetInfo'>ca-as-dc1$</Data><Data Name='ProcessId'>0x7a8</Data><Data Name='ProcessName'>C:\Windows\System32\taskeng.exe</Data><Data Name='IpAddress'>-</Data><Data Name='IpPort'>-</Data></EventData></Event>
<Event xmlns='http://schemas.microsoft.com/win/2004/08/events/event'><System><Provider Name='Microsoft-Windows-Security-Auditing' Guid='{54849625-5478-4994-a5ba-3e3b0328c30d}'/><EventID>4648</EventID><Version>0</Version><Level>0</Level><Task>12544</Task><Opcode>0</Opcode><Keywords>0x8020000000000000</Keywords><TimeCreated SystemTime='2023-02-07T06:44:02.050Z'/><EventRecordID>176438197</EventRecordID><Correlation/><Execution ProcessID='740' ThreadID='1192'/><Channel>Security</Channel><Computer>CA-AS-DC1.centralazeri.org</Computer><Security/></System><EventData><Data Name='SubjectUserSid'>S-1-5-18</Data><Data Name='SubjectUserName'>CA-AS-DC1$</Data><Data Name='SubjectDomainName'>CENTRALAZERI</Data><Data Name='SubjectLogonId'>0x3e7</Data><Data Name='LogonGuid'>{00000000-0000-0000-0000-000000000000}</Data><Data Name='TargetUserName'>CA-AS-DC1$</Data><Data Name='TargetDomainName'>CENTRALAZERI.ORG</Data><Data Name='LogonGuid'>{41A07B91-D9E3-54CD-0CCD-E640B2E20E7A}</Data><Data Name='TargetServerName'>ca-as-dc1$</Data><Data Name='TargetInfo'>ca-as-dc1$</Data><Data Name='ProcessId'>0x7a8</Data><Data Name='ProcessName'>C:\Windows\System32\taskeng.exe</Data><Data Name='IpAddress'>-</Data><Data Name='IpPort'>-</Data></EventData></Event>
<Event xmlns='http://schemas.microsoft.com/win/2004/08/events/event'><System><Provider Name='Microsoft-Windows-Security-Auditing' Guid='{54849625-5478-4994-a5ba-3e3b0328c30d}'/><EventID>4648</EventID><Version>0</Version><Level>0</Level><Task>12544</Task><Opcode>0</Opcode><Keywords>0x8020000000000000</Keywords><TimeCreated SystemTime='2023-02-07T08:25:20.103Z'/><EventRecordID>176439291</EventRecordID><Correlation/><Execution ProcessID='740' ThreadID='8128'/><Channel>Security</Channel><Computer>CA-AS-DC1.centralazeri.org</Computer><Security/></System><EventData><Data Name='SubjectUserSid'>S-1-5-18</Data><Data Name='SubjectUserName'>CA-AS-DC1$</Data><Data Name='SubjectDomainName'>CENTRALAZERI</Data><Data Name='SubjectLogonId'>0x3e7</Data><Data Name='LogonGuid'>{00000000-0000-0000-0000-000000000000}</Data><Data Name='TargetUserName'>SYSTEM</Data><Data Name='TargetDomainName'>NT AUTHORITY</Data><Data Name='LogonGuid'>{00000000-0000-0000-0000-000000000000}</Data><Data Name='TargetServerName'>localhost</Data><Data Name='TargetInfo'>localhost</Data><Data Name='ProcessId'>0x2d8</Data><Data Name='ProcessName'>C:\Windows\System32\services.exe</Data><Data Name='IpAddress'>-</Data><Data Name='IpPort'>-</Data></EventData></Event>
<Event xmlns='http://schemas.microsoft.com/win/2004/08/events/event'><System><Provider Name='Microsoft-Windows-Security-Auditing' Guid='{54849625-5478-4994-a5ba-3e3b0328c30d}'/><EventID>4648</EventID><Version>0</Version><Level>0</Level><Task>12544</Task><Opcode>0</Opcode><Keywords>0x8020000000000000</Keywords><TimeCreated SystemTime='2023-02-07T11:48:43.732Z'/><EventRecordID>176441804</EventRecordID><Correlation/><Execution ProcessID='740' ThreadID='9572'/><Channel>Security</Channel><Computer>CA-AS-DC1.centralazeri.org</Computer><Security/></System><EventData><Data Name='SubjectUserSid'>S-1-5-18</Data><Data Name='SubjectUserName'>CA-AS-DC1$</Data><Data Name='SubjectDomainName'>CENTRALAZERI</Data><Data Name='SubjectLogonId'>0x3e7</Data><Data Name='LogonGuid'>{00000000-0000-0000-0000-000000000000}</Data><Data Name='TargetUserName'>SYSTEM</Data><Data Name='TargetDomainName'>NT AUTHORITY</Data><Data Name='LogonGuid'>{00000000-0000-0000-0000-000000000000}</Data><Data Name='TargetServerName'>localhost</Data><Data Name='TargetInfo'>localhost</Data><Data Name='ProcessId'>0x2d8</Data><Data Name='ProcessName'>C:\Windows\System32\services.exe</Data><Data Name='IpAddress'>-</Data><Data Name='IpPort'>-</Data></EventData></Event>
<Event xmlns='http://schemas.microsoft.com/win/2004/08/events/event'><System><Provider Name='Microsoft-Windows-Security-Auditing' Guid='{54849625-5478-4994-a5ba-3e3b0328c30d}'/><EventID>4648</EventID><Version>0</Version><Level>0</Level><Task>12544</Task><Opcode>0</Opcode><Keywords>0x8020000000000000</Keywords><TimeCreated SystemTime='2023-02-07T14:44:02.648Z'/><EventRecordID>176444111</EventRecordID><Correlation/><Execution ProcessID='740' ThreadID='9572'/><Channel>Security</Channel><Computer>CA-AS-DC1.centralazeri.org</Computer><Security/></System><EventData><Data Name='SubjectUserSid'>S-1-5-18</Data><Data Name='SubjectUserName'>CA-AS-DC1$</Data><Data Name='SubjectDomainName'>CENTRALAZERI</Data><Data Name='SubjectLogonId'>0x3e7</Data><Data Name='LogonGuid'>{00000000-0000-0000-0000-000000000000}</Data><Data Name='TargetUserName'>CA-AS-DC1$</Data><Data Name='TargetDomainName'>CENTRALAZERI.ORG</Data><Data Name='LogonGuid'>{FEA40B4C-B6CD-D2B6-6275-52954FEE81F2}</Data><Data Name='TargetServerName'>ca-as-dc1$</Data><Data Name='TargetInfo'>ca-as-dc1$</Data><Data Name='ProcessId'>0x7a8</Data><Data Name='ProcessName'>C:\Windows\System32\taskeng.exe</Data><Data Name='IpAddress'>-</Data><Data Name='IpPort'>-</Data></EventData></Event>
<Event xmlns='http://schemas.microsoft.com/win/2004/08/events/event'><System><Provider Name='Microsoft-Windows-Security-Auditing' Guid='{54849625-5478-4994-a5ba-3e3b0328c30d}'/><EventID>4648</EventID><Version>0</Version><Level>0</Level><Task>12544</Task><Opcode>0</Opcode><Keywords>0x8020000000000000</Keywords><TimeCreated SystemTime='2023-02-07T14:44:02.695Z'/><EventRecordID>176444120</EventRecordID><Correlation/><Execution ProcessID='740' ThreadID='2640'/><Channel>Security</Channel><Computer>CA-AS-DC1.centralazeri.org</Computer><Security/></System><EventData><Data Name='SubjectUserSid'>S-1-5-18</Data><Data Name='SubjectUserName'>CA-AS-DC1$</Data><Data Name='SubjectDomainName'>CENTRALAZERI</Data><Data Name='SubjectLogonId'>0x3e7</Data><Data Name='LogonGuid'>{00000000-0000-0000-0000-000000000000}</Data><Data Name='TargetUserName'>CA-AS-DC1$</Data><Data Name='TargetDomainName'>CENTRALAZERI.ORG</Data><Data Name='LogonGuid'>{FEA40B4C-B6CD-D2B6-6275-52954FEE81F2}</Data><Data Name='TargetServerName'>ca-as-dc1$</Data><Data Name='TargetInfo'>ca-as-dc1$</Data><Data Name='ProcessId'>0x7a8</Data><Data Name='ProcessName'>C:\Windows\System32\taskeng.exe</Data><Data Name='IpAddress'>-</Data><Data Name='IpPort'>-</Data></EventData></Event>
<Event xmlns='http://schemas.microsoft.com/win/2004/08/events/event'><System><Provider Name='Microsoft-Windows-Security-Auditing' Guid='{54849625-5478-4994-a5ba-3e3b0328c30d}'/><EventID>4648</EventID><Version>0</Version><Level>0</Level><Task>12544</Task><Opcode>0</Opcode><Keywords>0x8020000000000000</Keywords><TimeCreated SystemTime='2023-02-07T14:44:02.741Z'/><EventRecordID>176444126</EventRecordID><Correlation/><Execution ProcessID='740' ThreadID='8128'/><Channel>Security</Channel><Computer>CA-AS-DC1.centralazeri.org</Computer><Security/></System><EventData><Data Name='SubjectUserSid'>S-1-5-18</Data><Data Name='SubjectUserName'>CA-AS-DC1$</Data><Data Name='SubjectDomainName'>CENTRALAZERI</Data><Data Name='SubjectLogonId'>0x3e7</Data><Data Name='LogonGuid'>{00000000-0000-0000-0000-000000000000}</Data><Data Name='TargetUserName'>CA-AS-DC1$</Data><Data Name='TargetDomainName'>CENTRALAZERI.ORG</Data><Data Name='LogonGuid'>{FEA40B4C-B6CD-D2B6-6275-52954FEE81F2}</Data><Data Name='TargetServerName'>ca-as-dc1$</Data><Data Name='TargetInfo'>ca-as-dc1$</Data><Data Name='ProcessId'>0x7a8</Data><Data Name='ProcessName'>C:\Windows\System32\taskeng.exe</Data><Data Name='IpAddress'>-</Data><Data Name='IpPort'>-</Data></EventData></Event>
<Event xmlns='http://schemas.microsoft.com/win/2004/08/events/event'><System><Provider Name='Microsoft-Windows-Security-Auditing' Guid='{54849625-5478-4994-a5ba-3e3b0328c30d}'/><EventID>4648</EventID><Version>0</Version><Level>0</Level><Task>12544</Task><Opcode>0</Opcode><Keywords>0x8020000000000000</Keywords><TimeCreated SystemTime='2023-02-07T14:44:02.788Z'/><EventRecordID>176444131</EventRecordID><Correlation/><Execution ProcessID='740' ThreadID='1192'/><Channel>Security</Channel><Computer>CA-AS-DC1.centralazeri.org</Computer><Security/></System><EventData><Data Name='SubjectUserSid'>S-1-5-18</Data><Data Name='SubjectUserName'>CA-AS-DC1$</Data><Data Name='SubjectDomainName'>CENTRALAZERI</Data><Data Name='SubjectLogonId'>0x3e7</Data><Data Name='LogonGuid'>{00000000-0000-0000-0000-000000000000}</Data><Data Name='TargetUserName'>CA-AS-DC1$</Data><Data Name='TargetDomainName'>CENTRALAZERI.ORG</Data><Data Name='LogonGuid'>{FEA40B4C-B6CD-D2B6-6275-52954FEE81F2}</Data><Data Name='TargetServerName'>ca-as-dc1$</Data><Data Name='TargetInfo'>ca-as-dc1$</Data><Data Name='ProcessId'>0x7a8</Data><Data Name='ProcessName'>C:\Windows\System32\taskeng.exe</Data><Data Name='IpAddress'>-</Data><Data Name='IpPort'>-</Data></EventData></Event>
<Event xmlns='http://schemas.microsoft.com/win/2004/08/events/event'><System><Provider Name='Microsoft-Windows-Security-Auditing' Guid='{54849625-5478-4994-a5ba-3e3b0328c30d}'/><EventID>4648</EventID><Version>0</Version><Level>0</Level><Task>12544</Task><Opcode>0</Opcode><Keywords>0x8020000000000000</Keywords><TimeCreated SystemTime='2023-02-07T15:39:22.973Z'/><EventRecordID>176444725</EventRecordID><Correlation/><Execution ProcessID='740' ThreadID='1192'/><Channel>Security</Channel><Computer>CA-AS-DC1.centralazeri.org</Computer><Security/></System><EventData><Data Name='SubjectUserSid'>S-1-5-18</Data><Data Name='SubjectUserName'>CA-AS-DC1$</Data><Data Name='SubjectDomainName'>CENTRALAZERI</Data><Data Name='SubjectLogonId'>0x3e7</Data><Data Name='LogonGuid'>{00000000-0000-0000-0000-000000000000}</Data><Data Name='TargetUserName'>SYSTEM</Data><Data Name='TargetDomainName'>NT AUTHORITY</Data><Data Name='LogonGuid'>{00000000-0000-0000-0000-000000000000}</Data><Data Name='TargetServerName'>localhost</Data><Data Name='TargetInfo'>localhost</Data><Data Name='ProcessId'>0x2d8</Data><Data Name='ProcessName'>C:\Windows\System32\services.exe</Data><Data Name='IpAddress'>-</Data><Data Name='IpPort'>-</Data></EventData></Event>
<Event xmlns='http://schemas.microsoft.com/win/2004/08/events/event'><System><Provider Name='Microsoft-Windows-Security-Auditing' Guid='{54849625-5478-4994-a5ba-3e3b0328c30d}'/><EventID>4648</EventID><Version>0</Version><Level>0</Level><Task>12544</Task><Opcode>0</Opcode><Keywords>0x8020000000000000</Keywords><TimeCreated SystemTime='2023-02-07T19:21:16.014Z'/><EventRecordID>176447529</EventRecordID><Correlation/><Execution ProcessID='740' ThreadID='1192'/><Channel>Security</Channel><Computer>CA-AS-DC1.centralazeri.org</Computer><Security/></System><EventData><Data Name='SubjectUserSid'>S-1-5-18</Data><Data Name='SubjectUserName'>CA-AS-DC1$</Data><Data Name='SubjectDomainName'>CENTRALAZERI</Data><Data Name='SubjectLogonId'>0x3e7</Data><Data Name='LogonGuid'>{00000000-0000-0000-0000-000000000000}</Data><Data Name='TargetUserName'>SYSTEM</Data><Data Name='TargetDomainName'>NT AUTHORITY</Data><Data Name='LogonGuid'>{00000000-0000-0000-0000-000000000000}</Data><Data Name='TargetServerName'>localhost</Data><Data Name='TargetInfo'>localhost</Data><Data Name='ProcessId'>0x2d8</Data><Data Name='ProcessName'>C:\Windows\System32\services.exe</Data><Data Name='IpAddress'>-</Data><Data Name='IpPort'>-</Data></EventData></Event>
<Event xmlns='http://schemas.microsoft.com/win/2004/08/events/event'><System><Provider Name='Microsoft-Windows-Security-Auditing' Guid='{54849625-5478-4994-a5ba-3e3b0328c30d}'/><EventID>4648</EventID><Version>0</Version><Level>0</Level><Task>12544</Task><Opcode>0</Opcode><Keywords>0x8020000000000000</Keywords><TimeCreated SystemTime='2023-02-07T22:37:49.391Z'/><EventRecordID>176449918</EventRecordID><Correlation/><Execution ProcessID='740' ThreadID='9572'/><Channel>Security</Channel><Computer>CA-AS-DC1.centralazeri.org</Computer><Security/></System><EventData><Data Name='SubjectUserSid'>S-1-5-18</Data><Data Name='SubjectUserName'>CA-AS-DC1$</Data><Data Name='SubjectDomainName'>CENTRALAZERI</Data><Data Name='SubjectLogonId'>0x3e7</Data><Data Name='LogonGuid'>{00000000-0000-0000-0000-000000000000}</Data><Data Name='TargetUserName'>SYSTEM</Data><Data Name='TargetDomainName'>NT AUTHORITY</Data><Data Name='LogonGuid'>{00000000-0000-0000-0000-000000000000}</Data><Data Name='TargetServerName'>localhost</Data><Data Name='TargetInfo'>localhost</Data><Data Name='ProcessId'>0x2d8</Data><Data Name='ProcessName'>C:\Windows\System32\services.exe</Data><Data Name='IpAddress'>-</Data><Data Name='IpPort'>-</Data></EventData></Event>
<Event xmlns='http://schemas.microsoft.com/win/2004/08/events/event'><System><Provider Name='Microsoft-Windows-Security-Auditing' Guid='{54849625-5478-4994-a5ba-3e3b0328c30d}'/><EventID>4648</EventID><Version>0</Version><Level>0</Level><Task>12544</Task><Opcode>0</Opcode><Keywords>0x8020000000000000</Keywords><TimeCreated SystemTime='2023-02-07T22:44:02.944Z'/><EventRecordID>176449991</EventRecordID><Correlation/><Execution ProcessID='740' ThreadID='5340'/><Channel>Security</Channel><Computer>CA-AS-DC1.centralazeri.org</Computer><Security/></System><EventData><Data Name='SubjectUserSid'>S-1-5-18</Data><Data Name='SubjectUserName'>CA-AS-DC1$</Data><Data Name='SubjectDomainName'>CENTRALAZERI</Data><Data Name='SubjectLogonId'>0x3e7</Data><Data Name='LogonGuid'>{00000000-0000-0000-0000-000000000000}</Data><Data Name='TargetUserName'>CA-AS-DC1$</Data><Data Name='TargetDomainName'>CENTRALAZERI.ORG</Data><Data Name='LogonGuid'>{6C13C472-A75D-7705-4ECA-82DA0E1B14A6}</Data><Data Name='TargetServerName'>ca-as-dc1$</Data><Data Name='TargetInfo'>ca-as-dc1$</Data><Data Name='ProcessId'>0x7a8</Data><Data Name='ProcessName'>C:\Windows\System32\taskeng.exe</Data><Data Name='IpAddress'>-</Data><Data Name='IpPort'>-</Data></EventData></Event>
<Event xmlns='http://schemas.microsoft.com/win/2004/08/events/event'><System><Provider Name='Microsoft-Windows-Security-Auditing' Guid='{54849625-5478-4994-a5ba-3e3b0328c30d}'/><EventID>4648</EventID><Version>0</Version><Level>0</Level><Task>12544</Task><Opcode>0</Opcode><Keywords>0x8020000000000000</Keywords><TimeCreated SystemTime='2023-02-07T22:44:02.991Z'/><EventRecordID>176449998</EventRecordID><Correlation/><Execution ProcessID='740' ThreadID='864'/><Channel>Security</Channel><Computer>CA-AS-DC1.centralazeri.org</Computer><Security/></System><EventData><Data Name='SubjectUserSid'>S-1-5-18</Data><Data Name='SubjectUserName'>CA-AS-DC1$</Data><Data Name='SubjectDomainName'>CENTRALAZERI</Data><Data Name='SubjectLogonId'>0x3e7</Data><Data Name='LogonGuid'>{00000000-0000-0000-0000-000000000000}</Data><Data Name='TargetUserName'>CA-AS-DC1$</Data><Data Name='TargetDomainName'>CENTRALAZERI.ORG</Data><Data Name='LogonGuid'>{6C13C472-A75D-7705-4ECA-82DA0E1B14A6}</Data><Data Name='TargetServerName'>ca-as-dc1$</Data><Data Name='TargetInfo'>ca-as-dc1$</Data><Data Name='ProcessId'>0x7a8</Data><Data Name='ProcessName'>C:\Windows\System32\taskeng.exe</Data><Data Name='IpAddress'>-</Data><Data Name='IpPort'>-</Data></EventData></Event>
<Event xmlns='http://schemas.microsoft.com/win/2004/08/events/event'><System><Provider Name='Microsoft-Windows-Security-Auditing' Guid='{54849625-5478-4994-a5ba-3e3b0328c30d}'/><EventID>4648</EventID><Version>0</Version><Level>0</Level><Task>12544</Task><Opcode>0</Opcode><Keywords>0x8020000000000000</Keywords><TimeCreated SystemTime='2023-02-07T22:44:03.038Z'/><EventRecordID>176450005</EventRecordID><Correlation/><Execution ProcessID='740' ThreadID='1192'/><Channel>Security</Channel><Computer>CA-AS-DC1.centralazeri.org</Computer><Security/></System><EventData><Data Name='SubjectUserSid'>S-1-5-18</Data><Data Name='SubjectUserName'>CA-AS-DC1$</Data><Data Name='SubjectDomainName'>CENTRALAZERI</Data><Data Name='SubjectLogonId'>0x3e7</Data><Data Name='LogonGuid'>{00000000-0000-0000-0000-000000000000}</Data><Data Name='TargetUserName'>CA-AS-DC1$</Data><Data Name='TargetDomainName'>CENTRALAZERI.ORG</Data><Data Name='LogonGuid'>{F4FFB1D3-1B30-B060-6876-B8B3B67352F9}</Data><Data Name='TargetServerName'>ca-as-dc1$</Data><Data Name='TargetInfo'>ca-as-dc1$</Data><Data Name='ProcessId'>0x7a8</Data><Data Name='ProcessName'>C:\Windows\System32\taskeng.exe</Data><Data Name='IpAddress'>-</Data><Data Name='IpPort'>-</Data></EventData></Event>
<Event xmlns='http://schemas.microsoft.com/win/2004/08/events/event'><System><Provider Name='Microsoft-Windows-Security-Auditing' Guid='{54849625-5478-4994-a5ba-3e3b0328c30d}'/><EventID>4648</EventID><Version>0</Version><Level>0</Level><Task>12544</Task><Opcode>0</Opcode><Keywords>0x8020000000000000</Keywords><TimeCreated SystemTime='2023-02-07T22:44:03.085Z'/><EventRecordID>176450012</EventRecordID><Correlation/><Execution ProcessID='740' ThreadID='2640'/><Channel>Security</Channel><Computer>CA-AS-DC1.centralazeri.org</Computer><Security/></System><EventData><Data Name='SubjectUserSid'>S-1-5-18</Data><Data Name='SubjectUserName'>CA-AS-DC1$</Data><Data Name='SubjectDomainName'>CENTRALAZERI</Data><Data Name='SubjectLogonId'>0x3e7</Data><Data Name='LogonGuid'>{00000000-0000-0000-0000-000000000000}</Data><Data Name='TargetUserName'>CA-AS-DC1$</Data><Data Name='TargetDomainName'>CENTRALAZERI.ORG</Data><Data Name='LogonGuid'>{F4FFB1D3-1B30-B060-6876-B8B3B67352F9}</Data><Data Name='TargetServerName'>ca-as-dc1$</Data><Data Name='TargetInfo'>ca-as-dc1$</Data><Data Name='ProcessId'>0x7a8</Data><Data Name='ProcessName'>C:\Windows\System32\taskeng.exe</Data><Data Name='IpAddress'>-</Data><Data Name='IpPort'>-</Data></EventData></Event>
<Event xmlns='http://schemas.microsoft.com/win/2004/08/events/event'><System><Provider Name='Microsoft-Windows-Security-Auditing' Guid='{54849625-5478-4994-a5ba-3e3b0328c30d}'/><EventID>4648</EventID><Version>0</Version><Level>0</Level><Task>12544</Task><Opcode>0</Opcode><Keywords>0x8020000000000000</Keywords><TimeCreated SystemTime='2023-02-08T02:24:27.472Z'/><EventRecordID>176452706</EventRecordID><Correlation/><Execution ProcessID='740' ThreadID='9572'/><Channel>Security</Channel><Computer>CA-AS-DC1.centralazeri.org</Computer><Security/></System><EventData><Data Name='SubjectUserSid'>S-1-5-18</Data><Data Name='SubjectUserName'>CA-AS-DC1$</Data><Data Name='SubjectDomainName'>CENTRALAZERI</Data><Data Name='SubjectLogonId'>0x3e7</Data><Data Name='LogonGuid'>{00000000-0000-0000-0000-000000000000}</Data><Data Name='TargetUserName'>SYSTEM</Data><Data Name='TargetDomainName'>NT AUTHORITY</Data><Data Name='LogonGuid'>{00000000-0000-0000-0000-000000000000}</Data><Data Name='TargetServerName'>localhost</Data><Data Name='TargetInfo'>localhost</Data><Data Name='ProcessId'>0x2d8</Data><Data Name='ProcessName'>C:\Windows\System32\services.exe</Data><Data Name='IpAddress'>-</Data><Data Name='IpPort'>-</Data></EventData></Event>
<Event xmlns='http://schemas.microsoft.com/win/2004/08/events/event'><System><Provider Name='Microsoft-Windows-Security-Auditing' Guid='{54849625-5478-4994-a5ba-3e3b0328c30d}'/><EventID>4648</EventID><Version>0</Version><Level>0</Level><Task>12544</Task><Opcode>0</Opcode><Keywords>0x8020000000000000</Keywords><TimeCreated SystemTime='2023-02-08T06:25:32.636Z'/><EventRecordID>176455838</EventRecordID><Correlation/><Execution ProcessID='740' ThreadID='9572'/><Channel>Security</Channel><Computer>CA-AS-DC1.centralazeri.org</Computer><Security/></System><EventData><Data Name='SubjectUserSid'>S-1-5-18</Data><Data Name='SubjectUserName'>CA-AS-DC1$</Data><Data Name='SubjectDomainName'>CENTRALAZERI</Data><Data Name='SubjectLogonId'>0x3e7</Data><Data Name='LogonGuid'>{00000000-0000-0000-0000-000000000000}</Data><Data Name='TargetUserName'>SYSTEM</Data><Data Name='TargetDomainName'>NT AUTHORITY</Data><Data Name='LogonGuid'>{00000000-0000-0000-0000-000000000000}</Data><Data Name='TargetServerName'>localhost</Data><Data Name='TargetInfo'>localhost</Data><Data Name='ProcessId'>0x2d8</Data><Data Name='ProcessName'>C:\Windows\System32\services.exe</Data><Data Name='IpAddress'>-</Data><Data Name='IpPort'>-</Data></EventData></Event>
<Event xmlns='http://schemas.microsoft.com/win/2004/08/events/event'><System><Provider Name='Microsoft-Windows-Security-Auditing' Guid='{54849625-5478-4994-a5ba-3e3b0328c30d}'/><EventID>4648</EventID><Version>0</Version><Level>0</Level><Task>12544</Task><Opcode>0</Opcode><Keywords>0x8020000000000000</Keywords><TimeCreated SystemTime='2023-02-08T06:44:03.918Z'/><EventRecordID>176456174</EventRecordID><Correlation/><Execution ProcessID='740' ThreadID='9572'/><Channel>Security</Channel><Computer>CA-AS-DC1.centralazeri.org</Computer><Security/></System><EventData><Data Name='SubjectUserSid'>S-1-5-18</Data><Data Name='SubjectUserName'>CA-AS-DC1$</Data><Data Name='SubjectDomainName'>CENTRALAZERI</Data><Data Name='SubjectLogonId'>0x3e7</Data><Data Name='LogonGuid'>{00000000-0000-0000-0000-000000000000}</Data><Data Name='TargetUserName'>CA-AS-DC1$</Data><Data Name='TargetDomainName'>CENTRALAZERI.ORG</Data><Data Name='LogonGuid'>{EADB9B0C-C460-988B-357D-5CEE19EADC90}</Data><Data Name='TargetServerName'>ca-as-dc1$</Data><Data Name='TargetInfo'>ca-as-dc1$</Data><Data Name='ProcessId'>0x7a8</Data><Data Name='ProcessName'>C:\Windows\System32\taskeng.exe</Data><Data Name='IpAddress'>-</Data><Data Name='IpPort'>-</Data></EventData></Event>
<Event xmlns='http://schemas.microsoft.com/win/2004/08/events/event'><System><Provider Name='Microsoft-Windows-Security-Auditing' Guid='{54849625-5478-4994-a5ba-3e3b0328c30d}'/><EventID>4648</EventID><Version>0</Version><Level>0</Level><Task>12544</Task><Opcode>0</Opcode><Keywords>0x8020000000000000</Keywords><TimeCreated SystemTime='2023-02-08T06:44:03.965Z'/><EventRecordID>176456180</EventRecordID><Correlation/><Execution ProcessID='740' ThreadID='8128'/><Channel>Security</Channel><Computer>CA-AS-DC1.centralazeri.org</Computer><Security/></System><EventData><Data Name='SubjectUserSid'>S-1-5-18</Data><Data Name='SubjectUserName'>CA-AS-DC1$</Data><Data Name='SubjectDomainName'>CENTRALAZERI</Data><Data Name='SubjectLogonId'>0x3e7</Data><Data Name='LogonGuid'>{00000000-0000-0000-0000-000000000000}</Data><Data Name='TargetUserName'>CA-AS-DC1$</Data><Data Name='TargetDomainName'>CENTRALAZERI.ORG</Data><Data Name='LogonGuid'>{EADB9B0C-C460-988B-357D-5CEE19EADC90}</Data><Data Name='TargetServerName'>ca-as-dc1$</Data><Data Name='TargetInfo'>ca-as-dc1$</Data><Data Name='ProcessId'>0x7a8</Data><Data Name='ProcessName'>C:\Windows\System32\taskeng.exe</Data><Data Name='IpAddress'>-</Data><Data Name='IpPort'>-</Data></EventData></Event>
<Event xmlns='http://schemas.microsoft.com/win/2004/08/events/event'><System><Provider Name='Microsoft-Windows-Security-Auditing' Guid='{54849625-5478-4994-a5ba-3e3b0328c30d}'/><EventID>4648</EventID><Version>0</Version><Level>0</Level><Task>12544</Task><Opcode>0</Opcode><Keywords>0x8020000000000000</Keywords><TimeCreated SystemTime='2023-02-08T06:44:04.011Z'/><EventRecordID>176456188</EventRecordID><Correlation/><Execution ProcessID='740' ThreadID='5340'/><Channel>Security</Channel><Computer>CA-AS-DC1.centralazeri.org</Computer><Security/></System><EventData><Data Name='SubjectUserSid'>S-1-5-18</Data><Data Name='SubjectUserName'>CA-AS-DC1$</Data><Data Name='SubjectDomainName'>CENTRALAZERI</Data><Data Name='SubjectLogonId'>0x3e7</Data><Data Name='LogonGuid'>{00000000-0000-0000-0000-000000000000}</Data><Data Name='TargetUserName'>CA-AS-DC1$</Data><Data Name='TargetDomainName'>CENTRALAZERI.ORG</Data><Data Name='LogonGuid'>{C6590D36-BFDD-BD00-3245-762440852558}</Data><Data Name='TargetServerName'>ca-as-dc1$</Data><Data Name='TargetInfo'>ca-as-dc1$</Data><Data Name='ProcessId'>0x7a8</Data><Data Name='ProcessName'>C:\Windows\System32\taskeng.exe</Data><Data Name='IpAddress'>-</Data><Data Name='IpPort'>-</Data></EventData></Event>
<Event xmlns='http://schemas.microsoft.com/win/2004/08/events/event'><System><Provider Name='Microsoft-Windows-Security-Auditing' Guid='{54849625-5478-4994-a5ba-3e3b0328c30d}'/><EventID>4648</EventID><Version>0</Version><Level>0</Level><Task>12544</Task><Opcode>0</Opcode><Keywords>0x8020000000000000</Keywords><TimeCreated SystemTime='2023-02-08T06:44:04.058Z'/><EventRecordID>176456193</EventRecordID><Correlation/><Execution ProcessID='740' ThreadID='2640'/><Channel>Security</Channel><Computer>CA-AS-DC1.centralazeri.org</Computer><Security/></System><EventData><Data Name='SubjectUserSid'>S-1-5-18</Data><Data Name='SubjectUserName'>CA-AS-DC1$</Data><Data Name='SubjectDomainName'>CENTRALAZERI</Data><Data Name='SubjectLogonId'>0x3e7</Data><Data Name='LogonGuid'>{00000000-0000-0000-0000-000000000000}</Data><Data Name='TargetUserName'>CA-AS-DC1$</Data><Data Name='TargetDomainName'>CENTRALAZERI.ORG</Data><Data Name='LogonGuid'>{C6590D36-BFDD-BD00-3245-762440852558}</Data><Data Name='TargetServerName'>ca-as-dc1$</Data><Data Name='TargetInfo'>ca-as-dc1$</Data><Data Name='ProcessId'>0x7a8</Data><Data Name='ProcessName'>C:\Windows\System32\taskeng.exe</Data><Data Name='IpAddress'>-</Data><Data Name='IpPort'>-</Data></EventData></Event>
<Event xmlns='http://schemas.microsoft.com/win/2004/08/events/event'><System><Provider Name='Microsoft-Windows-Security-Auditing' Guid='{54849625-5478-4994-a5ba-3e3b0328c30d}'/><EventID>4648</EventID><Version>0</Version><Level>0</Level><Task>12544</Task><Opcode>0</Opcode><Keywords>0x8020000000000000</Keywords><TimeCreated SystemTime='2023-02-08T07:22:13.894Z'/><EventRecordID>176456624</EventRecordID><Correlation/><Execution ProcessID='740' ThreadID='8128'/><Channel>Security</Channel><Computer>CA-AS-DC1.centralazeri.org</Computer><Security/></System><EventData><Data Name='SubjectUserSid'>S-1-5-18</Data><Data Name='SubjectUserName'>CA-AS-DC1$</Data><Data Name='SubjectDomainName'>CENTRALAZERI</Data><Data Name='SubjectLogonId'>0x3e7</Data><Data Name='LogonGuid'>{00000000-0000-0000-0000-000000000000}</Data><Data Name='TargetUserName'>alimy</Data><Data Name='TargetDomainName'>CENTRALAZERI</Data><Data Name='LogonGuid'>{B0A6A148-29DA-032E-06C9-04937C99ED1F}</Data><Data Name='TargetServerName'>localhost</Data><Data Name='TargetInfo'>localhost</Data><Data Name='ProcessId'>0x1a298</Data><Data Name='ProcessName'>C:\Windows\System32\winlogon.exe</Data><Data Name='IpAddress'>172.16.80.74</Data><Data Name='IpPort'>63920</Data></EventData></Event>
<Event xmlns='http://schemas.microsoft.com/win/2004/08/events/event'><System><Provider Name='Microsoft-Windows-Security-Auditing' Guid='{54849625-5478-4994-a5ba-3e3b0328c30d}'/><EventID>4648</EventID><Version>0</Version><Level>0</Level><Task>12544</Task><Opcode>0</Opcode><Keywords>0x8020000000000000</Keywords><TimeCreated SystemTime='2023-02-08T09:57:06.147Z'/><EventRecordID>176458586</EventRecordID><Correlation/><Execution ProcessID='740' ThreadID='5340'/><Channel>Security</Channel><Computer>CA-AS-DC1.centralazeri.org</Computer><Security/></System><EventData><Data Name='SubjectUserSid'>S-1-5-18</Data><Data Name='SubjectUserName'>CA-AS-DC1$</Data><Data Name='SubjectDomainName'>CENTRALAZERI</Data><Data Name='SubjectLogonId'>0x3e7</Data><Data Name='LogonGuid'>{00000000-0000-0000-0000-000000000000}</Data><Data Name='TargetUserName'>SYSTEM</Data><Data Name='TargetDomainName'>NT AUTHORITY</Data><Data Name='LogonGuid'>{00000000-0000-0000-0000-000000000000}</Data><Data Name='TargetServerName'>localhost</Data><Data Name='TargetInfo'>localhost</Data><Data Name='ProcessId'>0x2d8</Data><Data Name='ProcessName'>C:\Windows\System32\services.exe</Data><Data Name='IpAddress'>-</Data><Data Name='IpPort'>-</Data></EventData></Event>
<Event xmlns='http://schemas.microsoft.com/win/2004/08/events/event'><System><Provider Name='Microsoft-Windows-Security-Auditing' Guid='{54849625-5478-4994-a5ba-3e3b0328c30d}'/><EventID>4648</EventID><Version>0</Version><Level>0</Level><Task>12544</Task><Opcode>0</Opcode><Keywords>0x8020000000000000</Keywords><TimeCreated SystemTime='2023-02-08T13:53:27.483Z'/><EventRecordID>176461680</EventRecordID><Correlation/><Execution ProcessID='740' ThreadID='864'/><Channel>Security</Channel><Computer>CA-AS-DC1.centralazeri.org</Computer><Security/></System><EventData><Data Name='SubjectUserSid'>S-1-5-18</Data><Data Name='SubjectUserName'>CA-AS-DC1$</Data><Data Name='SubjectDomainName'>CENTRALAZERI</Data><Data Name='SubjectLogonId'>0x3e7</Data><Data Name='LogonGuid'>{00000000-0000-0000-0000-000000000000}</Data><Data Name='TargetUserName'>SYSTEM</Data><Data Name='TargetDomainName'>NT AUTHORITY</Data><Data Name='LogonGuid'>{00000000-0000-0000-0000-000000000000}</Data><Data Name='TargetServerName'>localhost</Data><Data Name='TargetInfo'>localhost</Data><Data Name='ProcessId'>0x2d8</Data><Data Name='ProcessName'>C:\Windows\System32\services.exe</Data><Data Name='IpAddress'>-</Data><Data Name='IpPort'>-</Data></EventData></Event>
<Event xmlns='http://schemas.microsoft.com/win/2004/08/events/event'>
    <System>
    <Provider Name='Microsoft-Windows-Security-Auditing' 
    Guid='{54849625-5478-4994-a5ba-3e3b0328c30d}'/>
        <EventID>4648</EventID>
            <Version>0</Version>
                <Level>0</Level>
                    <Task>12544</Task>
                        <Opcode>0</Opcode>
                            <Keywords>0x8020000000000000</Keywords>
                                <TimeCreated SystemTime='2023-02-08T14:20:24.318Z'/>
                                <EventRecordID>176462028</EventRecordID>
                                <Correlation/>
                                <Execution ProcessID='740' ThreadID='864'/>
                                <Channel>Security</Channel>
                                <Computer>CA-AS-DC1.centralazeri.org</Computer>
                                <Security/></System>
                                <EventData>
                                <Data Name='SubjectUserSid'>S-1-5-18</Data>
                                <Data Name='SubjectUserName'>CA-AS-DC1$</Data>
                                <Data Name='SubjectDomainName'>CENTRALAZERI</Data>
                                <Data Name='SubjectLogonId'>0x3e7</Data>
                                <Data Name='LogonGuid'>{00000000-0000-0000-0000-000000000000}</Data>
                                <Data Name='TargetUserName'>alimy</Data>
                                <Data Name='TargetDomainName'>CENTRALAZERI</Data>
                                <Data Name='LogonGuid'>{5E870E58-B50F-5FC9-96AB-A5769353D299}</Data>
                                <Data Name='TargetServerName'>localhost</Data>
                                <Data Name='TargetInfo'>localhost</Data>
                                <Data Name='ProcessId'>0x19530</Data>
                                <Data Name='ProcessName'>C:\Windows\System32\winlogon.exe</Data>
                                <Data Name='IpAddress'>172.16.80.74</Data>
                                <Data Name='IpPort'>64326</Data>
                                </EventData>
                                </Event>
