<Event xmlns='http://schemas.microsoft.com/win/2004/08/events/event'><System><Provider Name='Microsoft-Windows-Security-Auditing' Guid='{54849625-5478-4994-a5ba-3e3b0328c30d}'/><EventID>4648</EventID><Version>0</Version><Level>0</Level><Task>12544</Task><Opcode>0</Opcode><Keywords>0x8020000000000000</Keywords><TimeCreated SystemTime='2023-01-27T21:24:29.058Z'/><EventRecordID>176251927</EventRecordID><Correlation/><Execution ProcessID='740' ThreadID='2640'/><Channel>Security</Channel><Computer>CA-AS-DC1.centralazeri.org</Computer><Security/></System><EventData><Data Name='SubjectUserSid'>S-1-5-18</Data><Data Name='SubjectUserName'>CA-AS-DC1$</Data><Data Name='SubjectDomainName'>CENTRALAZERI</Data><Data Name='SubjectLogonId'>0x3e7</Data><Data Name='LogonGuid'>{00000000-0000-0000-0000-000000000000}</Data><Data Name='TargetUserName'>SYSTEM</Data><Data Name='TargetDomainName'>NT AUTHORITY</Data><Data Name='LogonGuid'>{00000000-0000-0000-0000-000000000000}</Data><Data Name='TargetServerName'>localhost</Data><Data Name='TargetInfo'>localhost</Data><Data Name='ProcessId'>0x2d8</Data><Data Name='ProcessName'>C:\Windows\System32\services.exe</Data><Data Name='IpAddress'>-</Data><Data Name='IpPort'>-</Data></EventData></Event>
<Event xmlns='http://schemas.microsoft.com/win/2004/08/events/event'><System><Provider Name='Microsoft-Windows-Security-Auditing' Guid='{54849625-5478-4994-a5ba-3e3b0328c30d}'/><EventID>4648</EventID><Version>0</Version><Level>0</Level><Task>12544</Task><Opcode>0</Opcode><Keywords>0x8020000000000000</Keywords><TimeCreated SystemTime='2023-01-27T22:43:43.633Z'/><EventRecordID>176252975</EventRecordID><Correlation/><Execution ProcessID='740' ThreadID='9572'/><Channel>Security</Channel><Computer>CA-AS-DC1.centralazeri.org</Computer><Security/></System><EventData><Data Name='SubjectUserSid'>S-1-5-18</Data><Data Name='SubjectUserName'>CA-AS-DC1$</Data><Data Name='SubjectDomainName'>CENTRALAZERI</Data><Data Name='SubjectLogonId'>0x3e7</Data><Data Name='LogonGuid'>{00000000-0000-0000-0000-000000000000}</Data><Data Name='TargetUserName'>CA-AS-DC1$</Data><Data Name='TargetDomainName'>CENTRALAZERI.ORG</Data><Data Name='LogonGuid'>{B9F3F364-1B04-16CB-8C3E-C8D2D6E560FB}</Data><Data Name='TargetServerName'>ca-as-dc1$</Data><Data Name='TargetInfo'>ca-as-dc1$</Data><Data Name='ProcessId'>0x7a8</Data><Data Name='ProcessName'>C:\Windows\System32\taskeng.exe</Data><Data Name='IpAddress'>-</Data><Data Name='IpPort'>-</Data></EventData></Event>
<Event xmlns='http://schemas.microsoft.com/win/2004/08/events/event'><System><Provider Name='Microsoft-Windows-Security-Auditing' Guid='{54849625-5478-4994-a5ba-3e3b0328c30d}'/><EventID>4648</EventID><Version>0</Version><Level>0</Level><Task>12544</Task><Opcode>0</Opcode><Keywords>0x8020000000000000</Keywords><TimeCreated SystemTime='2023-01-27T22:43:43.680Z'/><EventRecordID>176252981</EventRecordID><Correlation/><Execution ProcessID='740' ThreadID='5340'/><Channel>Security</Channel><Computer>CA-AS-DC1.centralazeri.org</Computer><Security/></System><EventData><Data Name='SubjectUserSid'>S-1-5-18</Data><Data Name='SubjectUserName'>CA-AS-DC1$</Data><Data Name='SubjectDomainName'>CENTRALAZERI</Data><Data Name='SubjectLogonId'>0x3e7</Data><Data Name='LogonGuid'>{00000000-0000-0000-0000-000000000000}</Data><Data Name='TargetUserName'>CA-AS-DC1$</Data><Data Name='TargetDomainName'>CENTRALAZERI.ORG</Data><Data Name='LogonGuid'>{B9F3F364-1B04-16CB-8C3E-C8D2D6E560FB}</Data><Data Name='TargetServerName'>ca-as-dc1$</Data><Data Name='TargetInfo'>ca-as-dc1$</Data><Data Name='ProcessId'>0x7a8</Data><Data Name='ProcessName'>C:\Windows\System32\taskeng.exe</Data><Data Name='IpAddress'>-</Data><Data Name='IpPort'>-</Data></EventData></Event>
<Event xmlns='http://schemas.microsoft.com/win/2004/08/events/event'><System><Provider Name='Microsoft-Windows-Security-Auditing' Guid='{54849625-5478-4994-a5ba-3e3b0328c30d}'/><EventID>4648</EventID><Version>0</Version><Level>0</Level><Task>12544</Task><Opcode>0</Opcode><Keywords>0x8020000000000000</Keywords><TimeCreated SystemTime='2023-01-27T22:43:43.727Z'/><EventRecordID>176252988</EventRecordID><Correlation/><Execution ProcessID='740' ThreadID='8128'/><Channel>Security</Channel><Computer>CA-AS-DC1.centralazeri.org</Computer><Security/></System><EventData><Data Name='SubjectUserSid'>S-1-5-18</Data><Data Name='SubjectUserName'>CA-AS-DC1$</Data><Data Name='SubjectDomainName'>CENTRALAZERI</Data><Data Name='SubjectLogonId'>0x3e7</Data><Data Name='LogonGuid'>{00000000-0000-0000-0000-000000000000}</Data><Data Name='TargetUserName'>CA-AS-DC1$</Data><Data Name='TargetDomainName'>CENTRALAZERI.ORG</Data><Data Name='LogonGuid'>{B9F3F364-1B04-16CB-8C3E-C8D2D6E560FB}</Data><Data Name='TargetServerName'>ca-as-dc1$</Data><Data Name='TargetInfo'>ca-as-dc1$</Data><Data Name='ProcessId'>0x7a8</Data><Data Name='ProcessName'>C:\Windows\System32\taskeng.exe</Data><Data Name='IpAddress'>-</Data><Data Name='IpPort'>-</Data></EventData></Event>
<Event xmlns='http://schemas.microsoft.com/win/2004/08/events/event'><System><Provider Name='Microsoft-Windows-Security-Auditing' Guid='{54849625-5478-4994-a5ba-3e3b0328c30d}'/><EventID>4648</EventID><Version>0</Version><Level>0</Level><Task>12544</Task><Opcode>0</Opcode><Keywords>0x8020000000000000</Keywords><TimeCreated SystemTime='2023-01-27T22:43:43.774Z'/><EventRecordID>176252994</EventRecordID><Correlation/><Execution ProcessID='740' ThreadID='1192'/><Channel>Security</Channel><Computer>CA-AS-DC1.centralazeri.org</Computer><Security/></System><EventData><Data Name='SubjectUserSid'>S-1-5-18</Data><Data Name='SubjectUserName'>CA-AS-DC1$</Data><Data Name='SubjectDomainName'>CENTRALAZERI</Data><Data Name='SubjectLogonId'>0x3e7</Data><Data Name='LogonGuid'>{00000000-0000-0000-0000-000000000000}</Data><Data Name='TargetUserName'>CA-AS-DC1$</Data><Data Name='TargetDomainName'>CENTRALAZERI.ORG</Data><Data Name='LogonGuid'>{B9F3F364-1B04-16CB-8C3E-C8D2D6E560FB}</Data><Data Name='TargetServerName'>ca-as-dc1$</Data><Data Name='TargetInfo'>ca-as-dc1$</Data><Data Name='ProcessId'>0x7a8</Data><Data Name='ProcessName'>C:\Windows\System32\taskeng.exe</Data><Data Name='IpAddress'>-</Data><Data Name='IpPort'>-</Data></EventData></Event>
<Event xmlns='http://schemas.microsoft.com/win/2004/08/events/event'><System><Provider Name='Microsoft-Windows-Security-Auditing' Guid='{54849625-5478-4994-a5ba-3e3b0328c30d}'/><EventID>4648</EventID><Version>0</Version><Level>0</Level><Task>12544</Task><Opcode>0</Opcode><Keywords>0x8020000000000000</Keywords><TimeCreated SystemTime='2023-01-28T01:00:00.022Z'/><EventRecordID>176254728</EventRecordID><Correlation/><Execution ProcessID='740' ThreadID='1192'/><Channel>Security</Channel><Computer>CA-AS-DC1.centralazeri.org</Computer><Security/></System><EventData><Data Name='SubjectUserSid'>S-1-5-18</Data><Data Name='SubjectUserName'>CA-AS-DC1$</Data><Data Name='SubjectDomainName'>CENTRALAZERI</Data><Data Name='SubjectLogonId'>0x3e7</Data><Data Name='LogonGuid'>{00000000-0000-0000-0000-000000000000}</Data><Data Name='TargetUserName'>caadmin130167abb</Data><Data Name='TargetDomainName'>CENTRALAZERI</Data><Data Name='LogonGuid'>{DF401141-B89A-ADB2-BD92-007345C2AF57}</Data><Data Name='TargetServerName'>localhost</Data><Data Name='TargetInfo'>localhost</Data><Data Name='ProcessId'>0x510</Data><Data Name='ProcessName'>C:\Windows\System32\svchost.exe</Data><Data Name='IpAddress'>-</Data><Data Name='IpPort'>-</Data></EventData></Event>
<Event xmlns='http://schemas.microsoft.com/win/2004/08/events/event'><System><Provider Name='Microsoft-Windows-Security-Auditing' Guid='{54849625-5478-4994-a5ba-3e3b0328c30d}'/><EventID>4648</EventID><Version>0</Version><Level>0</Level><Task>12544</Task><Opcode>0</Opcode><Keywords>0x8020000000000000</Keywords><TimeCreated SystemTime='2023-01-28T01:26:38.663Z'/><EventRecordID>176255018</EventRecordID><Correlation/><Execution ProcessID='740' ThreadID='864'/><Channel>Security</Channel><Computer>CA-AS-DC1.centralazeri.org</Computer><Security/></System><EventData><Data Name='SubjectUserSid'>S-1-5-18</Data><Data Name='SubjectUserName'>CA-AS-DC1$</Data><Data Name='SubjectDomainName'>CENTRALAZERI</Data><Data Name='SubjectLogonId'>0x3e7</Data><Data Name='LogonGuid'>{00000000-0000-0000-0000-000000000000}</Data><Data Name='TargetUserName'>SYSTEM</Data><Data Name='TargetDomainName'>NT AUTHORITY</Data><Data Name='LogonGuid'>{00000000-0000-0000-0000-000000000000}</Data><Data Name='TargetServerName'>localhost</Data><Data Name='TargetInfo'>localhost</Data><Data Name='ProcessId'>0x2d8</Data><Data Name='ProcessName'>C:\Windows\System32\services.exe</Data><Data Name='IpAddress'>-</Data><Data Name='IpPort'>-</Data></EventData></Event>
<Event xmlns='http://schemas.microsoft.com/win/2004/08/events/event'><System><Provider Name='Microsoft-Windows-Security-Auditing' Guid='{54849625-5478-4994-a5ba-3e3b0328c30d}'/><EventID>4648</EventID><Version>0</Version><Level>0</Level><Task>12544</Task><Opcode>0</Opcode><Keywords>0x8020000000000000</Keywords><TimeCreated SystemTime='2023-01-28T05:04:31.142Z'/><EventRecordID>176257780</EventRecordID><Correlation/><Execution ProcessID='740' ThreadID='5340'/><Channel>Security</Channel><Computer>CA-AS-DC1.centralazeri.org</Computer><Security/></System><EventData><Data Name='SubjectUserSid'>S-1-5-18</Data><Data Name='SubjectUserName'>CA-AS-DC1$</Data><Data Name='SubjectDomainName'>CENTRALAZERI</Data><Data Name='SubjectLogonId'>0x3e7</Data><Data Name='LogonGuid'>{00000000-0000-0000-0000-000000000000}</Data><Data Name='TargetUserName'>SYSTEM</Data><Data Name='TargetDomainName'>NT AUTHORITY</Data><Data Name='LogonGuid'>{00000000-0000-0000-0000-000000000000}</Data><Data Name='TargetServerName'>localhost</Data><Data Name='TargetInfo'>localhost</Data><Data Name='ProcessId'>0x2d8</Data><Data Name='ProcessName'>C:\Windows\System32\services.exe</Data><Data Name='IpAddress'>-</Data><Data Name='IpPort'>-</Data></EventData></Event>
<Event xmlns='http://schemas.microsoft.com/win/2004/08/events/event'><System><Provider Name='Microsoft-Windows-Security-Auditing' Guid='{54849625-5478-4994-a5ba-3e3b0328c30d}'/><EventID>4648</EventID><Version>0</Version><Level>0</Level><Task>12544</Task><Opcode>0</Opcode><Keywords>0x8020000000000000</Keywords><TimeCreated SystemTime='2023-01-28T06:23:14.431Z'/><EventRecordID>176258589</EventRecordID><Correlation/><Execution ProcessID='740' ThreadID='5340'/><Channel>Security</Channel><Computer>CA-AS-DC1.centralazeri.org</Computer><Security/></System><EventData><Data Name='SubjectUserSid'>S-1-5-18</Data><Data Name='SubjectUserName'>CA-AS-DC1$</Data><Data Name='SubjectDomainName'>CENTRALAZERI</Data><Data Name='SubjectLogonId'>0x3e7</Data><Data Name='LogonGuid'>{00000000-0000-0000-0000-000000000000}</Data><Data Name='TargetUserName'>turala</Data><Data Name='TargetDomainName'>CENTRALAZERI</Data><Data Name='LogonGuid'>{1B201347-6B9F-E466-5D4F-2745975E42AB}</Data><Data Name='TargetServerName'>localhost</Data><Data Name='TargetInfo'>localhost</Data><Data Name='ProcessId'>0x18564</Data><Data Name='ProcessName'>C:\Windows\System32\winlogon.exe</Data><Data Name='IpAddress'>172.16.80.74</Data><Data Name='IpPort'>58717</Data></EventData></Event>
<Event xmlns='http://schemas.microsoft.com/win/2004/08/events/event'><System><Provider Name='Microsoft-Windows-Security-Auditing' Guid='{54849625-5478-4994-a5ba-3e3b0328c30d}'/><EventID>4648</EventID><Version>0</Version><Level>0</Level><Task>12544</Task><Opcode>0</Opcode><Keywords>0x8020000000000000</Keywords><TimeCreated SystemTime='2023-01-28T06:43:44.213Z'/><EventRecordID>176259044</EventRecordID><Correlation/><Execution ProcessID='740' ThreadID='5340'/><Channel>Security</Channel><Computer>CA-AS-DC1.centralazeri.org</Computer><Security/></System><EventData><Data Name='SubjectUserSid'>S-1-5-18</Data><Data Name='SubjectUserName'>CA-AS-DC1$</Data><Data Name='SubjectDomainName'>CENTRALAZERI</Data><Data Name='SubjectLogonId'>0x3e7</Data><Data Name='LogonGuid'>{00000000-0000-0000-0000-000000000000}</Data><Data Name='TargetUserName'>CA-AS-DC1$</Data><Data Name='TargetDomainName'>CENTRALAZERI.ORG</Data><Data Name='LogonGuid'>{B6FE93E2-DBC3-9573-7F07-54B538189EE9}</Data><Data Name='TargetServerName'>ca-as-dc1$</Data><Data Name='TargetInfo'>ca-as-dc1$</Data><Data Name='ProcessId'>0x7a8</Data><Data Name='ProcessName'>C:\Windows\System32\taskeng.exe</Data><Data Name='IpAddress'>-</Data><Data Name='IpPort'>-</Data></EventData></Event>
<Event xmlns='http://schemas.microsoft.com/win/2004/08/events/event'><System><Provider Name='Microsoft-Windows-Security-Auditing' Guid='{54849625-5478-4994-a5ba-3e3b0328c30d}'/><EventID>4648</EventID><Version>0</Version><Level>0</Level><Task>12544</Task><Opcode>0</Opcode><Keywords>0x8020000000000000</Keywords><TimeCreated SystemTime='2023-01-28T06:43:44.275Z'/><EventRecordID>176259051</EventRecordID><Correlation/><Execution ProcessID='740' ThreadID='9572'/><Channel>Security</Channel><Computer>CA-AS-DC1.centralazeri.org</Computer><Security/></System><EventData><Data Name='SubjectUserSid'>S-1-5-18</Data><Data Name='SubjectUserName'>CA-AS-DC1$</Data><Data Name='SubjectDomainName'>CENTRALAZERI</Data><Data Name='SubjectLogonId'>0x3e7</Data><Data Name='LogonGuid'>{00000000-0000-0000-0000-000000000000}</Data><Data Name='TargetUserName'>CA-AS-DC1$</Data><Data Name='TargetDomainName'>CENTRALAZERI.ORG</Data><Data Name='LogonGuid'>{B6FE93E2-DBC3-9573-7F07-54B538189EE9}</Data><Data Name='TargetServerName'>ca-as-dc1$</Data><Data Name='TargetInfo'>ca-as-dc1$</Data><Data Name='ProcessId'>0x7a8</Data><Data Name='ProcessName'>C:\Windows\System32\taskeng.exe</Data><Data Name='IpAddress'>-</Data><Data Name='IpPort'>-</Data></EventData></Event>
<Event xmlns='http://schemas.microsoft.com/win/2004/08/events/event'><System><Provider Name='Microsoft-Windows-Security-Auditing' Guid='{54849625-5478-4994-a5ba-3e3b0328c30d}'/><EventID>4648</EventID><Version>0</Version><Level>0</Level><Task>12544</Task><Opcode>0</Opcode><Keywords>0x8020000000000000</Keywords><TimeCreated SystemTime='2023-01-28T06:43:44.338Z'/><EventRecordID>176259059</EventRecordID><Correlation/><Execution ProcessID='740' ThreadID='864'/><Channel>Security</Channel><Computer>CA-AS-DC1.centralazeri.org</Computer><Security/></System><EventData><Data Name='SubjectUserSid'>S-1-5-18</Data><Data Name='SubjectUserName'>CA-AS-DC1$</Data><Data Name='SubjectDomainName'>CENTRALAZERI</Data><Data Name='SubjectLogonId'>0x3e7</Data><Data Name='LogonGuid'>{00000000-0000-0000-0000-000000000000}</Data><Data Name='TargetUserName'>CA-AS-DC1$</Data><Data Name='TargetDomainName'>CENTRALAZERI.ORG</Data><Data Name='LogonGuid'>{B6FE93E2-DBC3-9573-7F07-54B538189EE9}</Data><Data Name='TargetServerName'>ca-as-dc1$</Data><Data Name='TargetInfo'>ca-as-dc1$</Data><Data Name='ProcessId'>0x7a8</Data><Data Name='ProcessName'>C:\Windows\System32\taskeng.exe</Data><Data Name='IpAddress'>-</Data><Data Name='IpPort'>-</Data></EventData></Event>
<Event xmlns='http://schemas.microsoft.com/win/2004/08/events/event'><System><Provider Name='Microsoft-Windows-Security-Auditing' Guid='{54849625-5478-4994-a5ba-3e3b0328c30d}'/><EventID>4648</EventID><Version>0</Version><Level>0</Level><Task>12544</Task><Opcode>0</Opcode><Keywords>0x8020000000000000</Keywords><TimeCreated SystemTime='2023-01-28T06:43:44.384Z'/><EventRecordID>176259066</EventRecordID><Correlation/><Execution ProcessID='740' ThreadID='5340'/><Channel>Security</Channel><Computer>CA-AS-DC1.centralazeri.org</Computer><Security/></System><EventData><Data Name='SubjectUserSid'>S-1-5-18</Data><Data Name='SubjectUserName'>CA-AS-DC1$</Data><Data Name='SubjectDomainName'>CENTRALAZERI</Data><Data Name='SubjectLogonId'>0x3e7</Data><Data Name='LogonGuid'>{00000000-0000-0000-0000-000000000000}</Data><Data Name='TargetUserName'>CA-AS-DC1$</Data><Data Name='TargetDomainName'>CENTRALAZERI.ORG</Data><Data Name='LogonGuid'>{B6FE93E2-DBC3-9573-7F07-54B538189EE9}</Data><Data Name='TargetServerName'>ca-as-dc1$</Data><Data Name='TargetInfo'>ca-as-dc1$</Data><Data Name='ProcessId'>0x7a8</Data><Data Name='ProcessName'>C:\Windows\System32\taskeng.exe</Data><Data Name='IpAddress'>-</Data><Data Name='IpPort'>-</Data></EventData></Event>
<Event xmlns='http://schemas.microsoft.com/win/2004/08/events/event'><System><Provider Name='Microsoft-Windows-Security-Auditing' Guid='{54849625-5478-4994-a5ba-3e3b0328c30d}'/><EventID>4648</EventID><Version>0</Version><Level>0</Level><Task>12544</Task><Opcode>0</Opcode><Keywords>0x8020000000000000</Keywords><TimeCreated SystemTime='2023-01-28T08:33:41.635Z'/><EventRecordID>176260471</EventRecordID><Correlation/><Execution ProcessID='740' ThreadID='8128'/><Channel>Security</Channel><Computer>CA-AS-DC1.centralazeri.org</Computer><Security/></System><EventData><Data Name='SubjectUserSid'>S-1-5-18</Data><Data Name='SubjectUserName'>CA-AS-DC1$</Data><Data Name='SubjectDomainName'>CENTRALAZERI</Data><Data Name='SubjectLogonId'>0x3e7</Data><Data Name='LogonGuid'>{00000000-0000-0000-0000-000000000000}</Data><Data Name='TargetUserName'>SYSTEM</Data><Data Name='TargetDomainName'>NT AUTHORITY</Data><Data Name='LogonGuid'>{00000000-0000-0000-0000-000000000000}</Data><Data Name='TargetServerName'>localhost</Data><Data Name='TargetInfo'>localhost</Data><Data Name='ProcessId'>0x2d8</Data><Data Name='ProcessName'>C:\Windows\System32\services.exe</Data><Data Name='IpAddress'>-</Data><Data Name='IpPort'>-</Data></EventData></Event>
<Event xmlns='http://schemas.microsoft.com/win/2004/08/events/event'><System><Provider Name='Microsoft-Windows-Security-Auditing' Guid='{54849625-5478-4994-a5ba-3e3b0328c30d}'/><EventID>4648</EventID><Version>0</Version><Level>0</Level><Task>12544</Task><Opcode>0</Opcode><Keywords>0x8020000000000000</Keywords><TimeCreated SystemTime='2023-01-28T12:17:53.675Z'/><EventRecordID>176262808</EventRecordID><Correlation/><Execution ProcessID='740' ThreadID='8128'/><Channel>Security</Channel><Computer>CA-AS-DC1.centralazeri.org</Computer><Security/></System><EventData><Data Name='SubjectUserSid'>S-1-5-18</Data><Data Name='SubjectUserName'>CA-AS-DC1$</Data><Data Name='SubjectDomainName'>CENTRALAZERI</Data><Data Name='SubjectLogonId'>0x3e7</Data><Data Name='LogonGuid'>{00000000-0000-0000-0000-000000000000}</Data><Data Name='TargetUserName'>SYSTEM</Data><Data Name='TargetDomainName'>NT AUTHORITY</Data><Data Name='LogonGuid'>{00000000-0000-0000-0000-000000000000}</Data><Data Name='TargetServerName'>localhost</Data><Data Name='TargetInfo'>localhost</Data><Data Name='ProcessId'>0x2d8</Data><Data Name='ProcessName'>C:\Windows\System32\services.exe</Data><Data Name='IpAddress'>-</Data><Data Name='IpPort'>-</Data></EventData></Event>
<Event xmlns='http://schemas.microsoft.com/win/2004/08/events/event'><System><Provider Name='Microsoft-Windows-Security-Auditing' Guid='{54849625-5478-4994-a5ba-3e3b0328c30d}'/><EventID>4648</EventID><Version>0</Version><Level>0</Level><Task>12544</Task><Opcode>0</Opcode><Keywords>0x8020000000000000</Keywords><TimeCreated SystemTime='2023-01-28T14:43:44.920Z'/><EventRecordID>176264453</EventRecordID><Correlation/><Execution ProcessID='740' ThreadID='2640'/><Channel>Security</Channel><Computer>CA-AS-DC1.centralazeri.org</Computer><Security/></System><EventData><Data Name='SubjectUserSid'>S-1-5-18</Data><Data Name='SubjectUserName'>CA-AS-DC1$</Data><Data Name='SubjectDomainName'>CENTRALAZERI</Data><Data Name='SubjectLogonId'>0x3e7</Data><Data Name='LogonGuid'>{00000000-0000-0000-0000-000000000000}</Data><Data Name='TargetUserName'>CA-AS-DC1$</Data><Data Name='TargetDomainName'>CENTRALAZERI.ORG</Data><Data Name='LogonGuid'>{C67F0DD1-E99B-D356-FDF8-B473DA41DAC5}</Data><Data Name='TargetServerName'>ca-as-dc1$</Data><Data Name='TargetInfo'>ca-as-dc1$</Data><Data Name='ProcessId'>0x7a8</Data><Data Name='ProcessName'>C:\Windows\System32\taskeng.exe</Data><Data Name='IpAddress'>-</Data><Data Name='IpPort'>-</Data></EventData></Event>
<Event xmlns='http://schemas.microsoft.com/win/2004/08/events/event'><System><Provider Name='Microsoft-Windows-Security-Auditing' Guid='{54849625-5478-4994-a5ba-3e3b0328c30d}'/><EventID>4648</EventID><Version>0</Version><Level>0</Level><Task>12544</Task><Opcode>0</Opcode><Keywords>0x8020000000000000</Keywords><TimeCreated SystemTime='2023-01-28T14:43:44.982Z'/><EventRecordID>176264462</EventRecordID><Correlation/><Execution ProcessID='740' ThreadID='8128'/><Channel>Security</Channel><Computer>CA-AS-DC1.centralazeri.org</Computer><Security/></System><EventData><Data Name='SubjectUserSid'>S-1-5-18</Data><Data Name='SubjectUserName'>CA-AS-DC1$</Data><Data Name='SubjectDomainName'>CENTRALAZERI</Data><Data Name='SubjectLogonId'>0x3e7</Data><Data Name='LogonGuid'>{00000000-0000-0000-0000-000000000000}</Data><Data Name='TargetUserName'>CA-AS-DC1$</Data><Data Name='TargetDomainName'>CENTRALAZERI.ORG</Data><Data Name='LogonGuid'>{C67F0DD1-E99B-D356-FDF8-B473DA41DAC5}</Data><Data Name='TargetServerName'>ca-as-dc1$</Data><Data Name='TargetInfo'>ca-as-dc1$</Data><Data Name='ProcessId'>0x7a8</Data><Data Name='ProcessName'>C:\Windows\System32\taskeng.exe</Data><Data Name='IpAddress'>-</Data><Data Name='IpPort'>-</Data></EventData></Event>
<Event xmlns='http://schemas.microsoft.com/win/2004/08/events/event'><System><Provider Name='Microsoft-Windows-Security-Auditing' Guid='{54849625-5478-4994-a5ba-3e3b0328c30d}'/><EventID>4648</EventID><Version>0</Version><Level>0</Level><Task>12544</Task><Opcode>0</Opcode><Keywords>0x8020000000000000</Keywords><TimeCreated SystemTime='2023-01-28T14:43:45.029Z'/><EventRecordID>176264467</EventRecordID><Correlation/><Execution ProcessID='740' ThreadID='9572'/><Channel>Security</Channel><Computer>CA-AS-DC1.centralazeri.org</Computer><Security/></System><EventData><Data Name='SubjectUserSid'>S-1-5-18</Data><Data Name='SubjectUserName'>CA-AS-DC1$</Data><Data Name='SubjectDomainName'>CENTRALAZERI</Data><Data Name='SubjectLogonId'>0x3e7</Data><Data Name='LogonGuid'>{00000000-0000-0000-0000-000000000000}</Data><Data Name='TargetUserName'>CA-AS-DC1$</Data><Data Name='TargetDomainName'>CENTRALAZERI.ORG</Data><Data Name='LogonGuid'>{99AC0D0A-1B3C-5517-D17D-D00DFB69BE5B}</Data><Data Name='TargetServerName'>ca-as-dc1$</Data><Data Name='TargetInfo'>ca-as-dc1$</Data><Data Name='ProcessId'>0x7a8</Data><Data Name='ProcessName'>C:\Windows\System32\taskeng.exe</Data><Data Name='IpAddress'>-</Data><Data Name='IpPort'>-</Data></EventData></Event>
<Event xmlns='http://schemas.microsoft.com/win/2004/08/events/event'><System><Provider Name='Microsoft-Windows-Security-Auditing' Guid='{54849625-5478-4994-a5ba-3e3b0328c30d}'/><EventID>4648</EventID><Version>0</Version><Level>0</Level><Task>12544</Task><Opcode>0</Opcode><Keywords>0x8020000000000000</Keywords><TimeCreated SystemTime='2023-01-28T14:43:45.076Z'/><EventRecordID>176264474</EventRecordID><Correlation/><Execution ProcessID='740' ThreadID='1192'/><Channel>Security</Channel><Computer>CA-AS-DC1.centralazeri.org</Computer><Security/></System><EventData><Data Name='SubjectUserSid'>S-1-5-18</Data><Data Name='SubjectUserName'>CA-AS-DC1$</Data><Data Name='SubjectDomainName'>CENTRALAZERI</Data><Data Name='SubjectLogonId'>0x3e7</Data><Data Name='LogonGuid'>{00000000-0000-0000-0000-000000000000}</Data><Data Name='TargetUserName'>CA-AS-DC1$</Data><Data Name='TargetDomainName'>CENTRALAZERI.ORG</Data><Data Name='LogonGuid'>{99AC0D0A-1B3C-5517-D17D-D00DFB69BE5B}</Data><Data Name='TargetServerName'>ca-as-dc1$</Data><Data Name='TargetInfo'>ca-as-dc1$</Data><Data Name='ProcessId'>0x7a8</Data><Data Name='ProcessName'>C:\Windows\System32\taskeng.exe</Data><Data Name='IpAddress'>-</Data><Data Name='IpPort'>-</Data></EventData></Event>
<Event xmlns='http://schemas.microsoft.com/win/2004/08/events/event'><System><Provider Name='Microsoft-Windows-Security-Auditing' Guid='{54849625-5478-4994-a5ba-3e3b0328c30d}'/><EventID>4648</EventID><Version>0</Version><Level>0</Level><Task>12544</Task><Opcode>0</Opcode><Keywords>0x8020000000000000</Keywords><TimeCreated SystemTime='2023-01-28T16:15:40.033Z'/><EventRecordID>176265260</EventRecordID><Correlation/><Execution ProcessID='740' ThreadID='9572'/><Channel>Security</Channel><Computer>CA-AS-DC1.centralazeri.org</Computer><Security/></System><EventData><Data Name='SubjectUserSid'>S-1-5-18</Data><Data Name='SubjectUserName'>CA-AS-DC1$</Data><Data Name='SubjectDomainName'>CENTRALAZERI</Data><Data Name='SubjectLogonId'>0x3e7</Data><Data Name='LogonGuid'>{00000000-0000-0000-0000-000000000000}</Data><Data Name='TargetUserName'>SYSTEM</Data><Data Name='TargetDomainName'>NT AUTHORITY</Data><Data Name='LogonGuid'>{00000000-0000-0000-0000-000000000000}</Data><Data Name='TargetServerName'>localhost</Data><Data Name='TargetInfo'>localhost</Data><Data Name='ProcessId'>0x2d8</Data><Data Name='ProcessName'>C:\Windows\System32\services.exe</Data><Data Name='IpAddress'>-</Data><Data Name='IpPort'>-</Data></EventData></Event>
<Event xmlns='http://schemas.microsoft.com/win/2004/08/events/event'><System><Provider Name='Microsoft-Windows-Security-Auditing' Guid='{54849625-5478-4994-a5ba-3e3b0328c30d}'/><EventID>4648</EventID><Version>0</Version><Level>0</Level><Task>12544</Task><Opcode>0</Opcode><Keywords>0x8020000000000000</Keywords><TimeCreated SystemTime='2023-01-28T20:12:04.445Z'/><EventRecordID>176267773</EventRecordID><Correlation/><Execution ProcessID='740' ThreadID='864'/><Channel>Security</Channel><Computer>CA-AS-DC1.centralazeri.org</Computer><Security/></System><EventData><Data Name='SubjectUserSid'>S-1-5-18</Data><Data Name='SubjectUserName'>CA-AS-DC1$</Data><Data Name='SubjectDomainName'>CENTRALAZERI</Data><Data Name='SubjectLogonId'>0x3e7</Data><Data Name='LogonGuid'>{00000000-0000-0000-0000-000000000000}</Data><Data Name='TargetUserName'>SYSTEM</Data><Data Name='TargetDomainName'>NT AUTHORITY</Data><Data Name='LogonGuid'>{00000000-0000-0000-0000-000000000000}</Data><Data Name='TargetServerName'>localhost</Data><Data Name='TargetInfo'>localhost</Data><Data Name='ProcessId'>0x2d8</Data><Data Name='ProcessName'>C:\Windows\System32\services.exe</Data><Data Name='IpAddress'>-</Data><Data Name='IpPort'>-</Data></EventData></Event>
<Event xmlns='http://schemas.microsoft.com/win/2004/08/events/event'><System><Provider Name='Microsoft-Windows-Security-Auditing' Guid='{54849625-5478-4994-a5ba-3e3b0328c30d}'/><EventID>4648</EventID><Version>0</Version><Level>0</Level><Task>12544</Task><Opcode>0</Opcode><Keywords>0x8020000000000000</Keywords><TimeCreated SystemTime='2023-01-28T22:43:45.681Z'/><EventRecordID>176269570</EventRecordID><Correlation/><Execution ProcessID='740' ThreadID='864'/><Channel>Security</Channel><Computer>CA-AS-DC1.centralazeri.org</Computer><Security/></System><EventData><Data Name='SubjectUserSid'>S-1-5-18</Data><Data Name='SubjectUserName'>CA-AS-DC1$</Data><Data Name='SubjectDomainName'>CENTRALAZERI</Data><Data Name='SubjectLogonId'>0x3e7</Data><Data Name='LogonGuid'>{00000000-0000-0000-0000-000000000000}</Data><Data Name='TargetUserName'>CA-AS-DC1$</Data><Data Name='TargetDomainName'>CENTRALAZERI.ORG</Data><Data Name='LogonGuid'>{B9FC5E93-97B5-05A0-5064-3246C42F472A}</Data><Data Name='TargetServerName'>ca-as-dc1$</Data><Data Name='TargetInfo'>ca-as-dc1$</Data><Data Name='ProcessId'>0x7a8</Data><Data Name='ProcessName'>C:\Windows\System32\taskeng.exe</Data><Data Name='IpAddress'>-</Data><Data Name='IpPort'>-</Data></EventData></Event>
<Event xmlns='http://schemas.microsoft.com/win/2004/08/events/event'><System><Provider Name='Microsoft-Windows-Security-Auditing' Guid='{54849625-5478-4994-a5ba-3e3b0328c30d}'/><EventID>4648</EventID><Version>0</Version><Level>0</Level><Task>12544</Task><Opcode>0</Opcode><Keywords>0x8020000000000000</Keywords><TimeCreated SystemTime='2023-01-28T22:43:45.759Z'/><EventRecordID>176269578</EventRecordID><Correlation/><Execution ProcessID='740' ThreadID='8128'/><Channel>Security</Channel><Computer>CA-AS-DC1.centralazeri.org</Computer><Security/></System><EventData><Data Name='SubjectUserSid'>S-1-5-18</Data><Data Name='SubjectUserName'>CA-AS-DC1$</Data><Data Name='SubjectDomainName'>CENTRALAZERI</Data><Data Name='SubjectLogonId'>0x3e7</Data><Data Name='LogonGuid'>{00000000-0000-0000-0000-000000000000}</Data><Data Name='TargetUserName'>CA-AS-DC1$</Data><Data Name='TargetDomainName'>CENTRALAZERI.ORG</Data><Data Name='LogonGuid'>{B9FC5E93-97B5-05A0-5064-3246C42F472A}</Data><Data Name='TargetServerName'>ca-as-dc1$</Data><Data Name='TargetInfo'>ca-as-dc1$</Data><Data Name='ProcessId'>0x7a8</Data><Data Name='ProcessName'>C:\Windows\System32\taskeng.exe</Data><Data Name='IpAddress'>-</Data><Data Name='IpPort'>-</Data></EventData></Event>
<Event xmlns='http://schemas.microsoft.com/win/2004/08/events/event'><System><Provider Name='Microsoft-Windows-Security-Auditing' Guid='{54849625-5478-4994-a5ba-3e3b0328c30d}'/><EventID>4648</EventID><Version>0</Version><Level>0</Level><Task>12544</Task><Opcode>0</Opcode><Keywords>0x8020000000000000</Keywords><TimeCreated SystemTime='2023-01-28T22:43:45.822Z'/><EventRecordID>176269584</EventRecordID><Correlation/><Execution ProcessID='740' ThreadID='5340'/><Channel>Security</Channel><Computer>CA-AS-DC1.centralazeri.org</Computer><Security/></System><EventData><Data Name='SubjectUserSid'>S-1-5-18</Data><Data Name='SubjectUserName'>CA-AS-DC1$</Data><Data Name='SubjectDomainName'>CENTRALAZERI</Data><Data Name='SubjectLogonId'>0x3e7</Data><Data Name='LogonGuid'>{00000000-0000-0000-0000-000000000000}</Data><Data Name='TargetUserName'>CA-AS-DC1$</Data><Data Name='TargetDomainName'>CENTRALAZERI.ORG</Data><Data Name='LogonGuid'>{B9FC5E93-97B5-05A0-5064-3246C42F472A}</Data><Data Name='TargetServerName'>ca-as-dc1$</Data><Data Name='TargetInfo'>ca-as-dc1$</Data><Data Name='ProcessId'>0x7a8</Data><Data Name='ProcessName'>C:\Windows\System32\taskeng.exe</Data><Data Name='IpAddress'>-</Data><Data Name='IpPort'>-</Data></EventData></Event>
<Event xmlns='http://schemas.microsoft.com/win/2004/08/events/event'><System><Provider Name='Microsoft-Windows-Security-Auditing' Guid='{54849625-5478-4994-a5ba-3e3b0328c30d}'/><EventID>4648</EventID><Version>0</Version><Level>0</Level><Task>12544</Task><Opcode>0</Opcode><Keywords>0x8020000000000000</Keywords><TimeCreated SystemTime='2023-01-28T22:43:45.900Z'/><EventRecordID>176269593</EventRecordID><Correlation/><Execution ProcessID='740' ThreadID='1192'/><Channel>Security</Channel><Computer>CA-AS-DC1.centralazeri.org</Computer><Security/></System><EventData><Data Name='SubjectUserSid'>S-1-5-18</Data><Data Name='SubjectUserName'>CA-AS-DC1$</Data><Data Name='SubjectDomainName'>CENTRALAZERI</Data><Data Name='SubjectLogonId'>0x3e7</Data><Data Name='LogonGuid'>{00000000-0000-0000-0000-000000000000}</Data><Data Name='TargetUserName'>CA-AS-DC1$</Data><Data Name='TargetDomainName'>CENTRALAZERI.ORG</Data><Data Name='LogonGuid'>{B9FC5E93-97B5-05A0-5064-3246C42F472A}</Data><Data Name='TargetServerName'>ca-as-dc1$</Data><Data Name='TargetInfo'>ca-as-dc1$</Data><Data Name='ProcessId'>0x7a8</Data><Data Name='ProcessName'>C:\Windows\System32\taskeng.exe</Data><Data Name='IpAddress'>-</Data><Data Name='IpPort'>-</Data></EventData></Event>
<Event xmlns='http://schemas.microsoft.com/win/2004/08/events/event'><System><Provider Name='Microsoft-Windows-Security-Auditing' Guid='{54849625-5478-4994-a5ba-3e3b0328c30d}'/><EventID>4648</EventID><Version>0</Version><Level>0</Level><Task>12544</Task><Opcode>0</Opcode><Keywords>0x8020000000000000</Keywords><TimeCreated SystemTime='2023-01-29T00:05:18.643Z'/><EventRecordID>176270430</EventRecordID><Correlation/><Execution ProcessID='740' ThreadID='5340'/><Channel>Security</Channel><Computer>CA-AS-DC1.centralazeri.org</Computer><Security/></System><EventData><Data Name='SubjectUserSid'>S-1-5-18</Data><Data Name='SubjectUserName'>CA-AS-DC1$</Data><Data Name='SubjectDomainName'>CENTRALAZERI</Data><Data Name='SubjectLogonId'>0x3e7</Data><Data Name='LogonGuid'>{00000000-0000-0000-0000-000000000000}</Data><Data Name='TargetUserName'>SYSTEM</Data><Data Name='TargetDomainName'>NT AUTHORITY</Data><Data Name='LogonGuid'>{00000000-0000-0000-0000-000000000000}</Data><Data Name='TargetServerName'>localhost</Data><Data Name='TargetInfo'>localhost</Data><Data Name='ProcessId'>0x2d8</Data><Data Name='ProcessName'>C:\Windows\System32\services.exe</Data><Data Name='IpAddress'>-</Data><Data Name='IpPort'>-</Data></EventData></Event>
<Event xmlns='http://schemas.microsoft.com/win/2004/08/events/event'><System><Provider Name='Microsoft-Windows-Security-Auditing' Guid='{54849625-5478-4994-a5ba-3e3b0328c30d}'/><EventID>4648</EventID><Version>0</Version><Level>0</Level><Task>12544</Task><Opcode>0</Opcode><Keywords>0x8020000000000000</Keywords><TimeCreated SystemTime='2023-01-29T03:00:00.039Z'/><EventRecordID>176272807</EventRecordID><Correlation/><Execution ProcessID='740' ThreadID='864'/><Channel>Security</Channel><Computer>CA-AS-DC1.centralazeri.org</Computer><Security/></System><EventData><Data Name='SubjectUserSid'>S-1-5-18</Data><Data Name='SubjectUserName'>CA-AS-DC1$</Data><Data Name='SubjectDomainName'>CENTRALAZERI</Data><Data Name='SubjectLogonId'>0x3e7</Data><Data Name='LogonGuid'>{00000000-0000-0000-0000-000000000000}</Data><Data Name='TargetUserName'>caadmin130167abb</Data><Data Name='TargetDomainName'>CENTRALAZERI</Data><Data Name='LogonGuid'>{54A0AF91-6FDB-5833-D6AC-4521189B74B0}</Data><Data Name='TargetServerName'>localhost</Data><Data Name='TargetInfo'>localhost</Data><Data Name='ProcessId'>0x510</Data><Data Name='ProcessName'>C:\Windows\System32\svchost.exe</Data><Data Name='IpAddress'>-</Data><Data Name='IpPort'>-</Data></EventData></Event>
<Event xmlns='http://schemas.microsoft.com/win/2004/08/events/event'><System><Provider Name='Microsoft-Windows-Security-Auditing' Guid='{54849625-5478-4994-a5ba-3e3b0328c30d}'/><EventID>4648</EventID><Version>0</Version><Level>0</Level><Task>12544</Task><Opcode>0</Opcode><Keywords>0x8020000000000000</Keywords><TimeCreated SystemTime='2023-01-29T04:06:57.746Z'/><EventRecordID>176273550</EventRecordID><Correlation/><Execution ProcessID='740' ThreadID='8128'/><Channel>Security</Channel><Computer>CA-AS-DC1.centralazeri.org</Computer><Security/></System><EventData><Data Name='SubjectUserSid'>S-1-5-18</Data><Data Name='SubjectUserName'>CA-AS-DC1$</Data><Data Name='SubjectDomainName'>CENTRALAZERI</Data><Data Name='SubjectLogonId'>0x3e7</Data><Data Name='LogonGuid'>{00000000-0000-0000-0000-000000000000}</Data><Data Name='TargetUserName'>SYSTEM</Data><Data Name='TargetDomainName'>NT AUTHORITY</Data><Data Name='LogonGuid'>{00000000-0000-0000-0000-000000000000}</Data><Data Name='TargetServerName'>localhost</Data><Data Name='TargetInfo'>localhost</Data><Data Name='ProcessId'>0x2d8</Data><Data Name='ProcessName'>C:\Windows\System32\services.exe</Data><Data Name='IpAddress'>-</Data><Data Name='IpPort'>-</Data></EventData></Event>
<Event xmlns='http://schemas.microsoft.com/win/2004/08/events/event'><System><Provider Name='Microsoft-Windows-Security-Auditing' Guid='{54849625-5478-4994-a5ba-3e3b0328c30d}'/><EventID>4648</EventID><Version>0</Version><Level>0</Level><Task>12544</Task><Opcode>0</Opcode><Keywords>0x8020000000000000</Keywords><TimeCreated SystemTime='2023-01-29T06:43:46.221Z'/><EventRecordID>176275735</EventRecordID><Correlation/><Execution ProcessID='740' ThreadID='1192'/><Channel>Security</Channel><Computer>CA-AS-DC1.centralazeri.org</Computer><Security/></System><EventData><Data Name='SubjectUserSid'>S-1-5-18</Data><Data Name='SubjectUserName'>CA-AS-DC1$</Data><Data Name='SubjectDomainName'>CENTRALAZERI</Data><Data Name='SubjectLogonId'>0x3e7</Data><Data Name='LogonGuid'>{00000000-0000-0000-0000-000000000000}</Data><Data Name='TargetUserName'>CA-AS-DC1$</Data><Data Name='TargetDomainName'>CENTRALAZERI.ORG</Data><Data Name='LogonGuid'>{7A7288E0-FA26-5C1E-5006-70F0A078BF7D}</Data><Data Name='TargetServerName'>ca-as-dc1$</Data><Data Name='TargetInfo'>ca-as-dc1$</Data><Data Name='ProcessId'>0x7a8</Data><Data Name='ProcessName'>C:\Windows\System32\taskeng.exe</Data><Data Name='IpAddress'>-</Data><Data Name='IpPort'>-</Data></EventData></Event>
<Event xmlns='http://schemas.microsoft.com/win/2004/08/events/event'><System><Provider Name='Microsoft-Windows-Security-Auditing' Guid='{54849625-5478-4994-a5ba-3e3b0328c30d}'/><EventID>4648</EventID><Version>0</Version><Level>0</Level><Task>12544</Task><Opcode>0</Opcode><Keywords>0x8020000000000000</Keywords><TimeCreated SystemTime='2023-01-29T06:43:46.268Z'/><EventRecordID>176275742</EventRecordID><Correlation/><Execution ProcessID='740' ThreadID='9572'/><Channel>Security</Channel><Computer>CA-AS-DC1.centralazeri.org</Computer><Security/></System><EventData><Data Name='SubjectUserSid'>S-1-5-18</Data><Data Name='SubjectUserName'>CA-AS-DC1$</Data><Data Name='SubjectDomainName'>CENTRALAZERI</Data><Data Name='SubjectLogonId'>0x3e7</Data><Data Name='LogonGuid'>{00000000-0000-0000-0000-000000000000}</Data><Data Name='TargetUserName'>CA-AS-DC1$</Data><Data Name='TargetDomainName'>CENTRALAZERI.ORG</Data><Data Name='LogonGuid'>{7A7288E0-FA26-5C1E-5006-70F0A078BF7D}</Data><Data Name='TargetServerName'>ca-as-dc1$</Data><Data Name='TargetInfo'>ca-as-dc1$</Data><Data Name='ProcessId'>0x7a8</Data><Data Name='ProcessName'>C:\Windows\System32\taskeng.exe</Data><Data Name='IpAddress'>-</Data><Data Name='IpPort'>-</Data></EventData></Event>
<Event xmlns='http://schemas.microsoft.com/win/2004/08/events/event'><System><Provider Name='Microsoft-Windows-Security-Auditing' Guid='{54849625-5478-4994-a5ba-3e3b0328c30d}'/><EventID>4648</EventID><Version>0</Version><Level>0</Level><Task>12544</Task><Opcode>0</Opcode><Keywords>0x8020000000000000</Keywords><TimeCreated SystemTime='2023-01-29T06:43:46.331Z'/><EventRecordID>176275750</EventRecordID><Correlation/><Execution ProcessID='740' ThreadID='5340'/><Channel>Security</Channel><Computer>CA-AS-DC1.centralazeri.org</Computer><Security/></System><EventData><Data Name='SubjectUserSid'>S-1-5-18</Data><Data Name='SubjectUserName'>CA-AS-DC1$</Data><Data Name='SubjectDomainName'>CENTRALAZERI</Data><Data Name='SubjectLogonId'>0x3e7</Data><Data Name='LogonGuid'>{00000000-0000-0000-0000-000000000000}</Data><Data Name='TargetUserName'>CA-AS-DC1$</Data><Data Name='TargetDomainName'>CENTRALAZERI.ORG</Data><Data Name='LogonGuid'>{7A7288E0-FA26-5C1E-5006-70F0A078BF7D}</Data><Data Name='TargetServerName'>ca-as-dc1$</Data><Data Name='TargetInfo'>ca-as-dc1$</Data><Data Name='ProcessId'>0x7a8</Data><Data Name='ProcessName'>C:\Windows\System32\taskeng.exe</Data><Data Name='IpAddress'>-</Data><Data Name='IpPort'>-</Data></EventData></Event>
<Event xmlns='http://schemas.microsoft.com/win/2004/08/events/event'><System><Provider Name='Microsoft-Windows-Security-Auditing' Guid='{54849625-5478-4994-a5ba-3e3b0328c30d}'/><EventID>4648</EventID><Version>0</Version><Level>0</Level><Task>12544</Task><Opcode>0</Opcode><Keywords>0x8020000000000000</Keywords><TimeCreated SystemTime='2023-01-29T06:43:46.377Z'/><EventRecordID>176275757</EventRecordID><Correlation/><Execution ProcessID='740' ThreadID='2640'/><Channel>Security</Channel><Computer>CA-AS-DC1.centralazeri.org</Computer><Security/></System><EventData><Data Name='SubjectUserSid'>S-1-5-18</Data><Data Name='SubjectUserName'>CA-AS-DC1$</Data><Data Name='SubjectDomainName'>CENTRALAZERI</Data><Data Name='SubjectLogonId'>0x3e7</Data><Data Name='LogonGuid'>{00000000-0000-0000-0000-000000000000}</Data><Data Name='TargetUserName'>CA-AS-DC1$</Data><Data Name='TargetDomainName'>CENTRALAZERI.ORG</Data><Data Name='LogonGuid'>{7A7288E0-FA26-5C1E-5006-70F0A078BF7D}</Data><Data Name='TargetServerName'>ca-as-dc1$</Data><Data Name='TargetInfo'>ca-as-dc1$</Data><Data Name='ProcessId'>0x7a8</Data><Data Name='ProcessName'>C:\Windows\System32\taskeng.exe</Data><Data Name='IpAddress'>-</Data><Data Name='IpPort'>-</Data></EventData></Event>
<Event xmlns='http://schemas.microsoft.com/win/2004/08/events/event'><System><Provider Name='Microsoft-Windows-Security-Auditing' Guid='{54849625-5478-4994-a5ba-3e3b0328c30d}'/><EventID>4648</EventID><Version>0</Version><Level>0</Level><Task>12544</Task><Opcode>0</Opcode><Keywords>0x8020000000000000</Keywords><TimeCreated SystemTime='2023-01-29T07:33:32.262Z'/><EventRecordID>176276316</EventRecordID><Correlation/><Execution ProcessID='740' ThreadID='2640'/><Channel>Security</Channel><Computer>CA-AS-DC1.centralazeri.org</Computer><Security/></System><EventData><Data Name='SubjectUserSid'>S-1-5-18</Data><Data Name='SubjectUserName'>CA-AS-DC1$</Data><Data Name='SubjectDomainName'>CENTRALAZERI</Data><Data Name='SubjectLogonId'>0x3e7</Data><Data Name='LogonGuid'>{00000000-0000-0000-0000-000000000000}</Data><Data Name='TargetUserName'>SYSTEM</Data><Data Name='TargetDomainName'>NT AUTHORITY</Data><Data Name='LogonGuid'>{00000000-0000-0000-0000-000000000000}</Data><Data Name='TargetServerName'>localhost</Data><Data Name='TargetInfo'>localhost</Data><Data Name='ProcessId'>0x2d8</Data><Data Name='ProcessName'>C:\Windows\System32\services.exe</Data><Data Name='IpAddress'>-</Data><Data Name='IpPort'>-</Data></EventData></Event>
<Event xmlns='http://schemas.microsoft.com/win/2004/08/events/event'><System><Provider Name='Microsoft-Windows-Security-Auditing' Guid='{54849625-5478-4994-a5ba-3e3b0328c30d}'/><EventID>4648</EventID><Version>0</Version><Level>0</Level><Task>12544</Task><Opcode>0</Opcode><Keywords>0x8020000000000000</Keywords><TimeCreated SystemTime='2023-01-29T11:27:28.124Z'/><EventRecordID>176279092</EventRecordID><Correlation/><Execution ProcessID='740' ThreadID='5340'/><Channel>Security</Channel><Computer>CA-AS-DC1.centralazeri.org</Computer><Security/></System><EventData><Data Name='SubjectUserSid'>S-1-5-18</Data><Data Name='SubjectUserName'>CA-AS-DC1$</Data><Data Name='SubjectDomainName'>CENTRALAZERI</Data><Data Name='SubjectLogonId'>0x3e7</Data><Data Name='LogonGuid'>{00000000-0000-0000-0000-000000000000}</Data><Data Name='TargetUserName'>SYSTEM</Data><Data Name='TargetDomainName'>NT AUTHORITY</Data><Data Name='LogonGuid'>{00000000-0000-0000-0000-000000000000}</Data><Data Name='TargetServerName'>localhost</Data><Data Name='TargetInfo'>localhost</Data><Data Name='ProcessId'>0x2d8</Data><Data Name='ProcessName'>C:\Windows\System32\services.exe</Data><Data Name='IpAddress'>-</Data><Data Name='IpPort'>-</Data></EventData></Event>
<Event xmlns='http://schemas.microsoft.com/win/2004/08/events/event'><System><Provider Name='Microsoft-Windows-Security-Auditing' Guid='{54849625-5478-4994-a5ba-3e3b0328c30d}'/><EventID>4648</EventID><Version>0</Version><Level>0</Level><Task>12544</Task><Opcode>0</Opcode><Keywords>0x8020000000000000</Keywords><TimeCreated SystemTime='2023-01-29T14:43:46.890Z'/><EventRecordID>176281380</EventRecordID><Correlation/><Execution ProcessID='740' ThreadID='5340'/><Channel>Security</Channel><Computer>CA-AS-DC1.centralazeri.org</Computer><Security/></System><EventData><Data Name='SubjectUserSid'>S-1-5-18</Data><Data Name='SubjectUserName'>CA-AS-DC1$</Data><Data Name='SubjectDomainName'>CENTRALAZERI</Data><Data Name='SubjectLogonId'>0x3e7</Data><Data Name='LogonGuid'>{00000000-0000-0000-0000-000000000000}</Data><Data Name='TargetUserName'>CA-AS-DC1$</Data><Data Name='TargetDomainName'>CENTRALAZERI.ORG</Data><Data Name='LogonGuid'>{E8A6C86F-81AE-44DF-0DC1-BCF227B57C5B}</Data><Data Name='TargetServerName'>ca-as-dc1$</Data><Data Name='TargetInfo'>ca-as-dc1$</Data><Data Name='ProcessId'>0x7a8</Data><Data Name='ProcessName'>C:\Windows\System32\taskeng.exe</Data><Data Name='IpAddress'>-</Data><Data Name='IpPort'>-</Data></EventData></Event>
<Event xmlns='http://schemas.microsoft.com/win/2004/08/events/event'><System><Provider Name='Microsoft-Windows-Security-Auditing' Guid='{54849625-5478-4994-a5ba-3e3b0328c30d}'/><EventID>4648</EventID><Version>0</Version><Level>0</Level><Task>12544</Task><Opcode>0</Opcode><Keywords>0x8020000000000000</Keywords><TimeCreated SystemTime='2023-01-29T14:43:46.936Z'/><EventRecordID>176281386</EventRecordID><Correlation/><Execution ProcessID='740' ThreadID='864'/><Channel>Security</Channel><Computer>CA-AS-DC1.centralazeri.org</Computer><Security/></System><EventData><Data Name='SubjectUserSid'>S-1-5-18</Data><Data Name='SubjectUserName'>CA-AS-DC1$</Data><Data Name='SubjectDomainName'>CENTRALAZERI</Data><Data Name='SubjectLogonId'>0x3e7</Data><Data Name='LogonGuid'>{00000000-0000-0000-0000-000000000000}</Data><Data Name='TargetUserName'>CA-AS-DC1$</Data><Data Name='TargetDomainName'>CENTRALAZERI.ORG</Data><Data Name='LogonGuid'>{E8A6C86F-81AE-44DF-0DC1-BCF227B57C5B}</Data><Data Name='TargetServerName'>ca-as-dc1$</Data><Data Name='TargetInfo'>ca-as-dc1$</Data><Data Name='ProcessId'>0x7a8</Data><Data Name='ProcessName'>C:\Windows\System32\taskeng.exe</Data><Data Name='IpAddress'>-</Data><Data Name='IpPort'>-</Data></EventData></Event>
<Event xmlns='http://schemas.microsoft.com/win/2004/08/events/event'><System><Provider Name='Microsoft-Windows-Security-Auditing' Guid='{54849625-5478-4994-a5ba-3e3b0328c30d}'/><EventID>4648</EventID><Version>0</Version><Level>0</Level><Task>12544</Task><Opcode>0</Opcode><Keywords>0x8020000000000000</Keywords><TimeCreated SystemTime='2023-01-29T14:43:46.983Z'/><EventRecordID>176281391</EventRecordID><Correlation/><Execution ProcessID='740' ThreadID='9572'/><Channel>Security</Channel><Computer>CA-AS-DC1.centralazeri.org</Computer><Security/></System><EventData><Data Name='SubjectUserSid'>S-1-5-18</Data><Data Name='SubjectUserName'>CA-AS-DC1$</Data><Data Name='SubjectDomainName'>CENTRALAZERI</Data><Data Name='SubjectLogonId'>0x3e7</Data><Data Name='LogonGuid'>{00000000-0000-0000-0000-000000000000}</Data><Data Name='TargetUserName'>CA-AS-DC1$</Data><Data Name='TargetDomainName'>CENTRALAZERI.ORG</Data><Data Name='LogonGuid'>{E8A6C86F-81AE-44DF-0DC1-BCF227B57C5B}</Data><Data Name='TargetServerName'>ca-as-dc1$</Data><Data Name='TargetInfo'>ca-as-dc1$</Data><Data Name='ProcessId'>0x7a8</Data><Data Name='ProcessName'>C:\Windows\System32\taskeng.exe</Data><Data Name='IpAddress'>-</Data><Data Name='IpPort'>-</Data></EventData></Event>
<Event xmlns='http://schemas.microsoft.com/win/2004/08/events/event'><System><Provider Name='Microsoft-Windows-Security-Auditing' Guid='{54849625-5478-4994-a5ba-3e3b0328c30d}'/><EventID>4648</EventID><Version>0</Version><Level>0</Level><Task>12544</Task><Opcode>0</Opcode><Keywords>0x8020000000000000</Keywords><TimeCreated SystemTime='2023-01-29T14:43:47.030Z'/><EventRecordID>176281399</EventRecordID><Correlation/><Execution ProcessID='740' ThreadID='1192'/><Channel>Security</Channel><Computer>CA-AS-DC1.centralazeri.org</Computer><Security/></System><EventData><Data Name='SubjectUserSid'>S-1-5-18</Data><Data Name='SubjectUserName'>CA-AS-DC1$</Data><Data Name='SubjectDomainName'>CENTRALAZERI</Data><Data Name='SubjectLogonId'>0x3e7</Data><Data Name='LogonGuid'>{00000000-0000-0000-0000-000000000000}</Data><Data Name='TargetUserName'>CA-AS-DC1$</Data><Data Name='TargetDomainName'>CENTRALAZERI.ORG</Data><Data Name='LogonGuid'>{B491CBF8-8407-A30F-C1DE-942811D05705}</Data><Data Name='TargetServerName'>ca-as-dc1$</Data><Data Name='TargetInfo'>ca-as-dc1$</Data><Data Name='ProcessId'>0x7a8</Data><Data Name='ProcessName'>C:\Windows\System32\taskeng.exe</Data><Data Name='IpAddress'>-</Data><Data Name='IpPort'>-</Data></EventData></Event>
<Event xmlns='http://schemas.microsoft.com/win/2004/08/events/event'><System><Provider Name='Microsoft-Windows-Security-Auditing' Guid='{54849625-5478-4994-a5ba-3e3b0328c30d}'/><EventID>4648</EventID><Version>0</Version><Level>0</Level><Task>12544</Task><Opcode>0</Opcode><Keywords>0x8020000000000000</Keywords><TimeCreated SystemTime='2023-01-29T15:01:43.700Z'/><EventRecordID>176281603</EventRecordID><Correlation/><Execution ProcessID='740' ThreadID='5340'/><Channel>Security</Channel><Computer>CA-AS-DC1.centralazeri.org</Computer><Security/></System><EventData><Data Name='SubjectUserSid'>S-1-5-18</Data><Data Name='SubjectUserName'>CA-AS-DC1$</Data><Data Name='SubjectDomainName'>CENTRALAZERI</Data><Data Name='SubjectLogonId'>0x3e7</Data><Data Name='LogonGuid'>{00000000-0000-0000-0000-000000000000}</Data><Data Name='TargetUserName'>SYSTEM</Data><Data Name='TargetDomainName'>NT AUTHORITY</Data><Data Name='LogonGuid'>{00000000-0000-0000-0000-000000000000}</Data><Data Name='TargetServerName'>localhost</Data><Data Name='TargetInfo'>localhost</Data><Data Name='ProcessId'>0x2d8</Data><Data Name='ProcessName'>C:\Windows\System32\services.exe</Data><Data Name='IpAddress'>-</Data><Data Name='IpPort'>-</Data></EventData></Event>
<Event xmlns='http://schemas.microsoft.com/win/2004/08/events/event'><System><Provider Name='Microsoft-Windows-Security-Auditing' Guid='{54849625-5478-4994-a5ba-3e3b0328c30d}'/><EventID>4648</EventID><Version>0</Version><Level>0</Level><Task>12544</Task><Opcode>0</Opcode><Keywords>0x8020000000000000</Keywords><TimeCreated SystemTime='2023-01-29T18:57:12.990Z'/><EventRecordID>176284111</EventRecordID><Correlation/><Execution ProcessID='740' ThreadID='8128'/><Channel>Security</Channel><Computer>CA-AS-DC1.centralazeri.org</Computer><Security/></System><EventData><Data Name='SubjectUserSid'>S-1-5-18</Data><Data Name='SubjectUserName'>CA-AS-DC1$</Data><Data Name='SubjectDomainName'>CENTRALAZERI</Data><Data Name='SubjectLogonId'>0x3e7</Data><Data Name='LogonGuid'>{00000000-0000-0000-0000-000000000000}</Data><Data Name='TargetUserName'>SYSTEM</Data><Data Name='TargetDomainName'>NT AUTHORITY</Data><Data Name='LogonGuid'>{00000000-0000-0000-0000-000000000000}</Data><Data Name='TargetServerName'>localhost</Data><Data Name='TargetInfo'>localhost</Data><Data Name='ProcessId'>0x2d8</Data><Data Name='ProcessName'>C:\Windows\System32\services.exe</Data><Data Name='IpAddress'>-</Data><Data Name='IpPort'>-</Data></EventData></Event>
